<?xml version="1.0" encoding="utf-8"?><testsuites name="pytest tests"><testsuite name="pytest" errors="0" failures="0" skipped="0" tests="5" time="5.673" timestamp="2026-08-15T17:26:42.817017+00:00" hostname="b30c965c728b"><testcase classname="models.autoports.google_gemma_4_26b_a4b_it.tests.test_multichip_decoder" name="test_tp4_fused_all_gather_matmul_exact_residual_consumer_repro[blackhole-sliding_qkv_n5120-mesh_device0-device_params0]" time="1.958"><properties><property name="start_timestamp" value="2026-08-15T17:26:43" /><property name="end_timestamp" value="2026-08-15T17:26:45" /></properties></testcase><testcase classname="models.autoports.google_gemma_4_26b_a4b_it.tests.test_multichip_decoder" name="test_tp4_fused_all_gather_matmul_exact_residual_consumer_repro[blackhole-full_qkv_n8192-mesh_device0-device_params0]" time="0.946"><properties><property name="start_timestamp" value="2026-08-15T17:26:45" /><property name="end_timestamp" value="2026-08-15T17:26:46" /></properties></testcase><testcase classname="models.autoports.google_gemma_4_26b_a4b_it.tests.test_multichip_decoder" name="test_tp4_fused_all_gather_matmul_exact_residual_consumer_repro[blackhole-dense_gate_up_n4352-mesh_device0-device_params0]" time="0.726"><properties><property name="start_timestamp" value="2026-08-15T17:26:46" /><property name="end_timestamp" value="2026-08-15T17:26:47" /></properties></testcase><testcase classname="models.autoports.google_gemma_4_26b_a4b_it.tests.test_multichip_decoder" name="test_tp4_fused_all_gather_matmul_exact_residual_consumer_repro[blackhole-router_n128-mesh_device0-device_params0]" time="0.509"><properties><property name="start_timestamp" value="2026-08-15T17:26:47" /><property name="end_timestamp" value="2026-08-15T17:26:47" /></properties></testcase><testcase classname="models.autoports.google_gemma_4_26b_a4b_it.tests.test_multichip_decoder" name="test_tp4_fused_all_gather_matmul_exact_residual_consumer_repro[blackhole-fixed_expert_n768-mesh_device0-device_params0]" time="0.539"><properties><property name="start_timestamp" value="2026-08-15T17:26:47" /><property name="end_timestamp" value="2026-08-15T17:26:48" /></properties></testcase></testsuite></testsuites>
