<?xml version="1.0" encoding="utf-8"?><testsuites name="pytest tests"><testsuite name="pytest" errors="0" failures="0" skipped="0" tests="1" time="2.916" timestamp="2026-08-15T17:25:08.290723+00:00" hostname="b30c965c728b"><testcase classname="models.autoports.google_gemma_4_26b_a4b_it.tests.test_multichip_decoder" name="test_tp4_fused_all_gather_matmul_exact_residual_consumer_repro[blackhole-fixed_expert_n768-mesh_device0-device_params0]" time="1.939"><properties><property name="start_timestamp" value="2026-08-15T17:25:09" /><property name="end_timestamp" value="2026-08-15T17:25:11" /></properties></testcase></testsuite></testsuites>
