<?xml version="1.0" encoding="utf-8"?><testsuites name="pytest tests"><testsuite name="pytest" errors="0" failures="0" skipped="0" tests="91" time="466.676" timestamp="2026-08-12T01:15:37.814645-04:00" hostname="tt-quietbox"><testcase classname="models.autoports.meta_models_muse_glimmer_30b.tests.test_fused_decoder" name="test_prefill_pcc[1-sliding]" time="8.936"><properties><property name="start_timestamp" value="2026-08-12T01:15:44" /><property name="end_timestamp" value="2026-08-12T01:15:47" /></properties></testcase><testcase classname="models.autoports.meta_models_muse_glimmer_30b.tests.test_fused_decoder" name="test_prefill_pcc[1-full]" time="2.626"><properties><property name="start_timestamp" value="2026-08-12T01:15:47" /><property name="end_timestamp" value="2026-08-12T01:15:50" /></properties></testcase><testcase classname="models.autoports.meta_models_muse_glimmer_30b.tests.test_fused_decoder" name="test_prefill_pcc[100-sliding]" time="0.271"><properties><property name="start_timestamp" value="2026-08-12T01:15:50" /><property name="end_timestamp" value="2026-08-12T01:15:50" /></properties></testcase><testcase classname="models.autoports.meta_models_muse_glimmer_30b.tests.test_fused_decoder" name="test_prefill_pcc[100-full]" time="0.248"><properties><property name="start_timestamp" value="2026-08-12T01:15:50" /><property name="end_timestamp" value="2026-08-12T01:15:50" /></properties></testcase><testcase classname="models.autoports.meta_models_muse_glimmer_30b.tests.test_fused_decoder" name="test_prefill_pcc[128-sliding]" time="0.261"><properties><property name="start_timestamp" value="2026-08-12T01:15:50" /><property name="end_timestamp" value="2026-08-12T01:15:51" /></properties></testcase><testcase classname="models.autoports.meta_models_muse_glimmer_30b.tests.test_fused_decoder" name="test_prefill_pcc[128-full]" time="0.268"><properties><property name="start_timestamp" value="2026-08-12T01:15:51" /><property name="end_timestamp" value="2026-08-12T01:15:51" /></properties></testcase><testcase classname="models.autoports.meta_models_muse_glimmer_30b.tests.test_fused_decoder" name="test_prefill_pcc[2048-sliding]" time="1.362"><properties><property name="start_timestamp" value="2026-08-12T01:15:51" /><property name="end_timestamp" value="2026-08-12T01:15:52" /></properties></testcase><testcase classname="models.autoports.meta_models_muse_glimmer_30b.tests.test_fused_decoder" name="test_prefill_pcc[2048-full]" time="1.302"><properties><property name="start_timestamp" value="2026-08-12T01:15:52" /><property name="end_timestamp" value="2026-08-12T01:15:53" /></properties></testcase><testcase classname="models.autoports.meta_models_muse_glimmer_30b.tests.test_fused_decoder" name="test_prefill_pcc[2049-sliding]" time="1.368"><properties><property name="start_timestamp" value="2026-08-12T01:15:53" /><property name="end_timestamp" value="2026-08-12T01:15:55" /></properties></testcase><testcase classname="models.autoports.meta_models_muse_glimmer_30b.tests.test_fused_decoder" name="test_prefill_pcc[2049-full]" time="1.309"><properties><property name="start_timestamp" value="2026-08-12T01:15:55" /><property name="end_timestamp" value="2026-08-12T01:15:56" /></properties></testcase><testcase classname="models.autoports.meta_models_muse_glimmer_30b.tests.test_fused_decoder" name="test_prefill_pcc[4097-sliding]" time="2.870"><properties><property name="start_timestamp" value="2026-08-12T01:15:56" /><property name="end_timestamp" value="2026-08-12T01:15:59" /></properties></testcase><testcase classname="models.autoports.meta_models_muse_glimmer_30b.tests.test_fused_decoder" name="test_prefill_pcc[4097-full]" time="2.695"><properties><property name="start_timestamp" value="2026-08-12T01:15:59" /><property name="end_timestamp" value="2026-08-12T01:16:02" /></properties></testcase><testcase classname="models.autoports.meta_models_muse_glimmer_30b.tests.test_fused_decoder" name="test_prefill_pcc[8192-sliding]" time="5.826"><properties><property name="start_timestamp" value="2026-08-12T01:16:02" /><property name="end_timestamp" value="2026-08-12T01:16:08" /></properties></testcase><testcase classname="models.autoports.meta_models_muse_glimmer_30b.tests.test_fused_decoder" name="test_prefill_pcc[8192-full]" time="5.178"><properties><property name="start_timestamp" value="2026-08-12T01:16:08" /><property name="end_timestamp" value="2026-08-12T01:16:13" /></properties></testcase><testcase classname="models.autoports.meta_models_muse_glimmer_30b.tests.test_fused_decoder" name="test_prefill_pcc[8193-sliding]" time="5.963"><properties><property name="start_timestamp" value="2026-08-12T01:16:13" /><property name="end_timestamp" value="2026-08-12T01:16:19" /></properties></testcase><testcase classname="models.autoports.meta_models_muse_glimmer_30b.tests.test_fused_decoder" name="test_prefill_pcc[8193-full]" time="5.236"><properties><property name="start_timestamp" value="2026-08-12T01:16:19" /><property name="end_timestamp" value="2026-08-12T01:16:24" /></properties></testcase><testcase classname="models.autoports.meta_models_muse_glimmer_30b.tests.test_fused_decoder" name="test_prefill_pcc[12345-sliding]" time="9.914"><properties><property name="start_timestamp" value="2026-08-12T01:16:24" /><property name="end_timestamp" value="2026-08-12T01:16:34" /></properties></testcase><testcase classname="models.autoports.meta_models_muse_glimmer_30b.tests.test_fused_decoder" name="test_prefill_pcc[12345-full]" time="8.348"><properties><property name="start_timestamp" value="2026-08-12T01:16:34" /><property name="end_timestamp" value="2026-08-12T01:16:42" /></properties></testcase><testcase classname="models.autoports.meta_models_muse_glimmer_30b.tests.test_fused_decoder" name="test_decode_pcc[100-sliding]" time="0.382"><properties><property name="start_timestamp" value="2026-08-12T01:16:42" /><property name="end_timestamp" value="2026-08-12T01:16:43" /></properties></testcase><testcase classname="models.autoports.meta_models_muse_glimmer_30b.tests.test_fused_decoder" name="test_decode_pcc[100-full]" time="0.372"><properties><property name="start_timestamp" value="2026-08-12T01:16:43" /><property name="end_timestamp" value="2026-08-12T01:16:43" /></properties></testcase><testcase classname="models.autoports.meta_models_muse_glimmer_30b.tests.test_fused_decoder" name="test_decode_pcc[2048-sliding]" time="1.281"><properties><property name="start_timestamp" value="2026-08-12T01:16:43" /><property name="end_timestamp" value="2026-08-12T01:16:44" /></properties></testcase><testcase classname="models.autoports.meta_models_muse_glimmer_30b.tests.test_fused_decoder" name="test_decode_pcc[2048-full]" time="1.253"><properties><property name="start_timestamp" value="2026-08-12T01:16:44" /><property name="end_timestamp" value="2026-08-12T01:16:45" /></properties></testcase><testcase classname="models.autoports.meta_models_muse_glimmer_30b.tests.test_fused_decoder" name="test_decode_pcc[3000-sliding]" time="1.798"><properties><property name="start_timestamp" value="2026-08-12T01:16:45" /><property name="end_timestamp" value="2026-08-12T01:16:47" /></properties></testcase><testcase classname="models.autoports.meta_models_muse_glimmer_30b.tests.test_fused_decoder" name="test_decode_pcc[3000-full]" time="1.708"><properties><property name="start_timestamp" value="2026-08-12T01:16:47" /><property name="end_timestamp" value="2026-08-12T01:16:49" /></properties></testcase><testcase classname="models.autoports.meta_models_muse_glimmer_30b.tests.test_fused_decoder" name="test_prefill_decode_pcc_vs_fp32_reference[sliding]" time="5.714"><properties><property name="start_timestamp" value="2026-08-12T01:16:49" /><property name="end_timestamp" value="2026-08-12T01:16:55" /></properties></testcase><testcase classname="models.autoports.meta_models_muse_glimmer_30b.tests.test_fused_decoder" name="test_prefill_decode_pcc_vs_fp32_reference[full]" time="5.692"><properties><property name="start_timestamp" value="2026-08-12T01:16:55" /><property name="end_timestamp" value="2026-08-12T01:17:00" /></properties></testcase><testcase classname="models.autoports.meta_models_muse_glimmer_30b.tests.test_fused_decoder" name="test_prefill_seq_len_equals_max_and_chunk[sliding]" time="7.744"><properties><property name="start_timestamp" value="2026-08-12T01:17:00" /><property name="end_timestamp" value="2026-08-12T01:17:08" /></properties></testcase><testcase classname="models.autoports.meta_models_muse_glimmer_30b.tests.test_fused_decoder" name="test_prefill_seq_len_equals_max_and_chunk[full]" time="7.409"><properties><property name="start_timestamp" value="2026-08-12T01:17:08" /><property name="end_timestamp" value="2026-08-12T01:17:16" /></properties></testcase><testcase classname="models.autoports.meta_models_muse_glimmer_30b.tests.test_fused_decoder" name="test_multi_chunk_prefill_page_table_bound[sliding]" time="12.355"><properties><property name="start_timestamp" value="2026-08-12T01:17:16" /><property name="end_timestamp" value="2026-08-12T01:17:28" /></properties></testcase><testcase classname="models.autoports.meta_models_muse_glimmer_30b.tests.test_fused_decoder" name="test_multi_chunk_prefill_page_table_bound[full]" time="10.535"><properties><property name="start_timestamp" value="2026-08-12T01:17:28" /><property name="end_timestamp" value="2026-08-12T01:17:38" /></properties></testcase><testcase classname="models.autoports.meta_models_muse_glimmer_30b.tests.test_fused_decoder" name="test_continuation_prefill_pcc[4096-3000-sliding]" time="11.596"><properties><property name="start_timestamp" value="2026-08-12T01:17:38" /><property name="end_timestamp" value="2026-08-12T01:17:50" /></properties></testcase><testcase classname="models.autoports.meta_models_muse_glimmer_30b.tests.test_fused_decoder" name="test_continuation_prefill_pcc[4096-3000-full]" time="10.591"><properties><property name="start_timestamp" value="2026-08-12T01:17:50" /><property name="end_timestamp" value="2026-08-12T01:18:01" /></properties></testcase><testcase classname="models.autoports.meta_models_muse_glimmer_30b.tests.test_fused_decoder" name="test_continuation_prefill_pcc[1024-1024-sliding]" time="2.253"><properties><property name="start_timestamp" value="2026-08-12T01:18:01" /><property name="end_timestamp" value="2026-08-12T01:18:03" /></properties></testcase><testcase classname="models.autoports.meta_models_muse_glimmer_30b.tests.test_fused_decoder" name="test_continuation_prefill_pcc[1024-1024-full]" time="2.192"><properties><property name="start_timestamp" value="2026-08-12T01:18:03" /><property name="end_timestamp" value="2026-08-12T01:18:05" /></properties></testcase><testcase classname="models.autoports.meta_models_muse_glimmer_30b.tests.test_fused_decoder" name="test_continuation_prefill_pcc[64-100-sliding]" time="0.371"><properties><property name="start_timestamp" value="2026-08-12T01:18:05" /><property name="end_timestamp" value="2026-08-12T01:18:05" /></properties></testcase><testcase classname="models.autoports.meta_models_muse_glimmer_30b.tests.test_fused_decoder" name="test_continuation_prefill_pcc[64-100-full]" time="0.360"><properties><property name="start_timestamp" value="2026-08-12T01:18:05" /><property name="end_timestamp" value="2026-08-12T01:18:06" /></properties></testcase><testcase classname="models.autoports.meta_models_muse_glimmer_30b.tests.test_fused_decoder" name="test_continuation_prefill_requires_sliding_tail" time="0.212"><properties><property name="start_timestamp" value="2026-08-12T01:18:06" /><property name="end_timestamp" value="2026-08-12T01:18:06" /></properties></testcase><testcase classname="models.autoports.meta_models_muse_glimmer_30b.tests.test_fused_decoder" name="test_batched_prefill_decode_pcc[4-sliding]" time="7.513"><properties><property name="start_timestamp" value="2026-08-12T01:18:06" /><property name="end_timestamp" value="2026-08-12T01:18:14" /></properties></testcase><testcase classname="models.autoports.meta_models_muse_glimmer_30b.tests.test_fused_decoder" name="test_batched_prefill_decode_pcc[4-full]" time="7.312"><properties><property name="start_timestamp" value="2026-08-12T01:18:14" /><property name="end_timestamp" value="2026-08-12T01:18:21" /></properties></testcase><testcase classname="models.autoports.meta_models_muse_glimmer_30b.tests.test_fused_decoder" name="test_batched_prefill_decode_pcc[13-sliding]" time="18.913"><properties><property name="start_timestamp" value="2026-08-12T01:18:21" /><property name="end_timestamp" value="2026-08-12T01:18:40" /></properties></testcase><testcase classname="models.autoports.meta_models_muse_glimmer_30b.tests.test_fused_decoder" name="test_batched_prefill_decode_pcc[13-full]" time="18.259"><properties><property name="start_timestamp" value="2026-08-12T01:18:40" /><property name="end_timestamp" value="2026-08-12T01:18:58" /></properties></testcase><testcase classname="models.autoports.meta_models_muse_glimmer_30b.tests.test_fused_decoder" name="test_batched_prefill_decode_pcc[32-sliding]" time="49.665"><properties><property name="start_timestamp" value="2026-08-12T01:18:58" /><property name="end_timestamp" value="2026-08-12T01:19:48" /></properties></testcase><testcase classname="models.autoports.meta_models_muse_glimmer_30b.tests.test_fused_decoder" name="test_batched_prefill_decode_pcc[32-full]" time="47.797"><properties><property name="start_timestamp" value="2026-08-12T01:19:48" /><property name="end_timestamp" value="2026-08-12T01:20:35" /></properties></testcase><testcase classname="models.autoports.meta_models_muse_glimmer_30b.tests.test_fused_decoder" name="test_multi_chunk_prefill_nonzero_user[sliding]" time="12.130"><properties><property name="start_timestamp" value="2026-08-12T01:20:35" /><property name="end_timestamp" value="2026-08-12T01:20:48" /></properties></testcase><testcase classname="models.autoports.meta_models_muse_glimmer_30b.tests.test_fused_decoder" name="test_multi_chunk_prefill_nonzero_user[full]" time="10.691"><properties><property name="start_timestamp" value="2026-08-12T01:20:48" /><property name="end_timestamp" value="2026-08-12T01:20:58" /></properties></testcase><testcase classname="models.autoports.meta_models_muse_glimmer_30b.tests.test_fused_decoder" name="test_full_context_prefill_tail_pcc[131072-sliding]" time="11.216"><properties><property name="start_timestamp" value="2026-08-12T01:20:58" /><property name="end_timestamp" value="2026-08-12T01:21:10" /></properties></testcase><testcase classname="models.autoports.meta_models_muse_glimmer_30b.tests.test_fused_decoder" name="test_full_context_prefill_tail_pcc[131072-full]" time="13.529"><properties><property name="start_timestamp" value="2026-08-12T01:21:10" /><property name="end_timestamp" value="2026-08-12T01:21:23" /></properties></testcase><testcase classname="models.autoports.meta_models_muse_glimmer_30b.tests.test_fused_decoder" name="test_full_context_prefill_tail_pcc[130073-sliding]" time="7.784"><properties><property name="start_timestamp" value="2026-08-12T01:21:23" /><property name="end_timestamp" value="2026-08-12T01:21:31" /></properties></testcase><testcase classname="models.autoports.meta_models_muse_glimmer_30b.tests.test_fused_decoder" name="test_full_context_prefill_tail_pcc[130073-full]" time="10.392"><properties><property name="start_timestamp" value="2026-08-12T01:21:31" /><property name="end_timestamp" value="2026-08-12T01:21:41" /></properties></testcase><testcase classname="models.autoports.meta_models_muse_glimmer_30b.tests.test_fused_decoder" name="test_full_context_decode_pcc[sliding]" time="7.307"><properties><property name="start_timestamp" value="2026-08-12T01:21:41" /><property name="end_timestamp" value="2026-08-12T01:21:49" /></properties></testcase><testcase classname="models.autoports.meta_models_muse_glimmer_30b.tests.test_fused_decoder" name="test_full_context_decode_pcc[full]" time="8.037"><properties><property name="start_timestamp" value="2026-08-12T01:21:49" /><property name="end_timestamp" value="2026-08-12T01:21:57" /></properties></testcase><testcase classname="models.autoports.meta_models_muse_glimmer_30b.tests.test_fused_decoder" name="test_real_weights_prefill_decode_pcc[sliding]" time="3.768"><properties><property name="start_timestamp" value="2026-08-12T01:21:57" /><property name="end_timestamp" value="2026-08-12T01:22:00" /></properties></testcase><testcase classname="models.autoports.meta_models_muse_glimmer_30b.tests.test_fused_decoder" name="test_real_weights_prefill_decode_pcc[full]" time="3.761"><properties><property name="start_timestamp" value="2026-08-12T01:22:00" /><property name="end_timestamp" value="2026-08-12T01:22:04" /></properties></testcase><testcase classname="models.autoports.meta_models_muse_glimmer_30b.tests.test_fused_decoder" name="test_fused_vs_functional_equivalence[100-sliding]" time="4.158"><properties><property name="start_timestamp" value="2026-08-12T01:22:04" /><property name="end_timestamp" value="2026-08-12T01:22:08" /></properties></testcase><testcase classname="models.autoports.meta_models_muse_glimmer_30b.tests.test_fused_decoder" name="test_fused_vs_functional_equivalence[100-full]" time="4.163"><properties><property name="start_timestamp" value="2026-08-12T01:22:08" /><property name="end_timestamp" value="2026-08-12T01:22:12" /></properties></testcase><testcase classname="models.autoports.meta_models_muse_glimmer_30b.tests.test_fused_decoder" name="test_fused_vs_functional_equivalence[4097-sliding]" time="7.268"><properties><property name="start_timestamp" value="2026-08-12T01:22:12" /><property name="end_timestamp" value="2026-08-12T01:22:20" /></properties></testcase><testcase classname="models.autoports.meta_models_muse_glimmer_30b.tests.test_fused_decoder" name="test_fused_vs_functional_equivalence[4097-full]" time="7.134"><properties><property name="start_timestamp" value="2026-08-12T01:22:20" /><property name="end_timestamp" value="2026-08-12T01:22:27" /></properties></testcase><testcase classname="models.autoports.meta_models_muse_glimmer_30b.tests.test_fused_decoder" name="test_fused_vs_functional_equivalence[12345-sliding]" time="15.357"><properties><property name="start_timestamp" value="2026-08-12T01:22:27" /><property name="end_timestamp" value="2026-08-12T01:22:42" /></properties></testcase><testcase classname="models.autoports.meta_models_muse_glimmer_30b.tests.test_fused_decoder" name="test_fused_vs_functional_equivalence[12345-full]" time="13.961"><properties><property name="start_timestamp" value="2026-08-12T01:22:42" /><property name="end_timestamp" value="2026-08-12T01:22:56" /></properties></testcase><testcase classname="models.autoports.meta_models_muse_glimmer_30b.tests.test_fused_decoder" name="test_fused_graph_uses_fused_ops[2048-sliding]" time="2.860"><properties><property name="start_timestamp" value="2026-08-12T01:22:56" /><property name="end_timestamp" value="2026-08-12T01:22:59" /></properties></testcase><testcase classname="models.autoports.meta_models_muse_glimmer_30b.tests.test_fused_decoder" name="test_fused_graph_uses_fused_ops[2048-full]" time="0.266"><properties><property name="start_timestamp" value="2026-08-12T01:22:59" /><property name="end_timestamp" value="2026-08-12T01:22:59" /></properties></testcase><testcase classname="models.autoports.meta_models_muse_glimmer_30b.tests.test_fused_decoder" name="test_fused_graph_uses_fused_ops[3000-sliding]" time="0.297"><properties><property name="start_timestamp" value="2026-08-12T01:22:59" /><property name="end_timestamp" value="2026-08-12T01:23:00" /></properties></testcase><testcase classname="models.autoports.meta_models_muse_glimmer_30b.tests.test_fused_decoder" name="test_fused_graph_uses_fused_ops[3000-full]" time="0.290"><properties><property name="start_timestamp" value="2026-08-12T01:23:00" /><property name="end_timestamp" value="2026-08-12T01:23:00" /></properties></testcase><testcase classname="models.autoports.meta_models_muse_glimmer_30b.tests.test_fused_decoder" name="test_fused_graph_uses_fused_ops[12345-sliding]" time="0.660"><properties><property name="start_timestamp" value="2026-08-12T01:23:00" /><property name="end_timestamp" value="2026-08-12T01:23:01" /></properties></testcase><testcase classname="models.autoports.meta_models_muse_glimmer_30b.tests.test_fused_decoder" name="test_fused_graph_uses_fused_ops[12345-full]" time="0.657"><properties><property name="start_timestamp" value="2026-08-12T01:23:01" /><property name="end_timestamp" value="2026-08-12T01:23:01" /></properties></testcase><testcase classname="models.autoports.meta_models_muse_glimmer_30b.tests.test_fused_decoder" name="test_no_host_fallback_in_forward[3000-sliding]" time="0.290"><properties><property name="start_timestamp" value="2026-08-12T01:23:01" /><property name="end_timestamp" value="2026-08-12T01:23:01" /></properties></testcase><testcase classname="models.autoports.meta_models_muse_glimmer_30b.tests.test_fused_decoder" name="test_no_host_fallback_in_forward[3000-full]" time="0.298"><properties><property name="start_timestamp" value="2026-08-12T01:23:01" /><property name="end_timestamp" value="2026-08-12T01:23:02" /></properties></testcase><testcase classname="models.autoports.meta_models_muse_glimmer_30b.tests.test_fused_decoder" name="test_no_host_fallback_in_forward[12345-sliding]" time="0.670"><properties><property name="start_timestamp" value="2026-08-12T01:23:02" /><property name="end_timestamp" value="2026-08-12T01:23:02" /></properties></testcase><testcase classname="models.autoports.meta_models_muse_glimmer_30b.tests.test_fused_decoder" name="test_no_host_fallback_in_forward[12345-full]" time="0.666"><properties><property name="start_timestamp" value="2026-08-12T01:23:02" /><property name="end_timestamp" value="2026-08-12T01:23:03" /></properties></testcase><testcase classname="models.autoports.meta_models_muse_glimmer_30b.tests.test_fused_decoder" name="test_determinism_repeated_inputs[sliding]" time="0.275"><properties><property name="start_timestamp" value="2026-08-12T01:23:03" /><property name="end_timestamp" value="2026-08-12T01:23:03" /></properties></testcase><testcase classname="models.autoports.meta_models_muse_glimmer_30b.tests.test_fused_decoder" name="test_determinism_repeated_inputs[full]" time="0.284"><properties><property name="start_timestamp" value="2026-08-12T01:23:03" /><property name="end_timestamp" value="2026-08-12T01:23:04" /></properties></testcase><testcase classname="models.autoports.meta_models_muse_glimmer_30b.tests.test_fused_decoder" name="test_repeated_run_stress[sliding]" time="2.452"><properties><property name="start_timestamp" value="2026-08-12T01:23:04" /><property name="end_timestamp" value="2026-08-12T01:23:06" /></properties></testcase><testcase classname="models.autoports.meta_models_muse_glimmer_30b.tests.test_fused_decoder" name="test_repeated_run_stress[full]" time="2.435"><properties><property name="start_timestamp" value="2026-08-12T01:23:06" /><property name="end_timestamp" value="2026-08-12T01:23:09" /></properties></testcase><testcase classname="models.autoports.meta_models_muse_glimmer_30b.tests.test_fused_decoder" name="test_decode_norm_config_shapes[sliding]" time="0.204"><properties><property name="start_timestamp" value="2026-08-12T01:23:09" /><property name="end_timestamp" value="2026-08-12T01:23:09" /></properties></testcase><testcase classname="models.autoports.meta_models_muse_glimmer_30b.tests.test_fused_decoder" name="test_decode_norm_config_shapes[full]" time="0.184"><properties><property name="start_timestamp" value="2026-08-12T01:23:09" /><property name="end_timestamp" value="2026-08-12T01:23:09" /></properties></testcase><testcase classname="models.autoports.meta_models_muse_glimmer_30b.tests.test_fused_decoder" name="test_prefill_sdpa_chunk_sizes[sliding]" time="0.185"><properties><property name="start_timestamp" value="2026-08-12T01:23:09" /><property name="end_timestamp" value="2026-08-12T01:23:09" /></properties></testcase><testcase classname="models.autoports.meta_models_muse_glimmer_30b.tests.test_fused_decoder" name="test_prefill_sdpa_chunk_sizes[full]" time="0.187"><properties><property name="start_timestamp" value="2026-08-12T01:23:09" /><property name="end_timestamp" value="2026-08-12T01:23:09" /></properties></testcase><testcase classname="models.autoports.meta_models_muse_glimmer_30b.tests.test_fused_decoder" name="test_minimal_matmul_block_config[sliding]" time="0.187"><properties><property name="start_timestamp" value="2026-08-12T01:23:09" /><property name="end_timestamp" value="2026-08-12T01:23:10" /></properties></testcase><testcase classname="models.autoports.meta_models_muse_glimmer_30b.tests.test_fused_decoder" name="test_minimal_matmul_block_config[full]" time="0.185"><properties><property name="start_timestamp" value="2026-08-12T01:23:10" /><property name="end_timestamp" value="2026-08-12T01:23:10" /></properties></testcase><testcase classname="models.autoports.meta_models_muse_glimmer_30b.tests.test_fused_decoder" name="test_traced_decode_pcc[sliding]" time="1.126"><properties><property name="start_timestamp" value="2026-08-12T01:23:10" /><property name="end_timestamp" value="2026-08-12T01:23:11" /></properties></testcase><testcase classname="models.autoports.meta_models_muse_glimmer_30b.tests.test_fused_decoder" name="test_traced_decode_pcc[full]" time="1.113"><properties><property name="start_timestamp" value="2026-08-12T01:23:11" /><property name="end_timestamp" value="2026-08-12T01:23:12" /></properties></testcase><testcase classname="models.autoports.meta_models_muse_glimmer_30b.tests.test_fused_decoder" name="test_traced_decode_advances_positions[sliding]" time="0.674"><properties><property name="start_timestamp" value="2026-08-12T01:23:12" /><property name="end_timestamp" value="2026-08-12T01:23:13" /></properties></testcase><testcase classname="models.autoports.meta_models_muse_glimmer_30b.tests.test_fused_decoder" name="test_traced_decode_advances_positions[full]" time="0.660"><properties><property name="start_timestamp" value="2026-08-12T01:23:13" /><property name="end_timestamp" value="2026-08-12T01:23:13" /></properties></testcase><testcase classname="models.autoports.meta_models_muse_glimmer_30b.tests.test_fused_decoder" name="test_perf_prefill[8192-sliding]" time="0.675"><properties><property name="start_timestamp" value="2026-08-12T01:23:13" /><property name="end_timestamp" value="2026-08-12T01:23:14" /></properties></testcase><testcase classname="models.autoports.meta_models_muse_glimmer_30b.tests.test_fused_decoder" name="test_perf_prefill[8192-full]" time="0.667"><properties><property name="start_timestamp" value="2026-08-12T01:23:14" /><property name="end_timestamp" value="2026-08-12T01:23:15" /></properties></testcase><testcase classname="models.autoports.meta_models_muse_glimmer_30b.tests.test_fused_decoder" name="test_perf_prefill[16384-sliding]" time="1.171"><properties><property name="start_timestamp" value="2026-08-12T01:23:15" /><property name="end_timestamp" value="2026-08-12T01:23:16" /></properties></testcase><testcase classname="models.autoports.meta_models_muse_glimmer_30b.tests.test_fused_decoder" name="test_perf_prefill[16384-full]" time="1.212"><properties><property name="start_timestamp" value="2026-08-12T01:23:16" /><property name="end_timestamp" value="2026-08-12T01:23:17" /></properties></testcase><testcase classname="models.autoports.meta_models_muse_glimmer_30b.tests.test_fused_decoder" name="test_perf_decode_traced[2048-sliding]" time="0.312"><properties><property name="start_timestamp" value="2026-08-12T01:23:17" /><property name="end_timestamp" value="2026-08-12T01:23:17" /></properties></testcase><testcase classname="models.autoports.meta_models_muse_glimmer_30b.tests.test_fused_decoder" name="test_perf_decode_traced[2048-full]" time="0.314"><properties><property name="start_timestamp" value="2026-08-12T01:23:17" /><property name="end_timestamp" value="2026-08-12T01:23:18" /></properties></testcase><testcase classname="models.autoports.meta_models_muse_glimmer_30b.tests.test_fused_decoder" name="test_perf_decode_traced[131071-sliding]" time="3.011"><properties><property name="start_timestamp" value="2026-08-12T01:23:18" /><property name="end_timestamp" value="2026-08-12T01:23:21" /></properties></testcase><testcase classname="models.autoports.meta_models_muse_glimmer_30b.tests.test_fused_decoder" name="test_perf_decode_traced[131071-full]" time="3.279"><properties><property name="start_timestamp" value="2026-08-12T01:23:21" /><property name="end_timestamp" value="2026-08-12T01:23:24" /></properties></testcase></testsuite></testsuites>
