<?xml version="1.0" encoding="utf-8"?><testsuites name="pytest tests"><testsuite name="pytest" errors="0" failures="0" skipped="0" tests="73" time="394.871" timestamp="2026-08-12T07:49:23.514337-04:00" hostname="tt-quietbox"><testcase classname="models.autoports.meta_models_muse_glimmer_30b.tests.test_functional_decoder" name="test_prefill_pcc[1-sliding]" time="8.964"><properties><property name="start_timestamp" value="2026-08-12T07:49:30" /><property name="end_timestamp" value="2026-08-12T07:49:33" /></properties></testcase><testcase classname="models.autoports.meta_models_muse_glimmer_30b.tests.test_functional_decoder" name="test_prefill_pcc[1-full]" time="2.614"><properties><property name="start_timestamp" value="2026-08-12T07:49:33" /><property name="end_timestamp" value="2026-08-12T07:49:35" /></properties></testcase><testcase classname="models.autoports.meta_models_muse_glimmer_30b.tests.test_functional_decoder" name="test_prefill_pcc[100-sliding]" time="0.259"><properties><property name="start_timestamp" value="2026-08-12T07:49:35" /><property name="end_timestamp" value="2026-08-12T07:49:36" /></properties></testcase><testcase classname="models.autoports.meta_models_muse_glimmer_30b.tests.test_functional_decoder" name="test_prefill_pcc[100-full]" time="0.253"><properties><property name="start_timestamp" value="2026-08-12T07:49:36" /><property name="end_timestamp" value="2026-08-12T07:49:36" /></properties></testcase><testcase classname="models.autoports.meta_models_muse_glimmer_30b.tests.test_functional_decoder" name="test_prefill_pcc[128-sliding]" time="0.255"><properties><property name="start_timestamp" value="2026-08-12T07:49:36" /><property name="end_timestamp" value="2026-08-12T07:49:36" /></properties></testcase><testcase classname="models.autoports.meta_models_muse_glimmer_30b.tests.test_functional_decoder" name="test_prefill_pcc[128-full]" time="0.256"><properties><property name="start_timestamp" value="2026-08-12T07:49:36" /><property name="end_timestamp" value="2026-08-12T07:49:37" /></properties></testcase><testcase classname="models.autoports.meta_models_muse_glimmer_30b.tests.test_functional_decoder" name="test_prefill_pcc[2048-sliding]" time="1.289"><properties><property name="start_timestamp" value="2026-08-12T07:49:37" /><property name="end_timestamp" value="2026-08-12T07:49:38" /></properties></testcase><testcase classname="models.autoports.meta_models_muse_glimmer_30b.tests.test_functional_decoder" name="test_prefill_pcc[2048-full]" time="1.235"><properties><property name="start_timestamp" value="2026-08-12T07:49:38" /><property name="end_timestamp" value="2026-08-12T07:49:39" /></properties></testcase><testcase classname="models.autoports.meta_models_muse_glimmer_30b.tests.test_functional_decoder" name="test_prefill_pcc[2049-sliding]" time="1.349"><properties><property name="start_timestamp" value="2026-08-12T07:49:39" /><property name="end_timestamp" value="2026-08-12T07:49:40" /></properties></testcase><testcase classname="models.autoports.meta_models_muse_glimmer_30b.tests.test_functional_decoder" name="test_prefill_pcc[2049-full]" time="1.275"><properties><property name="start_timestamp" value="2026-08-12T07:49:40" /><property name="end_timestamp" value="2026-08-12T07:49:42" /></properties></testcase><testcase classname="models.autoports.meta_models_muse_glimmer_30b.tests.test_functional_decoder" name="test_prefill_pcc[4097-sliding]" time="2.823"><properties><property name="start_timestamp" value="2026-08-12T07:49:42" /><property name="end_timestamp" value="2026-08-12T07:49:44" /></properties></testcase><testcase classname="models.autoports.meta_models_muse_glimmer_30b.tests.test_functional_decoder" name="test_prefill_pcc[4097-full]" time="2.634"><properties><property name="start_timestamp" value="2026-08-12T07:49:44" /><property name="end_timestamp" value="2026-08-12T07:49:47" /></properties></testcase><testcase classname="models.autoports.meta_models_muse_glimmer_30b.tests.test_functional_decoder" name="test_prefill_pcc[8192-sliding]" time="5.790"><properties><property name="start_timestamp" value="2026-08-12T07:49:47" /><property name="end_timestamp" value="2026-08-12T07:49:53" /></properties></testcase><testcase classname="models.autoports.meta_models_muse_glimmer_30b.tests.test_functional_decoder" name="test_prefill_pcc[8192-full]" time="5.039"><properties><property name="start_timestamp" value="2026-08-12T07:49:53" /><property name="end_timestamp" value="2026-08-12T07:49:58" /></properties></testcase><testcase classname="models.autoports.meta_models_muse_glimmer_30b.tests.test_functional_decoder" name="test_prefill_pcc[8193-sliding]" time="6.041"><properties><property name="start_timestamp" value="2026-08-12T07:49:58" /><property name="end_timestamp" value="2026-08-12T07:50:04" /></properties></testcase><testcase classname="models.autoports.meta_models_muse_glimmer_30b.tests.test_functional_decoder" name="test_prefill_pcc[8193-full]" time="5.239"><properties><property name="start_timestamp" value="2026-08-12T07:50:04" /><property name="end_timestamp" value="2026-08-12T07:50:09" /></properties></testcase><testcase classname="models.autoports.meta_models_muse_glimmer_30b.tests.test_functional_decoder" name="test_prefill_pcc[12345-sliding]" time="9.974"><properties><property name="start_timestamp" value="2026-08-12T07:50:09" /><property name="end_timestamp" value="2026-08-12T07:50:19" /></properties></testcase><testcase classname="models.autoports.meta_models_muse_glimmer_30b.tests.test_functional_decoder" name="test_prefill_pcc[12345-full]" time="8.347"><properties><property name="start_timestamp" value="2026-08-12T07:50:19" /><property name="end_timestamp" value="2026-08-12T07:50:28" /></properties></testcase><testcase classname="models.autoports.meta_models_muse_glimmer_30b.tests.test_functional_decoder" name="test_prefill_decode_pcc_vs_fp32_reference[sliding]" time="5.793"><properties><property name="start_timestamp" value="2026-08-12T07:50:28" /><property name="end_timestamp" value="2026-08-12T07:50:33" /></properties></testcase><testcase classname="models.autoports.meta_models_muse_glimmer_30b.tests.test_functional_decoder" name="test_prefill_decode_pcc_vs_fp32_reference[full]" time="5.688"><properties><property name="start_timestamp" value="2026-08-12T07:50:33" /><property name="end_timestamp" value="2026-08-12T07:50:39" /></properties></testcase><testcase classname="models.autoports.meta_models_muse_glimmer_30b.tests.test_functional_decoder" name="test_prefill_seq_len_equals_max_and_chunk[sliding]" time="7.653"><properties><property name="start_timestamp" value="2026-08-12T07:50:39" /><property name="end_timestamp" value="2026-08-12T07:50:47" /></properties></testcase><testcase classname="models.autoports.meta_models_muse_glimmer_30b.tests.test_functional_decoder" name="test_prefill_seq_len_equals_max_and_chunk[full]" time="7.338"><properties><property name="start_timestamp" value="2026-08-12T07:50:47" /><property name="end_timestamp" value="2026-08-12T07:50:54" /></properties></testcase><testcase classname="models.autoports.meta_models_muse_glimmer_30b.tests.test_functional_decoder" name="test_continuation_prefill_pcc[4096-3000-sliding]" time="11.440"><properties><property name="start_timestamp" value="2026-08-12T07:50:54" /><property name="end_timestamp" value="2026-08-12T07:51:05" /></properties></testcase><testcase classname="models.autoports.meta_models_muse_glimmer_30b.tests.test_functional_decoder" name="test_continuation_prefill_pcc[4096-3000-full]" time="10.484"><properties><property name="start_timestamp" value="2026-08-12T07:51:05" /><property name="end_timestamp" value="2026-08-12T07:51:16" /></properties></testcase><testcase classname="models.autoports.meta_models_muse_glimmer_30b.tests.test_functional_decoder" name="test_continuation_prefill_pcc[1024-1024-sliding]" time="2.234"><properties><property name="start_timestamp" value="2026-08-12T07:51:16" /><property name="end_timestamp" value="2026-08-12T07:51:18" /></properties></testcase><testcase classname="models.autoports.meta_models_muse_glimmer_30b.tests.test_functional_decoder" name="test_continuation_prefill_pcc[1024-1024-full]" time="2.107"><properties><property name="start_timestamp" value="2026-08-12T07:51:18" /><property name="end_timestamp" value="2026-08-12T07:51:20" /></properties></testcase><testcase classname="models.autoports.meta_models_muse_glimmer_30b.tests.test_functional_decoder" name="test_continuation_prefill_pcc[64-100-sliding]" time="0.368"><properties><property name="start_timestamp" value="2026-08-12T07:51:20" /><property name="end_timestamp" value="2026-08-12T07:51:21" /></properties></testcase><testcase classname="models.autoports.meta_models_muse_glimmer_30b.tests.test_functional_decoder" name="test_continuation_prefill_pcc[64-100-full]" time="0.367"><properties><property name="start_timestamp" value="2026-08-12T07:51:21" /><property name="end_timestamp" value="2026-08-12T07:51:21" /></properties></testcase><testcase classname="models.autoports.meta_models_muse_glimmer_30b.tests.test_functional_decoder" name="test_continuation_prefill_requires_sliding_tail" time="0.202"><properties><property name="start_timestamp" value="2026-08-12T07:51:21" /><property name="end_timestamp" value="2026-08-12T07:51:21" /></properties></testcase><testcase classname="models.autoports.meta_models_muse_glimmer_30b.tests.test_functional_decoder" name="test_resolve_layer_kind_rejects_unsupported_pairings" time="0.191"><properties><property name="start_timestamp" value="2026-08-12T07:51:21" /><property name="end_timestamp" value="2026-08-12T07:51:21" /></properties></testcase><testcase classname="models.autoports.meta_models_muse_glimmer_30b.tests.test_functional_decoder" name="test_decode_pcc[100-sliding]" time="0.355"><properties><property name="start_timestamp" value="2026-08-12T07:51:21" /><property name="end_timestamp" value="2026-08-12T07:51:22" /></properties></testcase><testcase classname="models.autoports.meta_models_muse_glimmer_30b.tests.test_functional_decoder" name="test_decode_pcc[100-full]" time="0.364"><properties><property name="start_timestamp" value="2026-08-12T07:51:22" /><property name="end_timestamp" value="2026-08-12T07:51:22" /></properties></testcase><testcase classname="models.autoports.meta_models_muse_glimmer_30b.tests.test_functional_decoder" name="test_decode_pcc[2048-sliding]" time="1.264"><properties><property name="start_timestamp" value="2026-08-12T07:51:22" /><property name="end_timestamp" value="2026-08-12T07:51:23" /></properties></testcase><testcase classname="models.autoports.meta_models_muse_glimmer_30b.tests.test_functional_decoder" name="test_decode_pcc[2048-full]" time="1.190"><properties><property name="start_timestamp" value="2026-08-12T07:51:23" /><property name="end_timestamp" value="2026-08-12T07:51:25" /></properties></testcase><testcase classname="models.autoports.meta_models_muse_glimmer_30b.tests.test_functional_decoder" name="test_decode_pcc[3000-sliding]" time="1.785"><properties><property name="start_timestamp" value="2026-08-12T07:51:25" /><property name="end_timestamp" value="2026-08-12T07:51:26" /></properties></testcase><testcase classname="models.autoports.meta_models_muse_glimmer_30b.tests.test_functional_decoder" name="test_decode_pcc[3000-full]" time="1.727"><properties><property name="start_timestamp" value="2026-08-12T07:51:26" /><property name="end_timestamp" value="2026-08-12T07:51:28" /></properties></testcase><testcase classname="models.autoports.meta_models_muse_glimmer_30b.tests.test_functional_decoder" name="test_batched_prefill_decode_pcc[4-sliding]" time="7.428"><properties><property name="start_timestamp" value="2026-08-12T07:51:28" /><property name="end_timestamp" value="2026-08-12T07:51:36" /></properties></testcase><testcase classname="models.autoports.meta_models_muse_glimmer_30b.tests.test_functional_decoder" name="test_batched_prefill_decode_pcc[4-full]" time="7.162"><properties><property name="start_timestamp" value="2026-08-12T07:51:36" /><property name="end_timestamp" value="2026-08-12T07:51:43" /></properties></testcase><testcase classname="models.autoports.meta_models_muse_glimmer_30b.tests.test_functional_decoder" name="test_batched_prefill_decode_pcc[13-sliding]" time="19.103"><properties><property name="start_timestamp" value="2026-08-12T07:51:43" /><property name="end_timestamp" value="2026-08-12T07:52:02" /></properties></testcase><testcase classname="models.autoports.meta_models_muse_glimmer_30b.tests.test_functional_decoder" name="test_batched_prefill_decode_pcc[13-full]" time="17.764"><properties><property name="start_timestamp" value="2026-08-12T07:52:02" /><property name="end_timestamp" value="2026-08-12T07:52:20" /></properties></testcase><testcase classname="models.autoports.meta_models_muse_glimmer_30b.tests.test_functional_decoder" name="test_batched_prefill_decode_pcc[32-sliding]" time="51.241"><properties><property name="start_timestamp" value="2026-08-12T07:52:20" /><property name="end_timestamp" value="2026-08-12T07:53:11" /></properties></testcase><testcase classname="models.autoports.meta_models_muse_glimmer_30b.tests.test_functional_decoder" name="test_batched_prefill_decode_pcc[32-full]" time="48.824"><properties><property name="start_timestamp" value="2026-08-12T07:53:11" /><property name="end_timestamp" value="2026-08-12T07:54:00" /></properties></testcase><testcase classname="models.autoports.meta_models_muse_glimmer_30b.tests.test_functional_decoder" name="test_decode_sdpa_sliding_window_semantics[2047]" time="0.219"><properties><property name="start_timestamp" value="2026-08-12T07:54:00" /><property name="end_timestamp" value="2026-08-12T07:54:00" /></properties></testcase><testcase classname="models.autoports.meta_models_muse_glimmer_30b.tests.test_functional_decoder" name="test_decode_sdpa_sliding_window_semantics[2048]" time="0.223"><properties><property name="start_timestamp" value="2026-08-12T07:54:00" /><property name="end_timestamp" value="2026-08-12T07:54:00" /></properties></testcase><testcase classname="models.autoports.meta_models_muse_glimmer_30b.tests.test_functional_decoder" name="test_decode_sdpa_sliding_window_semantics[2049]" time="0.216"><properties><property name="start_timestamp" value="2026-08-12T07:54:00" /><property name="end_timestamp" value="2026-08-12T07:54:00" /></properties></testcase><testcase classname="models.autoports.meta_models_muse_glimmer_30b.tests.test_functional_decoder" name="test_decode_sdpa_sliding_window_semantics[5000]" time="0.219"><properties><property name="start_timestamp" value="2026-08-12T07:54:00" /><property name="end_timestamp" value="2026-08-12T07:54:01" /></properties></testcase><testcase classname="models.autoports.meta_models_muse_glimmer_30b.tests.test_functional_decoder" name="test_multi_chunk_prefill_nonzero_user[sliding]" time="12.465"><properties><property name="start_timestamp" value="2026-08-12T07:54:01" /><property name="end_timestamp" value="2026-08-12T07:54:13" /></properties></testcase><testcase classname="models.autoports.meta_models_muse_glimmer_30b.tests.test_functional_decoder" name="test_multi_chunk_prefill_nonzero_user[full]" time="10.923"><properties><property name="start_timestamp" value="2026-08-12T07:54:13" /><property name="end_timestamp" value="2026-08-12T07:54:24" /></properties></testcase><testcase classname="models.autoports.meta_models_muse_glimmer_30b.tests.test_functional_decoder" name="test_full_context_prefill_tail_pcc[131072-sliding]" time="12.280"><properties><property name="start_timestamp" value="2026-08-12T07:54:24" /><property name="end_timestamp" value="2026-08-12T07:54:36" /></properties></testcase><testcase classname="models.autoports.meta_models_muse_glimmer_30b.tests.test_functional_decoder" name="test_full_context_prefill_tail_pcc[131072-full]" time="15.575"><properties><property name="start_timestamp" value="2026-08-12T07:54:36" /><property name="end_timestamp" value="2026-08-12T07:54:52" /></properties></testcase><testcase classname="models.autoports.meta_models_muse_glimmer_30b.tests.test_functional_decoder" name="test_full_context_prefill_tail_pcc[130073-sliding]" time="8.794"><properties><property name="start_timestamp" value="2026-08-12T07:54:52" /><property name="end_timestamp" value="2026-08-12T07:55:01" /></properties></testcase><testcase classname="models.autoports.meta_models_muse_glimmer_30b.tests.test_functional_decoder" name="test_full_context_prefill_tail_pcc[130073-full]" time="11.920"><properties><property name="start_timestamp" value="2026-08-12T07:55:01" /><property name="end_timestamp" value="2026-08-12T07:55:12" /></properties></testcase><testcase classname="models.autoports.meta_models_muse_glimmer_30b.tests.test_functional_decoder" name="test_full_context_decode_pcc[sliding]" time="7.708"><properties><property name="start_timestamp" value="2026-08-12T07:55:12" /><property name="end_timestamp" value="2026-08-12T07:55:20" /></properties></testcase><testcase classname="models.autoports.meta_models_muse_glimmer_30b.tests.test_functional_decoder" name="test_full_context_decode_pcc[full]" time="9.663"><properties><property name="start_timestamp" value="2026-08-12T07:55:20" /><property name="end_timestamp" value="2026-08-12T07:55:30" /></properties></testcase><testcase classname="models.autoports.meta_models_muse_glimmer_30b.tests.test_functional_decoder" name="test_real_weights_prefill_decode_pcc[sliding]" time="3.844"><properties><property name="start_timestamp" value="2026-08-12T07:55:30" /><property name="end_timestamp" value="2026-08-12T07:55:34" /></properties></testcase><testcase classname="models.autoports.meta_models_muse_glimmer_30b.tests.test_functional_decoder" name="test_real_weights_prefill_decode_pcc[full]" time="3.821"><properties><property name="start_timestamp" value="2026-08-12T07:55:34" /><property name="end_timestamp" value="2026-08-12T07:55:38" /></properties></testcase><testcase classname="models.autoports.meta_models_muse_glimmer_30b.tests.test_functional_decoder" name="test_real_state_dict_key_and_shape_contract" time="0.207"><properties><property name="start_timestamp" value="2026-08-12T07:55:38" /><property name="end_timestamp" value="2026-08-12T07:55:38" /></properties></testcase><testcase classname="models.autoports.meta_models_muse_glimmer_30b.tests.test_functional_decoder" name="test_determinism_repeated_inputs[sliding]" time="2.850"><properties><property name="start_timestamp" value="2026-08-12T07:55:38" /><property name="end_timestamp" value="2026-08-12T07:55:41" /></properties></testcase><testcase classname="models.autoports.meta_models_muse_glimmer_30b.tests.test_functional_decoder" name="test_determinism_repeated_inputs[full]" time="2.863"><properties><property name="start_timestamp" value="2026-08-12T07:55:41" /><property name="end_timestamp" value="2026-08-12T07:55:43" /></properties></testcase><testcase classname="models.autoports.meta_models_muse_glimmer_30b.tests.test_functional_decoder" name="test_no_host_fallback_in_forward[3000-sliding]" time="0.305"><properties><property name="start_timestamp" value="2026-08-12T07:55:43" /><property name="end_timestamp" value="2026-08-12T07:55:44" /></properties></testcase><testcase classname="models.autoports.meta_models_muse_glimmer_30b.tests.test_functional_decoder" name="test_no_host_fallback_in_forward[3000-full]" time="0.306"><properties><property name="start_timestamp" value="2026-08-12T07:55:44" /><property name="end_timestamp" value="2026-08-12T07:55:44" /></properties></testcase><testcase classname="models.autoports.meta_models_muse_glimmer_30b.tests.test_functional_decoder" name="test_no_host_fallback_in_forward[12345-sliding]" time="0.655"><properties><property name="start_timestamp" value="2026-08-12T07:55:44" /><property name="end_timestamp" value="2026-08-12T07:55:45" /></properties></testcase><testcase classname="models.autoports.meta_models_muse_glimmer_30b.tests.test_functional_decoder" name="test_no_host_fallback_in_forward[12345-full]" time="0.663"><properties><property name="start_timestamp" value="2026-08-12T07:55:45" /><property name="end_timestamp" value="2026-08-12T07:55:45" /></properties></testcase><testcase classname="models.autoports.meta_models_muse_glimmer_30b.tests.test_functional_decoder" name="test_traced_decode_pcc[sliding]" time="1.157"><properties><property name="start_timestamp" value="2026-08-12T07:55:45" /><property name="end_timestamp" value="2026-08-12T07:55:47" /></properties></testcase><testcase classname="models.autoports.meta_models_muse_glimmer_30b.tests.test_functional_decoder" name="test_traced_decode_pcc[full]" time="1.117"><properties><property name="start_timestamp" value="2026-08-12T07:55:47" /><property name="end_timestamp" value="2026-08-12T07:55:48" /></properties></testcase><testcase classname="models.autoports.meta_models_muse_glimmer_30b.tests.test_functional_decoder" name="test_traced_decode_advances_positions[sliding]" time="0.663"><properties><property name="start_timestamp" value="2026-08-12T07:55:48" /><property name="end_timestamp" value="2026-08-12T07:55:48" /></properties></testcase><testcase classname="models.autoports.meta_models_muse_glimmer_30b.tests.test_functional_decoder" name="test_traced_decode_advances_positions[full]" time="0.655"><properties><property name="start_timestamp" value="2026-08-12T07:55:48" /><property name="end_timestamp" value="2026-08-12T07:55:49" /></properties></testcase><testcase classname="models.autoports.meta_models_muse_glimmer_30b.tests.test_functional_decoder" name="test_perf_prefill[sliding]" time="0.803"><properties><property name="start_timestamp" value="2026-08-12T07:55:49" /><property name="end_timestamp" value="2026-08-12T07:55:50" /></properties></testcase><testcase classname="models.autoports.meta_models_muse_glimmer_30b.tests.test_functional_decoder" name="test_perf_prefill[full]" time="0.797"><properties><property name="start_timestamp" value="2026-08-12T07:55:50" /><property name="end_timestamp" value="2026-08-12T07:55:51" /></properties></testcase><testcase classname="models.autoports.meta_models_muse_glimmer_30b.tests.test_functional_decoder" name="test_perf_decode_traced[2048-sliding]" time="0.400"><properties><property name="start_timestamp" value="2026-08-12T07:55:51" /><property name="end_timestamp" value="2026-08-12T07:55:51" /></properties></testcase><testcase classname="models.autoports.meta_models_muse_glimmer_30b.tests.test_functional_decoder" name="test_perf_decode_traced[2048-full]" time="0.396"><properties><property name="start_timestamp" value="2026-08-12T07:55:51" /><property name="end_timestamp" value="2026-08-12T07:55:51" /></properties></testcase><testcase classname="models.autoports.meta_models_muse_glimmer_30b.tests.test_functional_decoder" name="test_perf_decode_traced[131071-sliding]" time="3.053"><properties><property name="start_timestamp" value="2026-08-12T07:55:51" /><property name="end_timestamp" value="2026-08-12T07:55:54" /></properties></testcase><testcase classname="models.autoports.meta_models_muse_glimmer_30b.tests.test_functional_decoder" name="test_perf_decode_traced[131071-full]" time="3.401"><properties><property name="start_timestamp" value="2026-08-12T07:55:54" /><property name="end_timestamp" value="2026-08-12T07:55:57" /></properties></testcase></testsuite></testsuites>
