<?xml version="1.0" encoding="utf-8"?><testsuites name="pytest tests"><testsuite name="pytest" errors="0" failures="0" skipped="0" tests="7" time="109.818" timestamp="2026-07-30T01:20:00.958598+00:00" hostname="b30c965c728b"><testcase classname="models.autoports.google_gemma_4_26b_a4b_it.tests.test_optimized_decoder" name="test_optimized_real_weights_prefill_decode[blackhole-sliding_attention_shared_cache-device_params0-mesh_device0]" time="19.617"><properties><property name="start_timestamp" value="2026-07-30T01:20:01" /><property name="end_timestamp" value="2026-07-30T01:20:21" /></properties></testcase><testcase classname="models.autoports.google_gemma_4_26b_a4b_it.tests.test_optimized_decoder" name="test_optimized_trace_mutable_stable_buffers[blackhole-sliding_attention-device_params0-mesh_device0]" time="15.134"><properties><property name="start_timestamp" value="2026-07-30T01:20:21" /><property name="end_timestamp" value="2026-07-30T01:20:36" /></properties></testcase><testcase classname="models.autoports.google_gemma_4_26b_a4b_it.tests.test_optimized_decoder" name="test_optimized_real_weights_prefill_decode[blackhole-full_attention_natural_cache-device_params0-mesh_device0]" time="14.740"><properties><property name="start_timestamp" value="2026-07-30T01:20:36" /><property name="end_timestamp" value="2026-07-30T01:20:51" /></properties></testcase><testcase classname="models.autoports.google_gemma_4_26b_a4b_it.tests.test_optimized_decoder" name="test_optimized_trace_mutable_stable_buffers[blackhole-full_attention_shared_hma-device_params0-mesh_device0]" time="16.602"><properties><property name="start_timestamp" value="2026-07-30T01:20:51" /><property name="end_timestamp" value="2026-07-30T01:21:07" /></properties></testcase><testcase classname="models.autoports.google_gemma_4_26b_a4b_it.tests.test_optimized_decoder" name="test_optimized_real_weights_prefill_decode[blackhole-full_attention_shared_cache_view-device_params0-mesh_device0]" time="13.820"><properties><property name="start_timestamp" value="2026-07-30T01:21:07" /><property name="end_timestamp" value="2026-07-30T01:21:21" /></properties></testcase><testcase classname="models.autoports.google_gemma_4_26b_a4b_it.tests.test_optimized_decoder" name="test_optimized_traced_decode_batch_contract[blackhole-batch32-sliding_attention-device_params0-mesh_device0]" time="13.671"><properties><property name="start_timestamp" value="2026-07-30T01:21:21" /><property name="end_timestamp" value="2026-07-30T01:21:35" /></properties></testcase><testcase classname="models.autoports.google_gemma_4_26b_a4b_it.tests.test_optimized_decoder" name="test_optimized_traced_decode_batch_contract[blackhole-batch32-full_attention-device_params0-mesh_device0]" time="15.287"><properties><property name="start_timestamp" value="2026-07-30T01:21:35" /><property name="end_timestamp" value="2026-07-30T01:21:50" /></properties></testcase></testsuite></testsuites>
