<?xml version="1.0" encoding="utf-8"?><testsuites name="pytest tests"><testsuite name="pytest" errors="0" failures="0" skipped="0" tests="108" time="539.166" timestamp="2026-08-13T09:03:09.410404-04:00" hostname="tt-quietbox"><testcase classname="models.autoports.meta_models_muse_glimmer_30b.tests.test_multichip_decoder" name="test_prefill_pcc[1-sliding]" time="10.848"><properties><property name="start_timestamp" value="2026-08-13T09:03:16" /><property name="end_timestamp" value="2026-08-13T09:03:21" /></properties></testcase><testcase classname="models.autoports.meta_models_muse_glimmer_30b.tests.test_multichip_decoder" name="test_prefill_pcc[1-full]" time="4.375"><properties><property name="start_timestamp" value="2026-08-13T09:03:21" /><property name="end_timestamp" value="2026-08-13T09:03:25" /></properties></testcase><testcase classname="models.autoports.meta_models_muse_glimmer_30b.tests.test_multichip_decoder" name="test_prefill_pcc[100-sliding]" time="0.293"><properties><property name="start_timestamp" value="2026-08-13T09:03:25" /><property name="end_timestamp" value="2026-08-13T09:03:25" /></properties></testcase><testcase classname="models.autoports.meta_models_muse_glimmer_30b.tests.test_multichip_decoder" name="test_prefill_pcc[100-full]" time="0.249"><properties><property name="start_timestamp" value="2026-08-13T09:03:25" /><property name="end_timestamp" value="2026-08-13T09:03:26" /></properties></testcase><testcase classname="models.autoports.meta_models_muse_glimmer_30b.tests.test_multichip_decoder" name="test_prefill_pcc[128-sliding]" time="0.262"><properties><property name="start_timestamp" value="2026-08-13T09:03:26" /><property name="end_timestamp" value="2026-08-13T09:03:26" /></properties></testcase><testcase classname="models.autoports.meta_models_muse_glimmer_30b.tests.test_multichip_decoder" name="test_prefill_pcc[128-full]" time="0.255"><properties><property name="start_timestamp" value="2026-08-13T09:03:26" /><property name="end_timestamp" value="2026-08-13T09:03:26" /></properties></testcase><testcase classname="models.autoports.meta_models_muse_glimmer_30b.tests.test_multichip_decoder" name="test_prefill_pcc[256-sliding]" time="0.338"><properties><property name="start_timestamp" value="2026-08-13T09:03:26" /><property name="end_timestamp" value="2026-08-13T09:03:26" /></properties></testcase><testcase classname="models.autoports.meta_models_muse_glimmer_30b.tests.test_multichip_decoder" name="test_prefill_pcc[256-full]" time="0.327"><properties><property name="start_timestamp" value="2026-08-13T09:03:26" /><property name="end_timestamp" value="2026-08-13T09:03:27" /></properties></testcase><testcase classname="models.autoports.meta_models_muse_glimmer_30b.tests.test_multichip_decoder" name="test_prefill_pcc[2048-sliding]" time="1.396"><properties><property name="start_timestamp" value="2026-08-13T09:03:27" /><property name="end_timestamp" value="2026-08-13T09:03:28" /></properties></testcase><testcase classname="models.autoports.meta_models_muse_glimmer_30b.tests.test_multichip_decoder" name="test_prefill_pcc[2048-full]" time="1.312"><properties><property name="start_timestamp" value="2026-08-13T09:03:28" /><property name="end_timestamp" value="2026-08-13T09:03:29" /></properties></testcase><testcase classname="models.autoports.meta_models_muse_glimmer_30b.tests.test_multichip_decoder" name="test_prefill_pcc[2049-sliding]" time="1.422"><properties><property name="start_timestamp" value="2026-08-13T09:03:29" /><property name="end_timestamp" value="2026-08-13T09:03:31" /></properties></testcase><testcase classname="models.autoports.meta_models_muse_glimmer_30b.tests.test_multichip_decoder" name="test_prefill_pcc[2049-full]" time="1.317"><properties><property name="start_timestamp" value="2026-08-13T09:03:31" /><property name="end_timestamp" value="2026-08-13T09:03:32" /></properties></testcase><testcase classname="models.autoports.meta_models_muse_glimmer_30b.tests.test_multichip_decoder" name="test_prefill_pcc[4097-sliding]" time="2.920"><properties><property name="start_timestamp" value="2026-08-13T09:03:32" /><property name="end_timestamp" value="2026-08-13T09:03:35" /></properties></testcase><testcase classname="models.autoports.meta_models_muse_glimmer_30b.tests.test_multichip_decoder" name="test_prefill_pcc[4097-full]" time="2.670"><properties><property name="start_timestamp" value="2026-08-13T09:03:35" /><property name="end_timestamp" value="2026-08-13T09:03:38" /></properties></testcase><testcase classname="models.autoports.meta_models_muse_glimmer_30b.tests.test_multichip_decoder" name="test_prefill_pcc[8192-sliding]" time="5.901"><properties><property name="start_timestamp" value="2026-08-13T09:03:38" /><property name="end_timestamp" value="2026-08-13T09:03:44" /></properties></testcase><testcase classname="models.autoports.meta_models_muse_glimmer_30b.tests.test_multichip_decoder" name="test_prefill_pcc[8192-full]" time="5.163"><properties><property name="start_timestamp" value="2026-08-13T09:03:44" /><property name="end_timestamp" value="2026-08-13T09:03:49" /></properties></testcase><testcase classname="models.autoports.meta_models_muse_glimmer_30b.tests.test_multichip_decoder" name="test_prefill_pcc[8193-sliding]" time="6.014"><properties><property name="start_timestamp" value="2026-08-13T09:03:49" /><property name="end_timestamp" value="2026-08-13T09:03:55" /></properties></testcase><testcase classname="models.autoports.meta_models_muse_glimmer_30b.tests.test_multichip_decoder" name="test_prefill_pcc[8193-full]" time="5.302"><properties><property name="start_timestamp" value="2026-08-13T09:03:55" /><property name="end_timestamp" value="2026-08-13T09:04:00" /></properties></testcase><testcase classname="models.autoports.meta_models_muse_glimmer_30b.tests.test_multichip_decoder" name="test_prefill_pcc[12345-sliding]" time="10.143"><properties><property name="start_timestamp" value="2026-08-13T09:04:00" /><property name="end_timestamp" value="2026-08-13T09:04:10" /></properties></testcase><testcase classname="models.autoports.meta_models_muse_glimmer_30b.tests.test_multichip_decoder" name="test_prefill_pcc[12345-full]" time="8.411"><properties><property name="start_timestamp" value="2026-08-13T09:04:10" /><property name="end_timestamp" value="2026-08-13T09:04:19" /></properties></testcase><testcase classname="models.autoports.meta_models_muse_glimmer_30b.tests.test_multichip_decoder" name="test_decode_pcc[100-sliding]" time="0.537"><properties><property name="start_timestamp" value="2026-08-13T09:04:19" /><property name="end_timestamp" value="2026-08-13T09:04:19" /></properties></testcase><testcase classname="models.autoports.meta_models_muse_glimmer_30b.tests.test_multichip_decoder" name="test_decode_pcc[100-full]" time="0.484"><properties><property name="start_timestamp" value="2026-08-13T09:04:19" /><property name="end_timestamp" value="2026-08-13T09:04:20" /></properties></testcase><testcase classname="models.autoports.meta_models_muse_glimmer_30b.tests.test_multichip_decoder" name="test_decode_pcc[2048-sliding]" time="1.467"><properties><property name="start_timestamp" value="2026-08-13T09:04:20" /><property name="end_timestamp" value="2026-08-13T09:04:21" /></properties></testcase><testcase classname="models.autoports.meta_models_muse_glimmer_30b.tests.test_multichip_decoder" name="test_decode_pcc[2048-full]" time="1.370"><properties><property name="start_timestamp" value="2026-08-13T09:04:21" /><property name="end_timestamp" value="2026-08-13T09:04:23" /></properties></testcase><testcase classname="models.autoports.meta_models_muse_glimmer_30b.tests.test_multichip_decoder" name="test_decode_pcc[3000-sliding]" time="1.974"><properties><property name="start_timestamp" value="2026-08-13T09:04:23" /><property name="end_timestamp" value="2026-08-13T09:04:25" /></properties></testcase><testcase classname="models.autoports.meta_models_muse_glimmer_30b.tests.test_multichip_decoder" name="test_decode_pcc[3000-full]" time="1.866"><properties><property name="start_timestamp" value="2026-08-13T09:04:25" /><property name="end_timestamp" value="2026-08-13T09:04:26" /></properties></testcase><testcase classname="models.autoports.meta_models_muse_glimmer_30b.tests.test_multichip_decoder" name="test_continuation_prefill[4096-3000-sliding]" time="9.244"><properties><property name="start_timestamp" value="2026-08-13T09:04:26" /><property name="end_timestamp" value="2026-08-13T09:04:36" /></properties></testcase><testcase classname="models.autoports.meta_models_muse_glimmer_30b.tests.test_multichip_decoder" name="test_continuation_prefill[4096-3000-full]" time="8.165"><properties><property name="start_timestamp" value="2026-08-13T09:04:36" /><property name="end_timestamp" value="2026-08-13T09:04:44" /></properties></testcase><testcase classname="models.autoports.meta_models_muse_glimmer_30b.tests.test_multichip_decoder" name="test_continuation_prefill[1024-1024-sliding]" time="2.292"><properties><property name="start_timestamp" value="2026-08-13T09:04:44" /><property name="end_timestamp" value="2026-08-13T09:04:46" /></properties></testcase><testcase classname="models.autoports.meta_models_muse_glimmer_30b.tests.test_multichip_decoder" name="test_continuation_prefill[1024-1024-full]" time="2.139"><properties><property name="start_timestamp" value="2026-08-13T09:04:46" /><property name="end_timestamp" value="2026-08-13T09:04:48" /></properties></testcase><testcase classname="models.autoports.meta_models_muse_glimmer_30b.tests.test_multichip_decoder" name="test_continuation_prefill[64-100-sliding]" time="0.428"><properties><property name="start_timestamp" value="2026-08-13T09:04:48" /><property name="end_timestamp" value="2026-08-13T09:04:49" /></properties></testcase><testcase classname="models.autoports.meta_models_muse_glimmer_30b.tests.test_multichip_decoder" name="test_continuation_prefill[64-100-full]" time="0.369"><properties><property name="start_timestamp" value="2026-08-13T09:04:49" /><property name="end_timestamp" value="2026-08-13T09:04:49" /></properties></testcase><testcase classname="models.autoports.meta_models_muse_glimmer_30b.tests.test_multichip_decoder" name="test_batched_prefill_decode_pcc[4-sliding]" time="9.294"><properties><property name="start_timestamp" value="2026-08-13T09:04:49" /><property name="end_timestamp" value="2026-08-13T09:04:58" /></properties></testcase><testcase classname="models.autoports.meta_models_muse_glimmer_30b.tests.test_multichip_decoder" name="test_batched_prefill_decode_pcc[4-full]" time="9.032"><properties><property name="start_timestamp" value="2026-08-13T09:04:58" /><property name="end_timestamp" value="2026-08-13T09:05:07" /></properties></testcase><testcase classname="models.autoports.meta_models_muse_glimmer_30b.tests.test_multichip_decoder" name="test_batched_prefill_decode_pcc[13-sliding]" time="20.023"><properties><property name="start_timestamp" value="2026-08-13T09:05:07" /><property name="end_timestamp" value="2026-08-13T09:05:27" /></properties></testcase><testcase classname="models.autoports.meta_models_muse_glimmer_30b.tests.test_multichip_decoder" name="test_batched_prefill_decode_pcc[13-full]" time="19.534"><properties><property name="start_timestamp" value="2026-08-13T09:05:27" /><property name="end_timestamp" value="2026-08-13T09:05:47" /></properties></testcase><testcase classname="models.autoports.meta_models_muse_glimmer_30b.tests.test_multichip_decoder" name="test_batched_prefill_decode_pcc[32-sliding]" time="43.712"><properties><property name="start_timestamp" value="2026-08-13T09:05:47" /><property name="end_timestamp" value="2026-08-13T09:06:31" /></properties></testcase><testcase classname="models.autoports.meta_models_muse_glimmer_30b.tests.test_multichip_decoder" name="test_batched_prefill_decode_pcc[32-full]" time="42.296"><properties><property name="start_timestamp" value="2026-08-13T09:06:31" /><property name="end_timestamp" value="2026-08-13T09:07:13" /></properties></testcase><testcase classname="models.autoports.meta_models_muse_glimmer_30b.tests.test_multichip_decoder" name="test_multi_chunk_prefill_nonzero_user[sliding]" time="14.396"><properties><property name="start_timestamp" value="2026-08-13T09:07:13" /><property name="end_timestamp" value="2026-08-13T09:07:27" /></properties></testcase><testcase classname="models.autoports.meta_models_muse_glimmer_30b.tests.test_multichip_decoder" name="test_multi_chunk_prefill_nonzero_user[full]" time="12.751"><properties><property name="start_timestamp" value="2026-08-13T09:07:27" /><property name="end_timestamp" value="2026-08-13T09:07:40" /></properties></testcase><testcase classname="models.autoports.meta_models_muse_glimmer_30b.tests.test_multichip_decoder" name="test_prefill_decode_pcc_vs_fp32_reference[sliding]" time="10.166"><properties><property name="start_timestamp" value="2026-08-13T09:07:40" /><property name="end_timestamp" value="2026-08-13T09:07:50" /></properties></testcase><testcase classname="models.autoports.meta_models_muse_glimmer_30b.tests.test_multichip_decoder" name="test_prefill_decode_pcc_vs_fp32_reference[full]" time="10.031"><properties><property name="start_timestamp" value="2026-08-13T09:07:50" /><property name="end_timestamp" value="2026-08-13T09:08:00" /></properties></testcase><testcase classname="models.autoports.meta_models_muse_glimmer_30b.tests.test_multichip_decoder" name="test_full_context_prefill[131072-sliding]" time="12.536"><properties><property name="start_timestamp" value="2026-08-13T09:08:00" /><property name="end_timestamp" value="2026-08-13T09:08:13" /></properties></testcase><testcase classname="models.autoports.meta_models_muse_glimmer_30b.tests.test_multichip_decoder" name="test_full_context_prefill[131072-full]" time="13.481"><properties><property name="start_timestamp" value="2026-08-13T09:08:13" /><property name="end_timestamp" value="2026-08-13T09:08:26" /></properties></testcase><testcase classname="models.autoports.meta_models_muse_glimmer_30b.tests.test_multichip_decoder" name="test_full_context_prefill[130073-sliding]" time="6.896"><properties><property name="start_timestamp" value="2026-08-13T09:08:26" /><property name="end_timestamp" value="2026-08-13T09:08:33" /></properties></testcase><testcase classname="models.autoports.meta_models_muse_glimmer_30b.tests.test_multichip_decoder" name="test_full_context_prefill[130073-full]" time="7.800"><properties><property name="start_timestamp" value="2026-08-13T09:08:33" /><property name="end_timestamp" value="2026-08-13T09:08:41" /></properties></testcase><testcase classname="models.autoports.meta_models_muse_glimmer_30b.tests.test_multichip_decoder" name="test_full_context_decode[131071-sliding]" time="6.465"><properties><property name="start_timestamp" value="2026-08-13T09:08:41" /><property name="end_timestamp" value="2026-08-13T09:08:48" /></properties></testcase><testcase classname="models.autoports.meta_models_muse_glimmer_30b.tests.test_multichip_decoder" name="test_full_context_decode[131071-full]" time="6.696"><properties><property name="start_timestamp" value="2026-08-13T09:08:48" /><property name="end_timestamp" value="2026-08-13T09:08:54" /></properties></testcase><testcase classname="models.autoports.meta_models_muse_glimmer_30b.tests.test_multichip_decoder" name="test_full_context_decode[130073-sliding]" time="6.671"><properties><property name="start_timestamp" value="2026-08-13T09:08:54" /><property name="end_timestamp" value="2026-08-13T09:09:01" /></properties></testcase><testcase classname="models.autoports.meta_models_muse_glimmer_30b.tests.test_multichip_decoder" name="test_full_context_decode[130073-full]" time="6.854"><properties><property name="start_timestamp" value="2026-08-13T09:09:01" /><property name="end_timestamp" value="2026-08-13T09:09:08" /></properties></testcase><testcase classname="models.autoports.meta_models_muse_glimmer_30b.tests.test_multichip_decoder" name="test_traced_decode_pcc[sliding]" time="5.431"><properties><property name="start_timestamp" value="2026-08-13T09:09:08" /><property name="end_timestamp" value="2026-08-13T09:09:13" /></properties></testcase><testcase classname="models.autoports.meta_models_muse_glimmer_30b.tests.test_multichip_decoder" name="test_traced_decode_pcc[full]" time="5.396"><properties><property name="start_timestamp" value="2026-08-13T09:09:13" /><property name="end_timestamp" value="2026-08-13T09:09:19" /></properties></testcase><testcase classname="models.autoports.meta_models_muse_glimmer_30b.tests.test_multichip_decoder" name="test_decode_soak[sliding]" time="2.549"><properties><property name="start_timestamp" value="2026-08-13T09:09:19" /><property name="end_timestamp" value="2026-08-13T09:09:21" /></properties></testcase><testcase classname="models.autoports.meta_models_muse_glimmer_30b.tests.test_multichip_decoder" name="test_decode_soak[full]" time="2.478"><properties><property name="start_timestamp" value="2026-08-13T09:09:21" /><property name="end_timestamp" value="2026-08-13T09:09:24" /></properties></testcase><testcase classname="models.autoports.meta_models_muse_glimmer_30b.tests.test_multichip_decoder" name="test_determinism[sliding]" time="0.273"><properties><property name="start_timestamp" value="2026-08-13T09:09:24" /><property name="end_timestamp" value="2026-08-13T09:09:24" /></properties></testcase><testcase classname="models.autoports.meta_models_muse_glimmer_30b.tests.test_multichip_decoder" name="test_determinism[full]" time="0.270"><properties><property name="start_timestamp" value="2026-08-13T09:09:24" /><property name="end_timestamp" value="2026-08-13T09:09:24" /></properties></testcase><testcase classname="models.autoports.meta_models_muse_glimmer_30b.tests.test_multichip_decoder" name="test_no_host_fallback_in_forward[3000-sliding]" time="0.335"><properties><property name="start_timestamp" value="2026-08-13T09:09:24" /><property name="end_timestamp" value="2026-08-13T09:09:24" /></properties></testcase><testcase classname="models.autoports.meta_models_muse_glimmer_30b.tests.test_multichip_decoder" name="test_no_host_fallback_in_forward[3000-full]" time="0.311"><properties><property name="start_timestamp" value="2026-08-13T09:09:24" /><property name="end_timestamp" value="2026-08-13T09:09:25" /></properties></testcase><testcase classname="models.autoports.meta_models_muse_glimmer_30b.tests.test_multichip_decoder" name="test_no_host_fallback_in_forward[12345-sliding]" time="0.676"><properties><property name="start_timestamp" value="2026-08-13T09:09:25" /><property name="end_timestamp" value="2026-08-13T09:09:25" /></properties></testcase><testcase classname="models.autoports.meta_models_muse_glimmer_30b.tests.test_multichip_decoder" name="test_no_host_fallback_in_forward[12345-full]" time="0.676"><properties><property name="start_timestamp" value="2026-08-13T09:09:25" /><property name="end_timestamp" value="2026-08-13T09:09:26" /></properties></testcase><testcase classname="models.autoports.meta_models_muse_glimmer_30b.tests.test_multichip_decoder" name="test_real_weights_prefill_pcc[1-sliding]" time="4.509"><properties><property name="start_timestamp" value="2026-08-13T09:09:26" /><property name="end_timestamp" value="2026-08-13T09:09:31" /></properties></testcase><testcase classname="models.autoports.meta_models_muse_glimmer_30b.tests.test_multichip_decoder" name="test_real_weights_prefill_pcc[1-full]" time="4.459"><properties><property name="start_timestamp" value="2026-08-13T09:09:31" /><property name="end_timestamp" value="2026-08-13T09:09:35" /></properties></testcase><testcase classname="models.autoports.meta_models_muse_glimmer_30b.tests.test_multichip_decoder" name="test_real_weights_prefill_pcc[100-sliding]" time="1.582"><properties><property name="start_timestamp" value="2026-08-13T09:09:35" /><property name="end_timestamp" value="2026-08-13T09:09:37" /></properties></testcase><testcase classname="models.autoports.meta_models_muse_glimmer_30b.tests.test_multichip_decoder" name="test_real_weights_prefill_pcc[100-full]" time="1.585"><properties><property name="start_timestamp" value="2026-08-13T09:09:37" /><property name="end_timestamp" value="2026-08-13T09:09:38" /></properties></testcase><testcase classname="models.autoports.meta_models_muse_glimmer_30b.tests.test_multichip_decoder" name="test_real_weights_prefill_pcc[2049-sliding]" time="2.651"><properties><property name="start_timestamp" value="2026-08-13T09:09:38" /><property name="end_timestamp" value="2026-08-13T09:09:41" /></properties></testcase><testcase classname="models.autoports.meta_models_muse_glimmer_30b.tests.test_multichip_decoder" name="test_real_weights_prefill_pcc[2049-full]" time="2.620"><properties><property name="start_timestamp" value="2026-08-13T09:09:41" /><property name="end_timestamp" value="2026-08-13T09:09:44" /></properties></testcase><testcase classname="models.autoports.meta_models_muse_glimmer_30b.tests.test_multichip_decoder" name="test_real_weights_prefill_pcc[4097-sliding]" time="4.122"><properties><property name="start_timestamp" value="2026-08-13T09:09:44" /><property name="end_timestamp" value="2026-08-13T09:09:48" /></properties></testcase><testcase classname="models.autoports.meta_models_muse_glimmer_30b.tests.test_multichip_decoder" name="test_real_weights_prefill_pcc[4097-full]" time="3.934"><properties><property name="start_timestamp" value="2026-08-13T09:09:48" /><property name="end_timestamp" value="2026-08-13T09:09:52" /></properties></testcase><testcase classname="models.autoports.meta_models_muse_glimmer_30b.tests.test_multichip_decoder" name="test_real_weights_prefill_pcc[8193-sliding]" time="7.349"><properties><property name="start_timestamp" value="2026-08-13T09:09:52" /><property name="end_timestamp" value="2026-08-13T09:09:59" /></properties></testcase><testcase classname="models.autoports.meta_models_muse_glimmer_30b.tests.test_multichip_decoder" name="test_real_weights_prefill_pcc[8193-full]" time="6.569"><properties><property name="start_timestamp" value="2026-08-13T09:09:59" /><property name="end_timestamp" value="2026-08-13T09:10:06" /></properties></testcase><testcase classname="models.autoports.meta_models_muse_glimmer_30b.tests.test_multichip_decoder" name="test_real_weights_prefill_pcc[12345-sliding]" time="11.292"><properties><property name="start_timestamp" value="2026-08-13T09:10:06" /><property name="end_timestamp" value="2026-08-13T09:10:17" /></properties></testcase><testcase classname="models.autoports.meta_models_muse_glimmer_30b.tests.test_multichip_decoder" name="test_real_weights_prefill_pcc[12345-full]" time="9.633"><properties><property name="start_timestamp" value="2026-08-13T09:10:17" /><property name="end_timestamp" value="2026-08-13T09:10:26" /></properties></testcase><testcase classname="models.autoports.meta_models_muse_glimmer_30b.tests.test_multichip_decoder" name="test_real_weights_decode_pcc[sliding]" time="3.338"><properties><property name="start_timestamp" value="2026-08-13T09:10:26" /><property name="end_timestamp" value="2026-08-13T09:10:30" /></properties></testcase><testcase classname="models.autoports.meta_models_muse_glimmer_30b.tests.test_multichip_decoder" name="test_real_weights_decode_pcc[full]" time="3.214"><properties><property name="start_timestamp" value="2026-08-13T09:10:30" /><property name="end_timestamp" value="2026-08-13T09:10:33" /></properties></testcase><testcase classname="models.autoports.meta_models_muse_glimmer_30b.tests.test_multichip_decoder" name="test_real_weights_traced_decode_and_batch[sliding]" time="8.752"><properties><property name="start_timestamp" value="2026-08-13T09:10:33" /><property name="end_timestamp" value="2026-08-13T09:10:42" /></properties></testcase><testcase classname="models.autoports.meta_models_muse_glimmer_30b.tests.test_multichip_decoder" name="test_real_weights_traced_decode_and_batch[full]" time="8.634"><properties><property name="start_timestamp" value="2026-08-13T09:10:42" /><property name="end_timestamp" value="2026-08-13T09:10:50" /></properties></testcase><testcase classname="models.autoports.meta_models_muse_glimmer_30b.tests.test_multichip_decoder" name="test_plan_matches_the_hardware[sliding]" time="4.522"><properties><property name="start_timestamp" value="2026-08-13T09:10:50" /><property name="end_timestamp" value="2026-08-13T09:10:55" /></properties></testcase><testcase classname="models.autoports.meta_models_muse_glimmer_30b.tests.test_multichip_decoder" name="test_plan_matches_the_hardware[full]" time="4.450"><properties><property name="start_timestamp" value="2026-08-13T09:10:55" /><property name="end_timestamp" value="2026-08-13T09:10:59" /></properties></testcase><testcase classname="models.autoports.meta_models_muse_glimmer_30b.tests.test_multichip_decoder" name="test_per_device_weight_shapes[sliding]" time="0.233"><properties><property name="start_timestamp" value="2026-08-13T09:10:59" /><property name="end_timestamp" value="2026-08-13T09:11:00" /></properties></testcase><testcase classname="models.autoports.meta_models_muse_glimmer_30b.tests.test_multichip_decoder" name="test_per_device_weight_shapes[full]" time="0.211"><properties><property name="start_timestamp" value="2026-08-13T09:11:00" /><property name="end_timestamp" value="2026-08-13T09:11:00" /></properties></testcase><testcase classname="models.autoports.meta_models_muse_glimmer_30b.tests.test_multichip_decoder" name="test_qkv_weight_is_gqa_assigned[sliding]" time="1.998"><properties><property name="start_timestamp" value="2026-08-13T09:11:00" /><property name="end_timestamp" value="2026-08-13T09:11:02" /></properties></testcase><testcase classname="models.autoports.meta_models_muse_glimmer_30b.tests.test_multichip_decoder" name="test_qkv_weight_is_gqa_assigned[full]" time="2.006"><properties><property name="start_timestamp" value="2026-08-13T09:11:02" /><property name="end_timestamp" value="2026-08-13T09:11:04" /></properties></testcase><testcase classname="models.autoports.meta_models_muse_glimmer_30b.tests.test_multichip_decoder" name="test_mlp_padding_is_inert[sliding]" time="2.113"><properties><property name="start_timestamp" value="2026-08-13T09:11:04" /><property name="end_timestamp" value="2026-08-13T09:11:06" /></properties></testcase><testcase classname="models.autoports.meta_models_muse_glimmer_30b.tests.test_multichip_decoder" name="test_mlp_padding_is_inert[full]" time="2.087"><properties><property name="start_timestamp" value="2026-08-13T09:11:06" /><property name="end_timestamp" value="2026-08-13T09:11:08" /></properties></testcase><testcase classname="models.autoports.meta_models_muse_glimmer_30b.tests.test_multichip_decoder" name="test_decode_uses_dram_sharded_matmuls[sliding]" time="0.238"><properties><property name="start_timestamp" value="2026-08-13T09:11:08" /><property name="end_timestamp" value="2026-08-13T09:11:08" /></properties></testcase><testcase classname="models.autoports.meta_models_muse_glimmer_30b.tests.test_multichip_decoder" name="test_decode_uses_dram_sharded_matmuls[full]" time="0.218"><properties><property name="start_timestamp" value="2026-08-13T09:11:08" /><property name="end_timestamp" value="2026-08-13T09:11:08" /></properties></testcase><testcase classname="models.autoports.meta_models_muse_glimmer_30b.tests.test_multichip_decoder" name="test_collective_implementation_is_split_by_payload[sliding]" time="0.287"><properties><property name="start_timestamp" value="2026-08-13T09:11:08" /><property name="end_timestamp" value="2026-08-13T09:11:09" /></properties></testcase><testcase classname="models.autoports.meta_models_muse_glimmer_30b.tests.test_multichip_decoder" name="test_collective_implementation_is_split_by_payload[full]" time="0.264"><properties><property name="start_timestamp" value="2026-08-13T09:11:09" /><property name="end_timestamp" value="2026-08-13T09:11:09" /></properties></testcase><testcase classname="models.autoports.meta_models_muse_glimmer_30b.tests.test_multichip_decoder" name="test_fractured_prefill_norm_matches_the_full_width_one[sliding]" time="4.785"><properties><property name="start_timestamp" value="2026-08-13T09:11:09" /><property name="end_timestamp" value="2026-08-13T09:11:14" /></properties></testcase><testcase classname="models.autoports.meta_models_muse_glimmer_30b.tests.test_multichip_decoder" name="test_fractured_prefill_norm_matches_the_full_width_one[full]" time="4.697"><properties><property name="start_timestamp" value="2026-08-13T09:11:14" /><property name="end_timestamp" value="2026-08-13T09:11:19" /></properties></testcase><testcase classname="models.autoports.meta_models_muse_glimmer_30b.tests.test_multichip_decoder" name="test_decode_boundary_layout_is_a_fixed_point[sliding]" time="4.502"><properties><property name="start_timestamp" value="2026-08-13T09:11:19" /><property name="end_timestamp" value="2026-08-13T09:11:23" /></properties></testcase><testcase classname="models.autoports.meta_models_muse_glimmer_30b.tests.test_multichip_decoder" name="test_decode_boundary_layout_is_a_fixed_point[full]" time="0.209"><properties><property name="start_timestamp" value="2026-08-13T09:11:23" /><property name="end_timestamp" value="2026-08-13T09:11:23" /></properties></testcase><testcase classname="models.autoports.meta_models_muse_glimmer_30b.tests.test_multichip_decoder" name="test_decode_has_exactly_two_collectives[sliding]" time="0.652"><properties><property name="start_timestamp" value="2026-08-13T09:11:23" /><property name="end_timestamp" value="2026-08-13T09:11:24" /></properties></testcase><testcase classname="models.autoports.meta_models_muse_glimmer_30b.tests.test_multichip_decoder" name="test_decode_has_exactly_two_collectives[full]" time="0.676"><properties><property name="start_timestamp" value="2026-08-13T09:11:24" /><property name="end_timestamp" value="2026-08-13T09:11:25" /></properties></testcase><testcase classname="models.autoports.meta_models_muse_glimmer_30b.tests.test_multichip_decoder" name="test_qkv_output_shard_is_padded_not_wrong[sliding]" time="0.333"><properties><property name="start_timestamp" value="2026-08-13T09:11:25" /><property name="end_timestamp" value="2026-08-13T09:11:25" /></properties></testcase><testcase classname="models.autoports.meta_models_muse_glimmer_30b.tests.test_multichip_decoder" name="test_qkv_output_shard_is_padded_not_wrong[full]" time="0.324"><properties><property name="start_timestamp" value="2026-08-13T09:11:25" /><property name="end_timestamp" value="2026-08-13T09:11:25" /></properties></testcase><testcase classname="models.autoports.meta_models_muse_glimmer_30b.tests.test_multichip_decoder" name="test_layer_output_dtype_is_the_activation_dtype[sliding]" time="0.254"><properties><property name="start_timestamp" value="2026-08-13T09:11:25" /><property name="end_timestamp" value="2026-08-13T09:11:25" /></properties></testcase><testcase classname="models.autoports.meta_models_muse_glimmer_30b.tests.test_multichip_decoder" name="test_layer_output_dtype_is_the_activation_dtype[full]" time="0.256"><properties><property name="start_timestamp" value="2026-08-13T09:11:25" /><property name="end_timestamp" value="2026-08-13T09:11:26" /></properties></testcase><testcase classname="models.autoports.meta_models_muse_glimmer_30b.tests.test_multichip_decoder" name="test_two_layers_stack" time="16.050"><properties><property name="start_timestamp" value="2026-08-13T09:11:26" /><property name="end_timestamp" value="2026-08-13T09:11:42" /></properties></testcase><testcase classname="models.autoports.meta_models_muse_glimmer_30b.tests.test_multichip_decoder" name="test_replicas_are_bit_identical[sliding]" time="0.271"><properties><property name="start_timestamp" value="2026-08-13T09:11:42" /><property name="end_timestamp" value="2026-08-13T09:11:42" /></properties></testcase><testcase classname="models.autoports.meta_models_muse_glimmer_30b.tests.test_multichip_decoder" name="test_replicas_are_bit_identical[full]" time="0.257"><properties><property name="start_timestamp" value="2026-08-13T09:11:42" /><property name="end_timestamp" value="2026-08-13T09:11:42" /></properties></testcase><testcase classname="models.autoports.meta_models_muse_glimmer_30b.tests.test_multichip_decoder" name="test_kv_cache_holds_the_expected_head[sliding]" time="1.895"><properties><property name="start_timestamp" value="2026-08-13T09:11:42" /><property name="end_timestamp" value="2026-08-13T09:11:44" /></properties></testcase><testcase classname="models.autoports.meta_models_muse_glimmer_30b.tests.test_multichip_decoder" name="test_kv_cache_holds_the_expected_head[full]" time="1.917"><properties><property name="start_timestamp" value="2026-08-13T09:11:44" /><property name="end_timestamp" value="2026-08-13T09:11:46" /></properties></testcase><testcase classname="models.autoports.meta_models_muse_glimmer_30b.tests.test_multichip_decoder" name="test_geometry_table_is_legal" time="0.189"><properties><property name="start_timestamp" value="2026-08-13T09:11:46" /><property name="end_timestamp" value="2026-08-13T09:11:46" /></properties></testcase><testcase classname="models.autoports.meta_models_muse_glimmer_30b.tests.test_multichip_decoder" name="test_decode_ccl_dtype_override[sliding]" time="5.661"><properties><property name="start_timestamp" value="2026-08-13T09:11:46" /><property name="end_timestamp" value="2026-08-13T09:11:52" /></properties></testcase><testcase classname="models.autoports.meta_models_muse_glimmer_30b.tests.test_multichip_decoder" name="test_decode_ccl_dtype_override[full]" time="5.677"><properties><property name="start_timestamp" value="2026-08-13T09:11:52" /><property name="end_timestamp" value="2026-08-13T09:11:58" /></properties></testcase><testcase classname="models.autoports.meta_models_muse_glimmer_30b.tests.test_multichip_decoder" name="test_ccl_mode_override[all_reduce]" time="4.996"><properties><property name="start_timestamp" value="2026-08-13T09:11:58" /><property name="end_timestamp" value="2026-08-13T09:12:03" /></properties></testcase><testcase classname="models.autoports.meta_models_muse_glimmer_30b.tests.test_multichip_decoder" name="test_ccl_mode_override[rs_ag]" time="5.333"><properties><property name="start_timestamp" value="2026-08-13T09:12:03" /><property name="end_timestamp" value="2026-08-13T09:12:08" /></properties></testcase></testsuite></testsuites>