<?xml version="1.0" encoding="utf-8"?><testsuites name="pytest tests"><testsuite name="pytest" errors="0" failures="0" skipped="0" tests="4" time="34.929" timestamp="2026-08-13T03:28:56.023424-04:00" hostname="tt-quietbox"><testcase classname="models.autoports.meta_models_muse_glimmer_30b.tests.test_multichip_vs_single_chip" name="test_multichip_matches_single_chip[2049-1-sliding]" time="8.724"><properties><property name="start_timestamp" value="2026-08-13T03:28:56" /><property name="end_timestamp" value="2026-08-13T03:29:05" /></properties></testcase><testcase classname="models.autoports.meta_models_muse_glimmer_30b.tests.test_multichip_vs_single_chip" name="test_multichip_matches_single_chip[2049-1-full]" time="7.106"><properties><property name="start_timestamp" value="2026-08-13T03:29:05" /><property name="end_timestamp" value="2026-08-13T03:29:12" /></properties></testcase><testcase classname="models.autoports.meta_models_muse_glimmer_30b.tests.test_multichip_vs_single_chip" name="test_multichip_matches_single_chip[12345-4-sliding]" time="9.110"><properties><property name="start_timestamp" value="2026-08-13T03:29:12" /><property name="end_timestamp" value="2026-08-13T03:29:21" /></properties></testcase><testcase classname="models.autoports.meta_models_muse_glimmer_30b.tests.test_multichip_vs_single_chip" name="test_multichip_matches_single_chip[12345-4-full]" time="9.083"><properties><property name="start_timestamp" value="2026-08-13T03:29:21" /><property name="end_timestamp" value="2026-08-13T03:29:30" /></properties></testcase></testsuite></testsuites>