<?xml version="1.0" encoding="utf-8"?><testsuites name="pytest tests"><testsuite name="pytest" errors="0" failures="0" skipped="0" tests="108" time="534.890" timestamp="2026-08-13T08:43:00.889691-04:00" hostname="tt-quietbox"><testcase classname="models.autoports.meta_models_muse_glimmer_30b.tests.test_multichip_decoder" name="test_prefill_pcc[1-sliding]" time="10.835"><properties><property name="start_timestamp" value="2026-08-13T08:43:08" /><property name="end_timestamp" value="2026-08-13T08:43:12" /></properties></testcase><testcase classname="models.autoports.meta_models_muse_glimmer_30b.tests.test_multichip_decoder" name="test_prefill_pcc[1-full]" time="4.325"><properties><property name="start_timestamp" value="2026-08-13T08:43:12" /><property name="end_timestamp" value="2026-08-13T08:43:16" /></properties></testcase><testcase classname="models.autoports.meta_models_muse_glimmer_30b.tests.test_multichip_decoder" name="test_prefill_pcc[100-sliding]" time="0.298"><properties><property name="start_timestamp" value="2026-08-13T08:43:16" /><property name="end_timestamp" value="2026-08-13T08:43:17" /></properties></testcase><testcase classname="models.autoports.meta_models_muse_glimmer_30b.tests.test_multichip_decoder" name="test_prefill_pcc[100-full]" time="0.254"><properties><property name="start_timestamp" value="2026-08-13T08:43:17" /><property name="end_timestamp" value="2026-08-13T08:43:17" /></properties></testcase><testcase classname="models.autoports.meta_models_muse_glimmer_30b.tests.test_multichip_decoder" name="test_prefill_pcc[128-sliding]" time="0.279"><properties><property name="start_timestamp" value="2026-08-13T08:43:17" /><property name="end_timestamp" value="2026-08-13T08:43:17" /></properties></testcase><testcase classname="models.autoports.meta_models_muse_glimmer_30b.tests.test_multichip_decoder" name="test_prefill_pcc[128-full]" time="0.256"><properties><property name="start_timestamp" value="2026-08-13T08:43:17" /><property name="end_timestamp" value="2026-08-13T08:43:18" /></properties></testcase><testcase classname="models.autoports.meta_models_muse_glimmer_30b.tests.test_multichip_decoder" name="test_prefill_pcc[256-sliding]" time="0.326"><properties><property name="start_timestamp" value="2026-08-13T08:43:18" /><property name="end_timestamp" value="2026-08-13T08:43:18" /></properties></testcase><testcase classname="models.autoports.meta_models_muse_glimmer_30b.tests.test_multichip_decoder" name="test_prefill_pcc[256-full]" time="0.315"><properties><property name="start_timestamp" value="2026-08-13T08:43:18" /><property name="end_timestamp" value="2026-08-13T08:43:18" /></properties></testcase><testcase classname="models.autoports.meta_models_muse_glimmer_30b.tests.test_multichip_decoder" name="test_prefill_pcc[2048-sliding]" time="1.364"><properties><property name="start_timestamp" value="2026-08-13T08:43:18" /><property name="end_timestamp" value="2026-08-13T08:43:20" /></properties></testcase><testcase classname="models.autoports.meta_models_muse_glimmer_30b.tests.test_multichip_decoder" name="test_prefill_pcc[2048-full]" time="1.306"><properties><property name="start_timestamp" value="2026-08-13T08:43:20" /><property name="end_timestamp" value="2026-08-13T08:43:21" /></properties></testcase><testcase classname="models.autoports.meta_models_muse_glimmer_30b.tests.test_multichip_decoder" name="test_prefill_pcc[2049-sliding]" time="1.397"><properties><property name="start_timestamp" value="2026-08-13T08:43:21" /><property name="end_timestamp" value="2026-08-13T08:43:22" /></properties></testcase><testcase classname="models.autoports.meta_models_muse_glimmer_30b.tests.test_multichip_decoder" name="test_prefill_pcc[2049-full]" time="1.338"><properties><property name="start_timestamp" value="2026-08-13T08:43:22" /><property name="end_timestamp" value="2026-08-13T08:43:24" /></properties></testcase><testcase classname="models.autoports.meta_models_muse_glimmer_30b.tests.test_multichip_decoder" name="test_prefill_pcc[4097-sliding]" time="2.861"><properties><property name="start_timestamp" value="2026-08-13T08:43:24" /><property name="end_timestamp" value="2026-08-13T08:43:26" /></properties></testcase><testcase classname="models.autoports.meta_models_muse_glimmer_30b.tests.test_multichip_decoder" name="test_prefill_pcc[4097-full]" time="2.645"><properties><property name="start_timestamp" value="2026-08-13T08:43:26" /><property name="end_timestamp" value="2026-08-13T08:43:29" /></properties></testcase><testcase classname="models.autoports.meta_models_muse_glimmer_30b.tests.test_multichip_decoder" name="test_prefill_pcc[8192-sliding]" time="5.945"><properties><property name="start_timestamp" value="2026-08-13T08:43:29" /><property name="end_timestamp" value="2026-08-13T08:43:35" /></properties></testcase><testcase classname="models.autoports.meta_models_muse_glimmer_30b.tests.test_multichip_decoder" name="test_prefill_pcc[8192-full]" time="5.245"><properties><property name="start_timestamp" value="2026-08-13T08:43:35" /><property name="end_timestamp" value="2026-08-13T08:43:40" /></properties></testcase><testcase classname="models.autoports.meta_models_muse_glimmer_30b.tests.test_multichip_decoder" name="test_prefill_pcc[8193-sliding]" time="6.065"><properties><property name="start_timestamp" value="2026-08-13T08:43:40" /><property name="end_timestamp" value="2026-08-13T08:43:46" /></properties></testcase><testcase classname="models.autoports.meta_models_muse_glimmer_30b.tests.test_multichip_decoder" name="test_prefill_pcc[8193-full]" time="5.277"><properties><property name="start_timestamp" value="2026-08-13T08:43:46" /><property name="end_timestamp" value="2026-08-13T08:43:52" /></properties></testcase><testcase classname="models.autoports.meta_models_muse_glimmer_30b.tests.test_multichip_decoder" name="test_prefill_pcc[12345-sliding]" time="10.122"><properties><property name="start_timestamp" value="2026-08-13T08:43:52" /><property name="end_timestamp" value="2026-08-13T08:44:02" /></properties></testcase><testcase classname="models.autoports.meta_models_muse_glimmer_30b.tests.test_multichip_decoder" name="test_prefill_pcc[12345-full]" time="8.495"><properties><property name="start_timestamp" value="2026-08-13T08:44:02" /><property name="end_timestamp" value="2026-08-13T08:44:10" /></properties></testcase><testcase classname="models.autoports.meta_models_muse_glimmer_30b.tests.test_multichip_decoder" name="test_decode_pcc[100-sliding]" time="0.529"><properties><property name="start_timestamp" value="2026-08-13T08:44:10" /><property name="end_timestamp" value="2026-08-13T08:44:11" /></properties></testcase><testcase classname="models.autoports.meta_models_muse_glimmer_30b.tests.test_multichip_decoder" name="test_decode_pcc[100-full]" time="0.504"><properties><property name="start_timestamp" value="2026-08-13T08:44:11" /><property name="end_timestamp" value="2026-08-13T08:44:11" /></properties></testcase><testcase classname="models.autoports.meta_models_muse_glimmer_30b.tests.test_multichip_decoder" name="test_decode_pcc[2048-sliding]" time="1.442"><properties><property name="start_timestamp" value="2026-08-13T08:44:11" /><property name="end_timestamp" value="2026-08-13T08:44:13" /></properties></testcase><testcase classname="models.autoports.meta_models_muse_glimmer_30b.tests.test_multichip_decoder" name="test_decode_pcc[2048-full]" time="1.395"><properties><property name="start_timestamp" value="2026-08-13T08:44:13" /><property name="end_timestamp" value="2026-08-13T08:44:14" /></properties></testcase><testcase classname="models.autoports.meta_models_muse_glimmer_30b.tests.test_multichip_decoder" name="test_decode_pcc[3000-sliding]" time="1.965"><properties><property name="start_timestamp" value="2026-08-13T08:44:14" /><property name="end_timestamp" value="2026-08-13T08:44:16" /></properties></testcase><testcase classname="models.autoports.meta_models_muse_glimmer_30b.tests.test_multichip_decoder" name="test_decode_pcc[3000-full]" time="1.833"><properties><property name="start_timestamp" value="2026-08-13T08:44:16" /><property name="end_timestamp" value="2026-08-13T08:44:18" /></properties></testcase><testcase classname="models.autoports.meta_models_muse_glimmer_30b.tests.test_multichip_decoder" name="test_continuation_prefill[4096-3000-sliding]" time="9.162"><properties><property name="start_timestamp" value="2026-08-13T08:44:18" /><property name="end_timestamp" value="2026-08-13T08:44:27" /></properties></testcase><testcase classname="models.autoports.meta_models_muse_glimmer_30b.tests.test_multichip_decoder" name="test_continuation_prefill[4096-3000-full]" time="8.159"><properties><property name="start_timestamp" value="2026-08-13T08:44:27" /><property name="end_timestamp" value="2026-08-13T08:44:35" /></properties></testcase><testcase classname="models.autoports.meta_models_muse_glimmer_30b.tests.test_multichip_decoder" name="test_continuation_prefill[1024-1024-sliding]" time="2.366"><properties><property name="start_timestamp" value="2026-08-13T08:44:35" /><property name="end_timestamp" value="2026-08-13T08:44:38" /></properties></testcase><testcase classname="models.autoports.meta_models_muse_glimmer_30b.tests.test_multichip_decoder" name="test_continuation_prefill[1024-1024-full]" time="2.251"><properties><property name="start_timestamp" value="2026-08-13T08:44:38" /><property name="end_timestamp" value="2026-08-13T08:44:40" /></properties></testcase><testcase classname="models.autoports.meta_models_muse_glimmer_30b.tests.test_multichip_decoder" name="test_continuation_prefill[64-100-sliding]" time="0.409"><properties><property name="start_timestamp" value="2026-08-13T08:44:40" /><property name="end_timestamp" value="2026-08-13T08:44:40" /></properties></testcase><testcase classname="models.autoports.meta_models_muse_glimmer_30b.tests.test_multichip_decoder" name="test_continuation_prefill[64-100-full]" time="0.367"><properties><property name="start_timestamp" value="2026-08-13T08:44:40" /><property name="end_timestamp" value="2026-08-13T08:44:41" /></properties></testcase><testcase classname="models.autoports.meta_models_muse_glimmer_30b.tests.test_multichip_decoder" name="test_batched_prefill_decode_pcc[4-sliding]" time="9.211"><properties><property name="start_timestamp" value="2026-08-13T08:44:41" /><property name="end_timestamp" value="2026-08-13T08:44:50" /></properties></testcase><testcase classname="models.autoports.meta_models_muse_glimmer_30b.tests.test_multichip_decoder" name="test_batched_prefill_decode_pcc[4-full]" time="8.868"><properties><property name="start_timestamp" value="2026-08-13T08:44:50" /><property name="end_timestamp" value="2026-08-13T08:44:59" /></properties></testcase><testcase classname="models.autoports.meta_models_muse_glimmer_30b.tests.test_multichip_decoder" name="test_batched_prefill_decode_pcc[13-sliding]" time="19.649"><properties><property name="start_timestamp" value="2026-08-13T08:44:59" /><property name="end_timestamp" value="2026-08-13T08:45:18" /></properties></testcase><testcase classname="models.autoports.meta_models_muse_glimmer_30b.tests.test_multichip_decoder" name="test_batched_prefill_decode_pcc[13-full]" time="18.873"><properties><property name="start_timestamp" value="2026-08-13T08:45:18" /><property name="end_timestamp" value="2026-08-13T08:45:37" /></properties></testcase><testcase classname="models.autoports.meta_models_muse_glimmer_30b.tests.test_multichip_decoder" name="test_batched_prefill_decode_pcc[32-sliding]" time="42.269"><properties><property name="start_timestamp" value="2026-08-13T08:45:37" /><property name="end_timestamp" value="2026-08-13T08:46:20" /></properties></testcase><testcase classname="models.autoports.meta_models_muse_glimmer_30b.tests.test_multichip_decoder" name="test_batched_prefill_decode_pcc[32-full]" time="42.194"><properties><property name="start_timestamp" value="2026-08-13T08:46:20" /><property name="end_timestamp" value="2026-08-13T08:47:02" /></properties></testcase><testcase classname="models.autoports.meta_models_muse_glimmer_30b.tests.test_multichip_decoder" name="test_multi_chunk_prefill_nonzero_user[sliding]" time="14.403"><properties><property name="start_timestamp" value="2026-08-13T08:47:02" /><property name="end_timestamp" value="2026-08-13T08:47:16" /></properties></testcase><testcase classname="models.autoports.meta_models_muse_glimmer_30b.tests.test_multichip_decoder" name="test_multi_chunk_prefill_nonzero_user[full]" time="12.593"><properties><property name="start_timestamp" value="2026-08-13T08:47:16" /><property name="end_timestamp" value="2026-08-13T08:47:29" /></properties></testcase><testcase classname="models.autoports.meta_models_muse_glimmer_30b.tests.test_multichip_decoder" name="test_prefill_decode_pcc_vs_fp32_reference[sliding]" time="10.065"><properties><property name="start_timestamp" value="2026-08-13T08:47:29" /><property name="end_timestamp" value="2026-08-13T08:47:39" /></properties></testcase><testcase classname="models.autoports.meta_models_muse_glimmer_30b.tests.test_multichip_decoder" name="test_prefill_decode_pcc_vs_fp32_reference[full]" time="9.952"><properties><property name="start_timestamp" value="2026-08-13T08:47:39" /><property name="end_timestamp" value="2026-08-13T08:47:49" /></properties></testcase><testcase classname="models.autoports.meta_models_muse_glimmer_30b.tests.test_multichip_decoder" name="test_full_context_prefill[131072-sliding]" time="12.517"><properties><property name="start_timestamp" value="2026-08-13T08:47:49" /><property name="end_timestamp" value="2026-08-13T08:48:01" /></properties></testcase><testcase classname="models.autoports.meta_models_muse_glimmer_30b.tests.test_multichip_decoder" name="test_full_context_prefill[131072-full]" time="13.516"><properties><property name="start_timestamp" value="2026-08-13T08:48:01" /><property name="end_timestamp" value="2026-08-13T08:48:15" /></properties></testcase><testcase classname="models.autoports.meta_models_muse_glimmer_30b.tests.test_multichip_decoder" name="test_full_context_prefill[130073-sliding]" time="6.879"><properties><property name="start_timestamp" value="2026-08-13T08:48:15" /><property name="end_timestamp" value="2026-08-13T08:48:22" /></properties></testcase><testcase classname="models.autoports.meta_models_muse_glimmer_30b.tests.test_multichip_decoder" name="test_full_context_prefill[130073-full]" time="7.979"><properties><property name="start_timestamp" value="2026-08-13T08:48:22" /><property name="end_timestamp" value="2026-08-13T08:48:30" /></properties></testcase><testcase classname="models.autoports.meta_models_muse_glimmer_30b.tests.test_multichip_decoder" name="test_full_context_decode[131071-sliding]" time="6.598"><properties><property name="start_timestamp" value="2026-08-13T08:48:30" /><property name="end_timestamp" value="2026-08-13T08:48:36" /></properties></testcase><testcase classname="models.autoports.meta_models_muse_glimmer_30b.tests.test_multichip_decoder" name="test_full_context_decode[131071-full]" time="6.805"><properties><property name="start_timestamp" value="2026-08-13T08:48:36" /><property name="end_timestamp" value="2026-08-13T08:48:43" /></properties></testcase><testcase classname="models.autoports.meta_models_muse_glimmer_30b.tests.test_multichip_decoder" name="test_full_context_decode[130073-sliding]" time="6.594"><properties><property name="start_timestamp" value="2026-08-13T08:48:43" /><property name="end_timestamp" value="2026-08-13T08:48:50" /></properties></testcase><testcase classname="models.autoports.meta_models_muse_glimmer_30b.tests.test_multichip_decoder" name="test_full_context_decode[130073-full]" time="6.674"><properties><property name="start_timestamp" value="2026-08-13T08:48:50" /><property name="end_timestamp" value="2026-08-13T08:48:56" /></properties></testcase><testcase classname="models.autoports.meta_models_muse_glimmer_30b.tests.test_multichip_decoder" name="test_traced_decode_pcc[sliding]" time="5.365"><properties><property name="start_timestamp" value="2026-08-13T08:48:56" /><property name="end_timestamp" value="2026-08-13T08:49:02" /></properties></testcase><testcase classname="models.autoports.meta_models_muse_glimmer_30b.tests.test_multichip_decoder" name="test_traced_decode_pcc[full]" time="5.382"><properties><property name="start_timestamp" value="2026-08-13T08:49:02" /><property name="end_timestamp" value="2026-08-13T08:49:07" /></properties></testcase><testcase classname="models.autoports.meta_models_muse_glimmer_30b.tests.test_multichip_decoder" name="test_decode_soak[sliding]" time="2.550"><properties><property name="start_timestamp" value="2026-08-13T08:49:07" /><property name="end_timestamp" value="2026-08-13T08:49:10" /></properties></testcase><testcase classname="models.autoports.meta_models_muse_glimmer_30b.tests.test_multichip_decoder" name="test_decode_soak[full]" time="2.511"><properties><property name="start_timestamp" value="2026-08-13T08:49:10" /><property name="end_timestamp" value="2026-08-13T08:49:12" /></properties></testcase><testcase classname="models.autoports.meta_models_muse_glimmer_30b.tests.test_multichip_decoder" name="test_determinism[sliding]" time="0.280"><properties><property name="start_timestamp" value="2026-08-13T08:49:12" /><property name="end_timestamp" value="2026-08-13T08:49:12" /></properties></testcase><testcase classname="models.autoports.meta_models_muse_glimmer_30b.tests.test_multichip_decoder" name="test_determinism[full]" time="0.272"><properties><property name="start_timestamp" value="2026-08-13T08:49:12" /><property name="end_timestamp" value="2026-08-13T08:49:13" /></properties></testcase><testcase classname="models.autoports.meta_models_muse_glimmer_30b.tests.test_multichip_decoder" name="test_no_host_fallback_in_forward[3000-sliding]" time="0.336"><properties><property name="start_timestamp" value="2026-08-13T08:49:13" /><property name="end_timestamp" value="2026-08-13T08:49:13" /></properties></testcase><testcase classname="models.autoports.meta_models_muse_glimmer_30b.tests.test_multichip_decoder" name="test_no_host_fallback_in_forward[3000-full]" time="0.315"><properties><property name="start_timestamp" value="2026-08-13T08:49:13" /><property name="end_timestamp" value="2026-08-13T08:49:13" /></properties></testcase><testcase classname="models.autoports.meta_models_muse_glimmer_30b.tests.test_multichip_decoder" name="test_no_host_fallback_in_forward[12345-sliding]" time="0.660"><properties><property name="start_timestamp" value="2026-08-13T08:49:13" /><property name="end_timestamp" value="2026-08-13T08:49:14" /></properties></testcase><testcase classname="models.autoports.meta_models_muse_glimmer_30b.tests.test_multichip_decoder" name="test_no_host_fallback_in_forward[12345-full]" time="0.657"><properties><property name="start_timestamp" value="2026-08-13T08:49:14" /><property name="end_timestamp" value="2026-08-13T08:49:15" /></properties></testcase><testcase classname="models.autoports.meta_models_muse_glimmer_30b.tests.test_multichip_decoder" name="test_real_weights_prefill_pcc[1-sliding]" time="4.438"><properties><property name="start_timestamp" value="2026-08-13T08:49:15" /><property name="end_timestamp" value="2026-08-13T08:49:19" /></properties></testcase><testcase classname="models.autoports.meta_models_muse_glimmer_30b.tests.test_multichip_decoder" name="test_real_weights_prefill_pcc[1-full]" time="4.475"><properties><property name="start_timestamp" value="2026-08-13T08:49:19" /><property name="end_timestamp" value="2026-08-13T08:49:24" /></properties></testcase><testcase classname="models.autoports.meta_models_muse_glimmer_30b.tests.test_multichip_decoder" name="test_real_weights_prefill_pcc[100-sliding]" time="1.576"><properties><property name="start_timestamp" value="2026-08-13T08:49:24" /><property name="end_timestamp" value="2026-08-13T08:49:25" /></properties></testcase><testcase classname="models.autoports.meta_models_muse_glimmer_30b.tests.test_multichip_decoder" name="test_real_weights_prefill_pcc[100-full]" time="1.577"><properties><property name="start_timestamp" value="2026-08-13T08:49:25" /><property name="end_timestamp" value="2026-08-13T08:49:27" /></properties></testcase><testcase classname="models.autoports.meta_models_muse_glimmer_30b.tests.test_multichip_decoder" name="test_real_weights_prefill_pcc[2049-sliding]" time="2.649"><properties><property name="start_timestamp" value="2026-08-13T08:49:27" /><property name="end_timestamp" value="2026-08-13T08:49:29" /></properties></testcase><testcase classname="models.autoports.meta_models_muse_glimmer_30b.tests.test_multichip_decoder" name="test_real_weights_prefill_pcc[2049-full]" time="2.583"><properties><property name="start_timestamp" value="2026-08-13T08:49:29" /><property name="end_timestamp" value="2026-08-13T08:49:32" /></properties></testcase><testcase classname="models.autoports.meta_models_muse_glimmer_30b.tests.test_multichip_decoder" name="test_real_weights_prefill_pcc[4097-sliding]" time="4.046"><properties><property name="start_timestamp" value="2026-08-13T08:49:32" /><property name="end_timestamp" value="2026-08-13T08:49:36" /></properties></testcase><testcase classname="models.autoports.meta_models_muse_glimmer_30b.tests.test_multichip_decoder" name="test_real_weights_prefill_pcc[4097-full]" time="3.890"><properties><property name="start_timestamp" value="2026-08-13T08:49:36" /><property name="end_timestamp" value="2026-08-13T08:49:40" /></properties></testcase><testcase classname="models.autoports.meta_models_muse_glimmer_30b.tests.test_multichip_decoder" name="test_real_weights_prefill_pcc[8193-sliding]" time="7.214"><properties><property name="start_timestamp" value="2026-08-13T08:49:40" /><property name="end_timestamp" value="2026-08-13T08:49:47" /></properties></testcase><testcase classname="models.autoports.meta_models_muse_glimmer_30b.tests.test_multichip_decoder" name="test_real_weights_prefill_pcc[8193-full]" time="6.607"><properties><property name="start_timestamp" value="2026-08-13T08:49:47" /><property name="end_timestamp" value="2026-08-13T08:49:54" /></properties></testcase><testcase classname="models.autoports.meta_models_muse_glimmer_30b.tests.test_multichip_decoder" name="test_real_weights_prefill_pcc[12345-sliding]" time="11.187"><properties><property name="start_timestamp" value="2026-08-13T08:49:54" /><property name="end_timestamp" value="2026-08-13T08:50:05" /></properties></testcase><testcase classname="models.autoports.meta_models_muse_glimmer_30b.tests.test_multichip_decoder" name="test_real_weights_prefill_pcc[12345-full]" time="9.581"><properties><property name="start_timestamp" value="2026-08-13T08:50:05" /><property name="end_timestamp" value="2026-08-13T08:50:14" /></properties></testcase><testcase classname="models.autoports.meta_models_muse_glimmer_30b.tests.test_multichip_decoder" name="test_real_weights_decode_pcc[sliding]" time="3.306"><properties><property name="start_timestamp" value="2026-08-13T08:50:14" /><property name="end_timestamp" value="2026-08-13T08:50:18" /></properties></testcase><testcase classname="models.autoports.meta_models_muse_glimmer_30b.tests.test_multichip_decoder" name="test_real_weights_decode_pcc[full]" time="3.160"><properties><property name="start_timestamp" value="2026-08-13T08:50:18" /><property name="end_timestamp" value="2026-08-13T08:50:21" /></properties></testcase><testcase classname="models.autoports.meta_models_muse_glimmer_30b.tests.test_multichip_decoder" name="test_real_weights_traced_decode_and_batch[sliding]" time="8.767"><properties><property name="start_timestamp" value="2026-08-13T08:50:21" /><property name="end_timestamp" value="2026-08-13T08:50:30" /></properties></testcase><testcase classname="models.autoports.meta_models_muse_glimmer_30b.tests.test_multichip_decoder" name="test_real_weights_traced_decode_and_batch[full]" time="8.565"><properties><property name="start_timestamp" value="2026-08-13T08:50:30" /><property name="end_timestamp" value="2026-08-13T08:50:38" /></properties></testcase><testcase classname="models.autoports.meta_models_muse_glimmer_30b.tests.test_multichip_decoder" name="test_plan_matches_the_hardware[sliding]" time="4.476"><properties><property name="start_timestamp" value="2026-08-13T08:50:38" /><property name="end_timestamp" value="2026-08-13T08:50:43" /></properties></testcase><testcase classname="models.autoports.meta_models_muse_glimmer_30b.tests.test_multichip_decoder" name="test_plan_matches_the_hardware[full]" time="4.462"><properties><property name="start_timestamp" value="2026-08-13T08:50:43" /><property name="end_timestamp" value="2026-08-13T08:50:47" /></properties></testcase><testcase classname="models.autoports.meta_models_muse_glimmer_30b.tests.test_multichip_decoder" name="test_per_device_weight_shapes[sliding]" time="0.228"><properties><property name="start_timestamp" value="2026-08-13T08:50:47" /><property name="end_timestamp" value="2026-08-13T08:50:47" /></properties></testcase><testcase classname="models.autoports.meta_models_muse_glimmer_30b.tests.test_multichip_decoder" name="test_per_device_weight_shapes[full]" time="0.220"><properties><property name="start_timestamp" value="2026-08-13T08:50:47" /><property name="end_timestamp" value="2026-08-13T08:50:48" /></properties></testcase><testcase classname="models.autoports.meta_models_muse_glimmer_30b.tests.test_multichip_decoder" name="test_qkv_weight_is_gqa_assigned[sliding]" time="1.974"><properties><property name="start_timestamp" value="2026-08-13T08:50:48" /><property name="end_timestamp" value="2026-08-13T08:50:50" /></properties></testcase><testcase classname="models.autoports.meta_models_muse_glimmer_30b.tests.test_multichip_decoder" name="test_qkv_weight_is_gqa_assigned[full]" time="1.977"><properties><property name="start_timestamp" value="2026-08-13T08:50:50" /><property name="end_timestamp" value="2026-08-13T08:50:52" /></properties></testcase><testcase classname="models.autoports.meta_models_muse_glimmer_30b.tests.test_multichip_decoder" name="test_mlp_padding_is_inert[sliding]" time="2.064"><properties><property name="start_timestamp" value="2026-08-13T08:50:52" /><property name="end_timestamp" value="2026-08-13T08:50:54" /></properties></testcase><testcase classname="models.autoports.meta_models_muse_glimmer_30b.tests.test_multichip_decoder" name="test_mlp_padding_is_inert[full]" time="2.050"><properties><property name="start_timestamp" value="2026-08-13T08:50:54" /><property name="end_timestamp" value="2026-08-13T08:50:56" /></properties></testcase><testcase classname="models.autoports.meta_models_muse_glimmer_30b.tests.test_multichip_decoder" name="test_decode_uses_dram_sharded_matmuls[sliding]" time="0.234"><properties><property name="start_timestamp" value="2026-08-13T08:50:56" /><property name="end_timestamp" value="2026-08-13T08:50:56" /></properties></testcase><testcase classname="models.autoports.meta_models_muse_glimmer_30b.tests.test_multichip_decoder" name="test_decode_uses_dram_sharded_matmuls[full]" time="0.220"><properties><property name="start_timestamp" value="2026-08-13T08:50:56" /><property name="end_timestamp" value="2026-08-13T08:50:56" /></properties></testcase><testcase classname="models.autoports.meta_models_muse_glimmer_30b.tests.test_multichip_decoder" name="test_collective_implementation_is_split_by_payload[sliding]" time="0.284"><properties><property name="start_timestamp" value="2026-08-13T08:50:56" /><property name="end_timestamp" value="2026-08-13T08:50:56" /></properties></testcase><testcase classname="models.autoports.meta_models_muse_glimmer_30b.tests.test_multichip_decoder" name="test_collective_implementation_is_split_by_payload[full]" time="0.266"><properties><property name="start_timestamp" value="2026-08-13T08:50:56" /><property name="end_timestamp" value="2026-08-13T08:50:57" /></properties></testcase><testcase classname="models.autoports.meta_models_muse_glimmer_30b.tests.test_multichip_decoder" name="test_fractured_prefill_norm_matches_the_full_width_one[sliding]" time="4.758"><properties><property name="start_timestamp" value="2026-08-13T08:50:57" /><property name="end_timestamp" value="2026-08-13T08:51:01" /></properties></testcase><testcase classname="models.autoports.meta_models_muse_glimmer_30b.tests.test_multichip_decoder" name="test_fractured_prefill_norm_matches_the_full_width_one[full]" time="4.711"><properties><property name="start_timestamp" value="2026-08-13T08:51:01" /><property name="end_timestamp" value="2026-08-13T08:51:06" /></properties></testcase><testcase classname="models.autoports.meta_models_muse_glimmer_30b.tests.test_multichip_decoder" name="test_decode_boundary_layout_is_a_fixed_point[sliding]" time="4.517"><properties><property name="start_timestamp" value="2026-08-13T08:51:06" /><property name="end_timestamp" value="2026-08-13T08:51:11" /></properties></testcase><testcase classname="models.autoports.meta_models_muse_glimmer_30b.tests.test_multichip_decoder" name="test_decode_boundary_layout_is_a_fixed_point[full]" time="0.211"><properties><property name="start_timestamp" value="2026-08-13T08:51:11" /><property name="end_timestamp" value="2026-08-13T08:51:11" /></properties></testcase><testcase classname="models.autoports.meta_models_muse_glimmer_30b.tests.test_multichip_decoder" name="test_decode_has_exactly_two_collectives[sliding]" time="0.672"><properties><property name="start_timestamp" value="2026-08-13T08:51:11" /><property name="end_timestamp" value="2026-08-13T08:51:12" /></properties></testcase><testcase classname="models.autoports.meta_models_muse_glimmer_30b.tests.test_multichip_decoder" name="test_decode_has_exactly_two_collectives[full]" time="0.685"><properties><property name="start_timestamp" value="2026-08-13T08:51:12" /><property name="end_timestamp" value="2026-08-13T08:51:12" /></properties></testcase><testcase classname="models.autoports.meta_models_muse_glimmer_30b.tests.test_multichip_decoder" name="test_qkv_output_shard_is_padded_not_wrong[sliding]" time="0.324"><properties><property name="start_timestamp" value="2026-08-13T08:51:12" /><property name="end_timestamp" value="2026-08-13T08:51:13" /></properties></testcase><testcase classname="models.autoports.meta_models_muse_glimmer_30b.tests.test_multichip_decoder" name="test_qkv_output_shard_is_padded_not_wrong[full]" time="0.326"><properties><property name="start_timestamp" value="2026-08-13T08:51:13" /><property name="end_timestamp" value="2026-08-13T08:51:13" /></properties></testcase><testcase classname="models.autoports.meta_models_muse_glimmer_30b.tests.test_multichip_decoder" name="test_layer_output_dtype_is_the_activation_dtype[sliding]" time="0.258"><properties><property name="start_timestamp" value="2026-08-13T08:51:13" /><property name="end_timestamp" value="2026-08-13T08:51:13" /></properties></testcase><testcase classname="models.autoports.meta_models_muse_glimmer_30b.tests.test_multichip_decoder" name="test_layer_output_dtype_is_the_activation_dtype[full]" time="0.265"><properties><property name="start_timestamp" value="2026-08-13T08:51:13" /><property name="end_timestamp" value="2026-08-13T08:51:13" /></properties></testcase><testcase classname="models.autoports.meta_models_muse_glimmer_30b.tests.test_multichip_decoder" name="test_two_layers_stack" time="15.810"><properties><property name="start_timestamp" value="2026-08-13T08:51:13" /><property name="end_timestamp" value="2026-08-13T08:51:29" /></properties></testcase><testcase classname="models.autoports.meta_models_muse_glimmer_30b.tests.test_multichip_decoder" name="test_replicas_are_bit_identical[sliding]" time="0.276"><properties><property name="start_timestamp" value="2026-08-13T08:51:29" /><property name="end_timestamp" value="2026-08-13T08:51:30" /></properties></testcase><testcase classname="models.autoports.meta_models_muse_glimmer_30b.tests.test_multichip_decoder" name="test_replicas_are_bit_identical[full]" time="0.261"><properties><property name="start_timestamp" value="2026-08-13T08:51:30" /><property name="end_timestamp" value="2026-08-13T08:51:30" /></properties></testcase><testcase classname="models.autoports.meta_models_muse_glimmer_30b.tests.test_multichip_decoder" name="test_kv_cache_holds_the_expected_head[sliding]" time="1.932"><properties><property name="start_timestamp" value="2026-08-13T08:51:30" /><property name="end_timestamp" value="2026-08-13T08:51:32" /></properties></testcase><testcase classname="models.autoports.meta_models_muse_glimmer_30b.tests.test_multichip_decoder" name="test_kv_cache_holds_the_expected_head[full]" time="1.930"><properties><property name="start_timestamp" value="2026-08-13T08:51:32" /><property name="end_timestamp" value="2026-08-13T08:51:34" /></properties></testcase><testcase classname="models.autoports.meta_models_muse_glimmer_30b.tests.test_multichip_decoder" name="test_geometry_table_is_legal" time="0.191"><properties><property name="start_timestamp" value="2026-08-13T08:51:34" /><property name="end_timestamp" value="2026-08-13T08:51:34" /></properties></testcase><testcase classname="models.autoports.meta_models_muse_glimmer_30b.tests.test_multichip_decoder" name="test_decode_ccl_dtype_override[sliding]" time="5.611"><properties><property name="start_timestamp" value="2026-08-13T08:51:34" /><property name="end_timestamp" value="2026-08-13T08:51:39" /></properties></testcase><testcase classname="models.autoports.meta_models_muse_glimmer_30b.tests.test_multichip_decoder" name="test_decode_ccl_dtype_override[full]" time="5.481"><properties><property name="start_timestamp" value="2026-08-13T08:51:39" /><property name="end_timestamp" value="2026-08-13T08:51:45" /></properties></testcase><testcase classname="models.autoports.meta_models_muse_glimmer_30b.tests.test_multichip_decoder" name="test_ccl_mode_override[all_reduce]" time="4.953"><properties><property name="start_timestamp" value="2026-08-13T08:51:45" /><property name="end_timestamp" value="2026-08-13T08:51:50" /></properties></testcase><testcase classname="models.autoports.meta_models_muse_glimmer_30b.tests.test_multichip_decoder" name="test_ccl_mode_override[rs_ag]" time="5.272"><properties><property name="start_timestamp" value="2026-08-13T08:51:50" /><property name="end_timestamp" value="2026-08-13T08:51:55" /></properties></testcase></testsuite></testsuites>