<?xml version="1.0" encoding="utf-8"?><testsuites name="pytest tests"><testsuite name="pytest" errors="0" failures="0" skipped="0" tests="4" time="163.451" timestamp="2026-08-17T16:11:53.391962+00:00" hostname="853faf68e2b0"><testcase classname="models.autoports.qwen_qwen3_8_27b.tests.test_functional_decoder" name="test_real_weights_paged_prefill_and_decode_pcc[device_params0]" time="3.753"><properties><property name="start_timestamp" value="2026-08-17T16:11:54" /><property name="end_timestamp" value="2026-08-17T16:11:57" /></properties></testcase><testcase classname="models.autoports.qwen_qwen3_8_27b.tests.test_functional_decoder" name="test_real_weights_deltanet_prefill_and_traced_decode_pcc[device_params0]" time="3.571"><properties><property name="start_timestamp" value="2026-08-17T16:11:57" /><property name="end_timestamp" value="2026-08-17T16:12:01" /></properties></testcase><testcase classname="models.autoports.qwen_qwen3_8_27b.tests.test_functional_decoder" name="test_full_attention_batched_paged_prefill_decode_pcc[device_params0]" time="11.557"><properties><property name="start_timestamp" value="2026-08-17T16:12:01" /><property name="end_timestamp" value="2026-08-17T16:12:12" /></properties></testcase><testcase classname="models.autoports.qwen_qwen3_8_27b.tests.test_functional_decoder" name="test_advertised_context_layer_harness[device_params0]" time="144.027"><properties><property name="start_timestamp" value="2026-08-17T16:12:12" /><property name="end_timestamp" value="2026-08-17T16:14:36" /></properties></testcase></testsuite></testsuites>
