<?xml version="1.0" encoding="utf-8"?><testsuites name="pytest tests"><testsuite name="pytest" errors="0" failures="7" skipped="121" tests="784" time="992.755" timestamp="2026-06-19T00:14:42.333657+00:00" hostname="wh-03-special-wransom-for-reservation-87314"><testcase classname="eval.golden_tests.scaled_dot_product_attention.test_golden" name="test_op[Q1x1x32x32_KV1x1x32x32-alignment=tile_aligned-attention_kind=self-dtype=FLOAT32-kv_heads_mode=mha-layout=TILE-mask_mode=none-scale_mode=auto]" time="4.028"><properties><property name="start_timestamp" value="2026-06-19T00:14:42" /><property name="tag" value="1x1x32x32" /><property name="metric.pcc" value="0.999998155901308" /><property name="metric.rms" value="0.0033524084599360114" /><property name="metric.max_abs_diff" value="0.005422711372375488" /><property name="metric.median_abs_diff" value="0.0005188733339309692" /><property name="metric.ulp_p99" value="974326.3125" /><property name="metric.has_inf" value="false" /><property name="metric.has_nan" value="false" /><property name="metric.device_kernel_ns" value="10280.0" /><property name="end_timestamp" value="2026-06-19T00:14:46" /></properties></testcase><testcase classname="eval.golden_tests.scaled_dot_product_attention.test_golden" name="test_op[Q1x1x32x32_KV1x1x32x32-alignment=tile_aligned-attention_kind=self-dtype=FLOAT32-kv_heads_mode=mha-layout=TILE-mask_mode=none-scale_mode=explicit]" time="3.046"><properties><property name="start_timestamp" value="2026-06-19T00:14:46" /><property name="tag" value="1x1x32x32" /><property name="metric.pcc" value="0.9999991361191759" /><property name="metric.rms" value="0.0024249954735704586" /><property name="metric.max_abs_diff" value="0.0030000507831573486" /><property name="metric.median_abs_diff" value="0.00033530592918395996" /><property name="metric.ulp_p99" value="711436.625" /><property name="metric.has_inf" value="false" /><property name="metric.has_nan" value="false" /><property name="metric.device_kernel_ns" value="10281.0" /><property name="end_timestamp" value="2026-06-19T00:14:49" /></properties></testcase><testcase classname="eval.golden_tests.scaled_dot_product_attention.test_golden" name="test_op[Q1x1x32x32_KV1x1x32x32-alignment=tile_aligned-attention_kind=self-dtype=FLOAT32-kv_heads_mode=mha-layout=TILE-mask_mode=causal-scale_mode=auto]" time="3.160"><properties><property name="start_timestamp" value="2026-06-19T00:14:49" /><property name="tag" value="1x1x32x32" /><property name="metric.pcc" value="0.9999990441178849" /><property name="metric.rms" value="0.002987764238099989" /><property name="metric.max_abs_diff" value="0.010864973068237305" /><property name="metric.median_abs_diff" value="0.0006757378578186035" /><property name="metric.ulp_p99" value="723107.75" /><property name="metric.has_inf" value="false" /><property name="metric.has_nan" value="false" /><property name="metric.device_kernel_ns" value="10859.0" /><property name="end_timestamp" value="2026-06-19T00:14:52" /></properties></testcase><testcase classname="eval.golden_tests.scaled_dot_product_attention.test_golden" name="test_op[Q1x1x32x32_KV1x1x32x32-alignment=tile_aligned-attention_kind=self-dtype=FLOAT32-kv_heads_mode=mha-layout=TILE-mask_mode=causal-scale_mode=explicit]" time="3.147"><properties><property name="start_timestamp" value="2026-06-19T00:14:52" /><property name="tag" value="1x1x32x32" /><property name="metric.pcc" value="0.999999375354444" /><property name="metric.rms" value="0.0024900430478781025" /><property name="metric.max_abs_diff" value="0.008118391036987305" /><property name="metric.median_abs_diff" value="0.00047992169857025146" /><property name="metric.ulp_p99" value="690251.4375" /><property name="metric.has_inf" value="false" /><property name="metric.has_nan" value="false" /><property name="metric.device_kernel_ns" value="11018.0" /><property name="end_timestamp" value="2026-06-19T00:14:55" /></properties></testcase><testcase classname="eval.golden_tests.scaled_dot_product_attention.test_golden" name="test_op[Q1x1x32x32_KV1x1x32x32-alignment=tile_aligned-attention_kind=self-dtype=BFLOAT16-kv_heads_mode=mha-layout=TILE-mask_mode=none-scale_mode=auto]" time="3.116"><properties><property name="start_timestamp" value="2026-06-19T00:14:55" /><property name="tag" value="1x1x32x32" /><property name="metric.pcc" value="0.9999969889209216" /><property name="metric.rms" value="0.0027056736626892945" /><property name="metric.max_abs_diff" value="0.00390625" /><property name="metric.median_abs_diff" value="0.0" /><property name="metric.ulp_p99" value="7.5400390625" /><property name="metric.has_inf" value="false" /><property name="metric.has_nan" value="false" /><property name="metric.device_kernel_ns" value="9825.0" /><property name="end_timestamp" value="2026-06-19T00:14:58" /></properties></testcase><testcase classname="eval.golden_tests.scaled_dot_product_attention.test_golden" name="test_op[Q1x1x32x32_KV1x1x32x32-alignment=tile_aligned-attention_kind=self-dtype=BFLOAT16-kv_heads_mode=mha-layout=TILE-mask_mode=none-scale_mode=explicit]" time="3.079"><properties><property name="start_timestamp" value="2026-06-19T00:14:58" /><property name="tag" value="1x1x32x32" /><property name="metric.pcc" value="0.9999974245606703" /><property name="metric.rms" value="0.00248300888533863" /><property name="metric.max_abs_diff" value="0.001953125" /><property name="metric.median_abs_diff" value="0.0" /><property name="metric.ulp_p99" value="6.0" /><property name="metric.has_inf" value="false" /><property name="metric.has_nan" value="false" /><property name="metric.device_kernel_ns" value="9812.0" /><property name="end_timestamp" value="2026-06-19T00:15:02" /></properties></testcase><testcase classname="eval.golden_tests.scaled_dot_product_attention.test_golden" name="test_op[Q1x1x32x32_KV1x1x32x32-alignment=tile_aligned-attention_kind=self-dtype=BFLOAT16-kv_heads_mode=mha-layout=TILE-mask_mode=causal-scale_mode=auto]" time="3.231"><properties><property name="start_timestamp" value="2026-06-19T00:15:02" /><property name="tag" value="1x1x32x32" /><property name="metric.pcc" value="0.9999976858379962" /><property name="metric.rms" value="0.0023676121483989588" /><property name="metric.max_abs_diff" value="0.0078125" /><property name="metric.median_abs_diff" value="0.0" /><property name="metric.ulp_p99" value="5.0" /><property name="metric.has_inf" value="false" /><property name="metric.has_nan" value="false" /><property name="metric.device_kernel_ns" value="10508.0" /><property name="end_timestamp" value="2026-06-19T00:15:05" /></properties></testcase><testcase classname="eval.golden_tests.scaled_dot_product_attention.test_golden" name="test_op[Q1x1x32x32_KV1x1x32x32-alignment=tile_aligned-attention_kind=self-dtype=BFLOAT16-kv_heads_mode=mha-layout=TILE-mask_mode=causal-scale_mode=explicit]" time="3.143"><properties><property name="start_timestamp" value="2026-06-19T00:15:05" /><property name="tag" value="1x1x32x32" /><property name="metric.pcc" value="0.9999983893065814" /><property name="metric.rms" value="0.0018834599938414244" /><property name="metric.max_abs_diff" value="0.00390625" /><property name="metric.median_abs_diff" value="0.0" /><property name="metric.ulp_p99" value="4.77001953125" /><property name="metric.has_inf" value="false" /><property name="metric.has_nan" value="false" /><property name="metric.device_kernel_ns" value="10381.0" /><property name="end_timestamp" value="2026-06-19T00:15:08" /></properties></testcase><testcase classname="eval.golden_tests.scaled_dot_product_attention.test_golden" name="test_op[Q1x1x32x32_KV1x1x32x32-alignment=tile_aligned-attention_kind=self-dtype=BFLOAT8_B-kv_heads_mode=mha-layout=TILE-mask_mode=none-scale_mode=auto]" time="3.098"><properties><property name="start_timestamp" value="2026-06-19T00:15:08" /><property name="tag" value="1x1x32x32" /><property name="metric.pcc" value="0.9998783675662841" /><property name="metric.rms" value="0.015604957894791743" /><property name="metric.max_abs_diff" value="0.015625" /><property name="metric.median_abs_diff" value="0.001953125" /><property name="metric.ulp_p99" value="7739168.0" /><property name="metric.has_inf" value="false" /><property name="metric.has_nan" value="false" /><property name="metric.device_kernel_ns" value="9635.0" /><property name="end_timestamp" value="2026-06-19T00:15:11" /></properties></testcase><testcase classname="eval.golden_tests.scaled_dot_product_attention.test_golden" name="test_op[Q1x1x32x32_KV1x1x32x32-alignment=tile_aligned-attention_kind=self-dtype=BFLOAT8_B-kv_heads_mode=mha-layout=TILE-mask_mode=none-scale_mode=explicit]" time="3.087"><properties><property name="start_timestamp" value="2026-06-19T00:15:11" /><property name="tag" value="1x1x32x32" /><property name="metric.pcc" value="0.9998977442835324" /><property name="metric.rms" value="0.014299160250571574" /><property name="metric.max_abs_diff" value="0.00830078125" /><property name="metric.median_abs_diff" value="0.001953125" /><property name="metric.ulp_p99" value="9895936.0" /><property name="metric.has_inf" value="false" /><property name="metric.has_nan" value="false" /><property name="metric.device_kernel_ns" value="9665.0" /><property name="end_timestamp" value="2026-06-19T00:15:14" /></properties></testcase><testcase classname="eval.golden_tests.scaled_dot_product_attention.test_golden" name="test_op[Q1x1x32x32_KV1x1x32x32-alignment=tile_aligned-attention_kind=self-dtype=BFLOAT8_B-kv_heads_mode=mha-layout=TILE-mask_mode=causal-scale_mode=auto]" time="3.176"><properties><property name="start_timestamp" value="2026-06-19T00:15:14" /><property name="tag" value="1x1x32x32" /><property name="metric.pcc" value="0.9999096829096201" /><property name="metric.rms" value="0.013480161019079864" /><property name="metric.max_abs_diff" value="0.0234375" /><property name="metric.median_abs_diff" value="0.00390625" /><property name="metric.ulp_p99" value="770156672.0" /><property name="metric.has_inf" value="false" /><property name="metric.has_nan" value="false" /><property name="metric.device_kernel_ns" value="10160.0" /><property name="end_timestamp" value="2026-06-19T00:15:17" /></properties></testcase><testcase classname="eval.golden_tests.scaled_dot_product_attention.test_golden" name="test_op[Q1x1x32x32_KV1x1x32x32-alignment=tile_aligned-attention_kind=self-dtype=BFLOAT8_B-kv_heads_mode=mha-layout=TILE-mask_mode=causal-scale_mode=explicit]" time="3.148"><properties><property name="start_timestamp" value="2026-06-19T00:15:17" /><property name="tag" value="1x1x32x32" /><property name="metric.pcc" value="0.9999225624025736" /><property name="metric.rms" value="0.012500286195190035" /><property name="metric.max_abs_diff" value="0.01953125" /><property name="metric.median_abs_diff" value="0.0029296875" /><property name="metric.ulp_p99" value="970259392.0" /><property name="metric.has_inf" value="false" /><property name="metric.has_nan" value="false" /><property name="metric.device_kernel_ns" value="10084.0" /><property name="end_timestamp" value="2026-06-19T00:15:20" /></properties></testcase><testcase classname="eval.golden_tests.scaled_dot_product_attention.test_golden" name="test_op[Q1x1x32x64_KV1x1x32x64-alignment=tile_aligned-attention_kind=self-dtype=FLOAT32-kv_heads_mode=mha-layout=TILE-mask_mode=none-scale_mode=auto]" time="3.071"><properties><property name="start_timestamp" value="2026-06-19T00:15:20" /><property name="tag" value="1x1x32x64" /><property name="metric.pcc" value="0.9999988406270908" /><property name="metric.rms" value="0.0029071825912457823" /><property name="metric.max_abs_diff" value="0.004427969455718994" /><property name="metric.median_abs_diff" value="0.00045928359031677246" /><property name="metric.ulp_p99" value="1308264.0" /><property name="metric.has_inf" value="false" /><property name="metric.has_nan" value="false" /><property name="metric.device_kernel_ns" value="11335.0" /><property name="end_timestamp" value="2026-06-19T00:15:23" /></properties></testcase><testcase classname="eval.golden_tests.scaled_dot_product_attention.test_golden" name="test_op[Q1x1x32x64_KV1x1x32x64-alignment=tile_aligned-attention_kind=self-dtype=FLOAT32-kv_heads_mode=mha-layout=TILE-mask_mode=none-scale_mode=explicit]" time="0.011"><properties><property name="start_timestamp" value="2026-06-19T00:15:23" /><property name="tag" value="1x1x32x64" /><property name="metric.pcc" value="0.9999988406270908" /><property name="metric.rms" value="0.0029071825912457823" /><property name="metric.max_abs_diff" value="0.004427969455718994" /><property name="metric.median_abs_diff" value="0.00045928359031677246" /><property name="metric.ulp_p99" value="1308264.0" /><property name="metric.has_inf" value="false" /><property name="metric.has_nan" value="false" /><property name="metric.device_kernel_ns" value="11374.0" /><property name="end_timestamp" value="2026-06-19T00:15:23" /></properties></testcase><testcase classname="eval.golden_tests.scaled_dot_product_attention.test_golden" name="test_op[Q1x1x32x64_KV1x1x32x64-alignment=tile_aligned-attention_kind=self-dtype=FLOAT32-kv_heads_mode=mha-layout=TILE-mask_mode=causal-scale_mode=auto]" time="3.171"><properties><property name="start_timestamp" value="2026-06-19T00:15:23" /><property name="tag" value="1x1x32x64" /><property name="metric.pcc" value="0.999999179992277" /><property name="metric.rms" value="0.002487043178977172" /><property name="metric.max_abs_diff" value="0.0059490203857421875" /><property name="metric.median_abs_diff" value="0.0005685389041900635" /><property name="metric.ulp_p99" value="748759.875" /><property name="metric.has_inf" value="false" /><property name="metric.has_nan" value="false" /><property name="metric.device_kernel_ns" value="12127.0" /><property name="end_timestamp" value="2026-06-19T00:15:27" /></properties></testcase><testcase classname="eval.golden_tests.scaled_dot_product_attention.test_golden" name="test_op[Q1x1x32x64_KV1x1x32x64-alignment=tile_aligned-attention_kind=self-dtype=FLOAT32-kv_heads_mode=mha-layout=TILE-mask_mode=causal-scale_mode=explicit]" time="0.014"><properties><property name="start_timestamp" value="2026-06-19T00:15:27" /><property name="tag" value="1x1x32x64" /><property name="metric.pcc" value="0.999999179992277" /><property name="metric.rms" value="0.002487043178977172" /><property name="metric.max_abs_diff" value="0.0059490203857421875" /><property name="metric.median_abs_diff" value="0.0005685389041900635" /><property name="metric.ulp_p99" value="748759.875" /><property name="metric.has_inf" value="false" /><property name="metric.has_nan" value="false" /><property name="metric.device_kernel_ns" value="12189.0" /><property name="end_timestamp" value="2026-06-19T00:15:27" /></properties></testcase><testcase classname="eval.golden_tests.scaled_dot_product_attention.test_golden" name="test_op[Q1x1x32x64_KV1x1x32x64-alignment=tile_aligned-attention_kind=self-dtype=BFLOAT16-kv_heads_mode=mha-layout=TILE-mask_mode=none-scale_mode=auto]" time="3.072"><properties><property name="start_timestamp" value="2026-06-19T00:15:27" /><property name="tag" value="1x1x32x64" /><property name="metric.pcc" value="0.999997488385585" /><property name="metric.rms" value="0.002435032815570274" /><property name="metric.max_abs_diff" value="0.00390625" /><property name="metric.median_abs_diff" value="0.0" /><property name="metric.ulp_p99" value="7.0" /><property name="metric.has_inf" value="false" /><property name="metric.has_nan" value="false" /><property name="metric.device_kernel_ns" value="10727.0" /><property name="end_timestamp" value="2026-06-19T00:15:30" /></properties></testcase><testcase classname="eval.golden_tests.scaled_dot_product_attention.test_golden" name="test_op[Q1x1x32x64_KV1x1x32x64-alignment=tile_aligned-attention_kind=self-dtype=BFLOAT16-kv_heads_mode=mha-layout=TILE-mask_mode=none-scale_mode=explicit]" time="0.035"><properties><property name="start_timestamp" value="2026-06-19T00:15:30" /><property name="tag" value="1x1x32x64" /><property name="metric.pcc" value="0.999997488385585" /><property name="metric.rms" value="0.002435032815570274" /><property name="metric.max_abs_diff" value="0.00390625" /><property name="metric.median_abs_diff" value="0.0" /><property name="metric.ulp_p99" value="7.0" /><property name="metric.has_inf" value="false" /><property name="metric.has_nan" value="false" /><property name="metric.device_kernel_ns" value="10643.0" /><property name="end_timestamp" value="2026-06-19T00:15:30" /></properties></testcase><testcase classname="eval.golden_tests.scaled_dot_product_attention.test_golden" name="test_op[Q1x1x32x64_KV1x1x32x64-alignment=tile_aligned-attention_kind=self-dtype=BFLOAT16-kv_heads_mode=mha-layout=TILE-mask_mode=causal-scale_mode=auto]" time="3.217"><properties><property name="start_timestamp" value="2026-06-19T00:15:30" /><property name="tag" value="1x1x32x64" /><property name="metric.pcc" value="0.9999976953334249" /><property name="metric.rms" value="0.002331547217049686" /><property name="metric.max_abs_diff" value="0.0078125" /><property name="metric.median_abs_diff" value="0.0" /><property name="metric.ulp_p99" value="6.0" /><property name="metric.has_inf" value="false" /><property name="metric.has_nan" value="false" /><property name="metric.device_kernel_ns" value="11080.0" /><property name="end_timestamp" value="2026-06-19T00:15:33" /></properties></testcase><testcase classname="eval.golden_tests.scaled_dot_product_attention.test_golden" name="test_op[Q1x1x32x64_KV1x1x32x64-alignment=tile_aligned-attention_kind=self-dtype=BFLOAT16-kv_heads_mode=mha-layout=TILE-mask_mode=causal-scale_mode=explicit]" time="0.013"><properties><property name="start_timestamp" value="2026-06-19T00:15:33" /><property name="tag" value="1x1x32x64" /><property name="metric.pcc" value="0.9999976953334249" /><property name="metric.rms" value="0.002331547217049686" /><property name="metric.max_abs_diff" value="0.0078125" /><property name="metric.median_abs_diff" value="0.0" /><property name="metric.ulp_p99" value="6.0" /><property name="metric.has_inf" value="false" /><property name="metric.has_nan" value="false" /><property name="metric.device_kernel_ns" value="11276.0" /><property name="end_timestamp" value="2026-06-19T00:15:33" /></properties></testcase><testcase classname="eval.golden_tests.scaled_dot_product_attention.test_golden" name="test_op[Q1x1x32x64_KV1x1x32x64-alignment=tile_aligned-attention_kind=self-dtype=BFLOAT8_B-kv_heads_mode=mha-layout=TILE-mask_mode=none-scale_mode=auto]" time="3.069"><properties><property name="start_timestamp" value="2026-06-19T00:15:33" /><property name="tag" value="1x1x32x64" /><property name="metric.pcc" value="0.9998877783124017" /><property name="metric.rms" value="0.015028610801400541" /><property name="metric.max_abs_diff" value="0.015625" /><property name="metric.median_abs_diff" value="0.002197265625" /><property name="metric.ulp_p99" value="39712256.0" /><property name="metric.has_inf" value="false" /><property name="metric.has_nan" value="false" /><property name="metric.device_kernel_ns" value="10517.0" /><property name="end_timestamp" value="2026-06-19T00:15:36" /></properties></testcase><testcase classname="eval.golden_tests.scaled_dot_product_attention.test_golden" name="test_op[Q1x1x32x64_KV1x1x32x64-alignment=tile_aligned-attention_kind=self-dtype=BFLOAT8_B-kv_heads_mode=mha-layout=TILE-mask_mode=none-scale_mode=explicit]" time="0.012"><properties><property name="start_timestamp" value="2026-06-19T00:15:36" /><property name="tag" value="1x1x32x64" /><property name="metric.pcc" value="0.9998877783124017" /><property name="metric.rms" value="0.015028610801400541" /><property name="metric.max_abs_diff" value="0.015625" /><property name="metric.median_abs_diff" value="0.002197265625" /><property name="metric.ulp_p99" value="39712256.0" /><property name="metric.has_inf" value="false" /><property name="metric.has_nan" value="false" /><property name="metric.device_kernel_ns" value="10446.0" /><property name="end_timestamp" value="2026-06-19T00:15:36" /></properties></testcase><testcase classname="eval.golden_tests.scaled_dot_product_attention.test_golden" name="test_op[Q1x1x32x64_KV1x1x32x64-alignment=tile_aligned-attention_kind=self-dtype=BFLOAT8_B-kv_heads_mode=mha-layout=TILE-mask_mode=causal-scale_mode=auto]" time="3.183"><properties><property name="start_timestamp" value="2026-06-19T00:15:36" /><property name="tag" value="1x1x32x64" /><property name="metric.pcc" value="0.9999044852795884" /><property name="metric.rms" value="0.013946861871261972" /><property name="metric.max_abs_diff" value="0.025390625" /><property name="metric.median_abs_diff" value="0.00390625" /><property name="metric.ulp_p99" value="28385840.0" /><property name="metric.has_inf" value="false" /><property name="metric.has_nan" value="false" /><property name="metric.device_kernel_ns" value="10982.0" /><property name="end_timestamp" value="2026-06-19T00:15:39" /></properties></testcase><testcase classname="eval.golden_tests.scaled_dot_product_attention.test_golden" name="test_op[Q1x1x32x64_KV1x1x32x64-alignment=tile_aligned-attention_kind=self-dtype=BFLOAT8_B-kv_heads_mode=mha-layout=TILE-mask_mode=causal-scale_mode=explicit]" time="0.012"><properties><property name="start_timestamp" value="2026-06-19T00:15:39" /><property name="tag" value="1x1x32x64" /><property name="metric.pcc" value="0.9999044852795884" /><property name="metric.rms" value="0.013946861871261972" /><property name="metric.max_abs_diff" value="0.025390625" /><property name="metric.median_abs_diff" value="0.00390625" /><property name="metric.ulp_p99" value="28385840.0" /><property name="metric.has_inf" value="false" /><property name="metric.has_nan" value="false" /><property name="metric.device_kernel_ns" value="10924.0" /><property name="end_timestamp" value="2026-06-19T00:15:39" /></properties></testcase><testcase classname="eval.golden_tests.scaled_dot_product_attention.test_golden" name="test_op[Q1x1x128x64_KV1x1x128x64-alignment=tile_aligned-attention_kind=self-dtype=FLOAT32-kv_heads_mode=mha-layout=TILE-mask_mode=none-scale_mode=auto]" time="3.297"><properties><property name="start_timestamp" value="2026-06-19T00:15:39" /><property name="tag" value="1x1x128x64" /><property name="metric.pcc" value="0.9999985595260981" /><property name="metric.rms" value="0.0030697025536185374" /><property name="metric.max_abs_diff" value="0.004468202590942383" /><property name="metric.median_abs_diff" value="0.00026596710085868835" /><property name="metric.ulp_p99" value="1174635.5" /><property name="metric.has_inf" value="false" /><property name="metric.has_nan" value="false" /><property name="metric.device_kernel_ns" value="61391.0" /><property name="end_timestamp" value="2026-06-19T00:15:43" /></properties></testcase><testcase classname="eval.golden_tests.scaled_dot_product_attention.test_golden" name="test_op[Q1x1x128x64_KV1x1x128x64-alignment=tile_aligned-attention_kind=self-dtype=FLOAT32-kv_heads_mode=mha-layout=TILE-mask_mode=none-scale_mode=explicit]" time="0.013"><properties><property name="start_timestamp" value="2026-06-19T00:15:43" /><property name="tag" value="1x1x128x64" /><property name="metric.pcc" value="0.9999985595260981" /><property name="metric.rms" value="0.0030697025536185374" /><property name="metric.max_abs_diff" value="0.004468202590942383" /><property name="metric.median_abs_diff" value="0.00026596710085868835" /><property name="metric.ulp_p99" value="1174635.5" /><property name="metric.has_inf" value="false" /><property name="metric.has_nan" value="false" /><property name="metric.device_kernel_ns" value="61133.0" /><property name="end_timestamp" value="2026-06-19T00:15:43" /></properties></testcase><testcase classname="eval.golden_tests.scaled_dot_product_attention.test_golden" name="test_op[Q1x1x128x64_KV1x1x128x64-alignment=tile_aligned-attention_kind=self-dtype=FLOAT32-kv_heads_mode=mha-layout=TILE-mask_mode=causal-scale_mode=auto]" time="3.436"><properties><property name="start_timestamp" value="2026-06-19T00:15:43" /><property name="tag" value="1x1x128x64" /><property name="metric.pcc" value="0.999998993135181" /><property name="metric.rms" value="0.002673559688072176" /><property name="metric.max_abs_diff" value="0.004995584487915039" /><property name="metric.median_abs_diff" value="0.00037907809019088745" /><property name="metric.ulp_p99" value="876886.4375" /><property name="metric.has_inf" value="false" /><property name="metric.has_nan" value="false" /><property name="metric.device_kernel_ns" value="64450.0" /><property name="end_timestamp" value="2026-06-19T00:15:46" /></properties></testcase><testcase classname="eval.golden_tests.scaled_dot_product_attention.test_golden" name="test_op[Q1x1x128x64_KV1x1x128x64-alignment=tile_aligned-attention_kind=self-dtype=FLOAT32-kv_heads_mode=mha-layout=TILE-mask_mode=causal-scale_mode=explicit]" time="0.064"><properties><property name="start_timestamp" value="2026-06-19T00:15:46" /><property name="tag" value="1x1x128x64" /><property name="metric.pcc" value="0.999998993135181" /><property name="metric.rms" value="0.002673559688072176" /><property name="metric.max_abs_diff" value="0.004995584487915039" /><property name="metric.median_abs_diff" value="0.00037907809019088745" /><property name="metric.ulp_p99" value="876886.4375" /><property name="metric.has_inf" value="false" /><property name="metric.has_nan" value="false" /><property name="metric.device_kernel_ns" value="64081.0" /><property name="end_timestamp" value="2026-06-19T00:15:46" /></properties></testcase><testcase classname="eval.golden_tests.scaled_dot_product_attention.test_golden" name="test_op[Q1x1x128x64_KV1x1x128x64-alignment=tile_aligned-attention_kind=self-dtype=BFLOAT16-kv_heads_mode=mha-layout=TILE-mask_mode=none-scale_mode=auto]" time="3.328"><properties><property name="start_timestamp" value="2026-06-19T00:15:46" /><property name="tag" value="1x1x128x64" /><property name="metric.pcc" value="0.9999971127928594" /><property name="metric.rms" value="0.0026068959313552153" /><property name="metric.max_abs_diff" value="0.001953125" /><property name="metric.median_abs_diff" value="0.0" /><property name="metric.ulp_p99" value="11.0" /><property name="metric.has_inf" value="false" /><property name="metric.has_nan" value="false" /><property name="metric.device_kernel_ns" value="57526.0" /><property name="end_timestamp" value="2026-06-19T00:15:49" /></properties></testcase><testcase classname="eval.golden_tests.scaled_dot_product_attention.test_golden" name="test_op[Q1x1x128x64_KV1x1x128x64-alignment=tile_aligned-attention_kind=self-dtype=BFLOAT16-kv_heads_mode=mha-layout=TILE-mask_mode=none-scale_mode=explicit]" time="0.013"><properties><property name="start_timestamp" value="2026-06-19T00:15:49" /><property name="tag" value="1x1x128x64" /><property name="metric.pcc" value="0.9999971127928594" /><property name="metric.rms" value="0.0026068959313552153" /><property name="metric.max_abs_diff" value="0.001953125" /><property name="metric.median_abs_diff" value="0.0" /><property name="metric.ulp_p99" value="11.0" /><property name="metric.has_inf" value="false" /><property name="metric.has_nan" value="false" /><property name="metric.device_kernel_ns" value="57689.0" /><property name="end_timestamp" value="2026-06-19T00:15:49" /></properties></testcase><testcase classname="eval.golden_tests.scaled_dot_product_attention.test_golden" name="test_op[Q1x1x128x64_KV1x1x128x64-alignment=tile_aligned-attention_kind=self-dtype=BFLOAT16-kv_heads_mode=mha-layout=TILE-mask_mode=causal-scale_mode=auto]" time="3.425"><properties><property name="start_timestamp" value="2026-06-19T00:15:49" /><property name="tag" value="1x1x128x64" /><property name="metric.pcc" value="0.9999977107254936" /><property name="metric.rms" value="0.0023398023177025884" /><property name="metric.max_abs_diff" value="0.0078125" /><property name="metric.median_abs_diff" value="0.0" /><property name="metric.ulp_p99" value="8.0" /><property name="metric.has_inf" value="false" /><property name="metric.has_nan" value="false" /><property name="metric.device_kernel_ns" value="60030.0" /><property name="end_timestamp" value="2026-06-19T00:15:53" /></properties></testcase><testcase classname="eval.golden_tests.scaled_dot_product_attention.test_golden" name="test_op[Q1x1x128x64_KV1x1x128x64-alignment=tile_aligned-attention_kind=self-dtype=BFLOAT16-kv_heads_mode=mha-layout=TILE-mask_mode=causal-scale_mode=explicit]" time="0.016"><properties><property name="start_timestamp" value="2026-06-19T00:15:53" /><property name="tag" value="1x1x128x64" /><property name="metric.pcc" value="0.9999977107254936" /><property name="metric.rms" value="0.0023398023177025884" /><property name="metric.max_abs_diff" value="0.0078125" /><property name="metric.median_abs_diff" value="0.0" /><property name="metric.ulp_p99" value="8.0" /><property name="metric.has_inf" value="false" /><property name="metric.has_nan" value="false" /><property name="metric.device_kernel_ns" value="60115.0" /><property name="end_timestamp" value="2026-06-19T00:15:53" /></properties></testcase><testcase classname="eval.golden_tests.scaled_dot_product_attention.test_golden" name="test_op[Q1x1x128x64_KV1x1x128x64-alignment=tile_aligned-attention_kind=self-dtype=BFLOAT8_B-kv_heads_mode=mha-layout=TILE-mask_mode=none-scale_mode=auto]" time="3.318"><properties><property name="start_timestamp" value="2026-06-19T00:15:53" /><property name="tag" value="1x1x128x64" /><property name="metric.pcc" value="0.9998711356915023" /><property name="metric.rms" value="0.01610755003358888" /><property name="metric.max_abs_diff" value="0.0087890625" /><property name="metric.median_abs_diff" value="0.00146484375" /><property name="metric.ulp_p99" value="970032896.0" /><property name="metric.has_inf" value="false" /><property name="metric.has_nan" value="false" /><property name="metric.device_kernel_ns" value="56644.0" /><property name="end_timestamp" value="2026-06-19T00:15:56" /></properties></testcase><testcase classname="eval.golden_tests.scaled_dot_product_attention.test_golden" name="test_op[Q1x1x128x64_KV1x1x128x64-alignment=tile_aligned-attention_kind=self-dtype=BFLOAT8_B-kv_heads_mode=mha-layout=TILE-mask_mode=none-scale_mode=explicit]" time="0.023"><properties><property name="start_timestamp" value="2026-06-19T00:15:56" /><property name="tag" value="1x1x128x64" /><property name="metric.pcc" value="0.9998711356915023" /><property name="metric.rms" value="0.01610755003358888" /><property name="metric.max_abs_diff" value="0.0087890625" /><property name="metric.median_abs_diff" value="0.00146484375" /><property name="metric.ulp_p99" value="970032896.0" /><property name="metric.has_inf" value="false" /><property name="metric.has_nan" value="false" /><property name="metric.device_kernel_ns" value="56792.0" /><property name="end_timestamp" value="2026-06-19T00:15:56" /></properties></testcase><testcase classname="eval.golden_tests.scaled_dot_product_attention.test_golden" name="test_op[Q1x1x128x64_KV1x1x128x64-alignment=tile_aligned-attention_kind=self-dtype=BFLOAT8_B-kv_heads_mode=mha-layout=TILE-mask_mode=causal-scale_mode=auto]" time="3.452"><properties><property name="start_timestamp" value="2026-06-19T00:15:56" /><property name="tag" value="1x1x128x64" /><property name="metric.pcc" value="0.9999047017947552" /><property name="metric.rms" value="0.013833169606646588" /><property name="metric.max_abs_diff" value="0.03125" /><property name="metric.median_abs_diff" value="0.001953125" /><property name="metric.ulp_p99" value="943294976.0" /><property name="metric.has_inf" value="false" /><property name="metric.has_nan" value="false" /><property name="metric.device_kernel_ns" value="58793.0" /><property name="end_timestamp" value="2026-06-19T00:16:00" /></properties></testcase><testcase classname="eval.golden_tests.scaled_dot_product_attention.test_golden" name="test_op[Q1x1x128x64_KV1x1x128x64-alignment=tile_aligned-attention_kind=self-dtype=BFLOAT8_B-kv_heads_mode=mha-layout=TILE-mask_mode=causal-scale_mode=explicit]" time="0.078"><properties><property name="start_timestamp" value="2026-06-19T00:16:00" /><property name="tag" value="1x1x128x64" /><property name="metric.pcc" value="0.9999047017947552" /><property name="metric.rms" value="0.013833169606646588" /><property name="metric.max_abs_diff" value="0.03125" /><property name="metric.median_abs_diff" value="0.001953125" /><property name="metric.ulp_p99" value="943294976.0" /><property name="metric.has_inf" value="false" /><property name="metric.has_nan" value="false" /><property name="metric.device_kernel_ns" value="58707.0" /><property name="end_timestamp" value="2026-06-19T00:16:00" /></properties></testcase><testcase classname="eval.golden_tests.scaled_dot_product_attention.test_golden" name="test_op[Q1x1x256x64_KV1x1x256x64-alignment=tile_aligned-attention_kind=self-dtype=FLOAT32-kv_heads_mode=mha-layout=TILE-mask_mode=none-scale_mode=auto]" time="3.765"><properties><property name="start_timestamp" value="2026-06-19T00:16:00" /><property name="tag" value="1x1x256x64" /><property name="metric.pcc" value="0.9999978993495037" /><property name="metric.rms" value="0.003540616941028401" /><property name="metric.max_abs_diff" value="0.005387783050537109" /><property name="metric.median_abs_diff" value="0.00018614530563354492" /><property name="metric.ulp_p99" value="1289239.75" /><property name="metric.has_inf" value="false" /><property name="metric.has_nan" value="false" /><property name="metric.device_kernel_ns" value="117693.0" /><property name="end_timestamp" value="2026-06-19T00:16:04" /></properties></testcase><testcase classname="eval.golden_tests.scaled_dot_product_attention.test_golden" name="test_op[Q1x1x256x64_KV1x1x256x64-alignment=tile_aligned-attention_kind=self-dtype=FLOAT32-kv_heads_mode=mha-layout=TILE-mask_mode=none-scale_mode=explicit]" time="0.058"><properties><property name="start_timestamp" value="2026-06-19T00:16:04" /><property name="tag" value="1x1x256x64" /><property name="metric.pcc" value="0.9999978993495037" /><property name="metric.rms" value="0.003540616941028401" /><property name="metric.max_abs_diff" value="0.005387783050537109" /><property name="metric.median_abs_diff" value="0.00018614530563354492" /><property name="metric.ulp_p99" value="1289239.75" /><property name="metric.has_inf" value="false" /><property name="metric.has_nan" value="false" /><property name="metric.device_kernel_ns" value="117476.0" /><property name="end_timestamp" value="2026-06-19T00:16:04" /></properties></testcase><testcase classname="eval.golden_tests.scaled_dot_product_attention.test_golden" name="test_op[Q1x1x256x64_KV1x1x256x64-alignment=tile_aligned-attention_kind=self-dtype=FLOAT32-kv_heads_mode=mha-layout=TILE-mask_mode=causal-scale_mode=auto]" time="3.782"><properties><property name="start_timestamp" value="2026-06-19T00:16:04" /><property name="tag" value="1x1x256x64" /><property name="metric.pcc" value="0.9999989212577768" /><property name="metric.rms" value="0.002428313116612778" /><property name="metric.max_abs_diff" value="0.006441950798034668" /><property name="metric.median_abs_diff" value="0.0002580881118774414" /><property name="metric.ulp_p99" value="947797.1875" /><property name="metric.has_inf" value="false" /><property name="metric.has_nan" value="false" /><property name="metric.device_kernel_ns" value="123844.0" /><property name="end_timestamp" value="2026-06-19T00:16:07" /></properties></testcase><testcase classname="eval.golden_tests.scaled_dot_product_attention.test_golden" name="test_op[Q1x1x256x64_KV1x1x256x64-alignment=tile_aligned-attention_kind=self-dtype=FLOAT32-kv_heads_mode=mha-layout=TILE-mask_mode=causal-scale_mode=explicit]" time="0.014"><properties><property name="start_timestamp" value="2026-06-19T00:16:07" /><property name="tag" value="1x1x256x64" /><property name="metric.pcc" value="0.9999989212577768" /><property name="metric.rms" value="0.002428313116612778" /><property name="metric.max_abs_diff" value="0.006441950798034668" /><property name="metric.median_abs_diff" value="0.0002580881118774414" /><property name="metric.ulp_p99" value="947797.1875" /><property name="metric.has_inf" value="false" /><property name="metric.has_nan" value="false" /><property name="metric.device_kernel_ns" value="123492.0" /><property name="end_timestamp" value="2026-06-19T00:16:07" /></properties></testcase><testcase classname="eval.golden_tests.scaled_dot_product_attention.test_golden" name="test_op[Q1x1x256x64_KV1x1x256x64-alignment=tile_aligned-attention_kind=self-dtype=BFLOAT16-kv_heads_mode=mha-layout=TILE-mask_mode=none-scale_mode=auto]" time="3.688"><properties><property name="start_timestamp" value="2026-06-19T00:16:07" /><property name="tag" value="1x1x256x64" /><property name="metric.pcc" value="0.9999970708456486" /><property name="metric.rms" value="0.002571893283297029" /><property name="metric.max_abs_diff" value="0.00390625" /><property name="metric.median_abs_diff" value="0.0" /><property name="metric.ulp_p99" value="10.0" /><property name="metric.has_inf" value="false" /><property name="metric.has_nan" value="false" /><property name="metric.device_kernel_ns" value="111668.0" /><property name="end_timestamp" value="2026-06-19T00:16:11" /></properties></testcase><testcase classname="eval.golden_tests.scaled_dot_product_attention.test_golden" name="test_op[Q1x1x256x64_KV1x1x256x64-alignment=tile_aligned-attention_kind=self-dtype=BFLOAT16-kv_heads_mode=mha-layout=TILE-mask_mode=none-scale_mode=explicit]" time="0.018"><properties><property name="start_timestamp" value="2026-06-19T00:16:11" /><property name="tag" value="1x1x256x64" /><property name="metric.pcc" value="0.9999970708456486" /><property name="metric.rms" value="0.002571893283297029" /><property name="metric.max_abs_diff" value="0.00390625" /><property name="metric.median_abs_diff" value="0.0" /><property name="metric.ulp_p99" value="10.0" /><property name="metric.has_inf" value="false" /><property name="metric.has_nan" value="false" /><property name="metric.device_kernel_ns" value="111769.0" /><property name="end_timestamp" value="2026-06-19T00:16:11" /></properties></testcase><testcase classname="eval.golden_tests.scaled_dot_product_attention.test_golden" name="test_op[Q1x1x256x64_KV1x1x256x64-alignment=tile_aligned-attention_kind=self-dtype=BFLOAT16-kv_heads_mode=mha-layout=TILE-mask_mode=causal-scale_mode=auto]" time="3.751"><properties><property name="start_timestamp" value="2026-06-19T00:16:11" /><property name="tag" value="1x1x256x64" /><property name="metric.pcc" value="0.9999978721020399" /><property name="metric.rms" value="0.0021316608504300043" /><property name="metric.max_abs_diff" value="0.0078125" /><property name="metric.median_abs_diff" value="0.0" /><property name="metric.ulp_p99" value="9.0" /><property name="metric.has_inf" value="false" /><property name="metric.has_nan" value="false" /><property name="metric.device_kernel_ns" value="116317.0" /><property name="end_timestamp" value="2026-06-19T00:16:15" /></properties></testcase><testcase classname="eval.golden_tests.scaled_dot_product_attention.test_golden" name="test_op[Q1x1x256x64_KV1x1x256x64-alignment=tile_aligned-attention_kind=self-dtype=BFLOAT16-kv_heads_mode=mha-layout=TILE-mask_mode=causal-scale_mode=explicit]" time="0.015"><properties><property name="start_timestamp" value="2026-06-19T00:16:15" /><property name="tag" value="1x1x256x64" /><property name="metric.pcc" value="0.9999978721020399" /><property name="metric.rms" value="0.0021316608504300043" /><property name="metric.max_abs_diff" value="0.0078125" /><property name="metric.median_abs_diff" value="0.0" /><property name="metric.ulp_p99" value="9.0" /><property name="metric.has_inf" value="false" /><property name="metric.has_nan" value="false" /><property name="metric.device_kernel_ns" value="116472.0" /><property name="end_timestamp" value="2026-06-19T00:16:15" /></properties></testcase><testcase classname="eval.golden_tests.scaled_dot_product_attention.test_golden" name="test_op[Q1x1x256x64_KV1x1x256x64-alignment=tile_aligned-attention_kind=self-dtype=BFLOAT8_B-kv_heads_mode=mha-layout=TILE-mask_mode=none-scale_mode=auto]" time="3.685"><properties><property name="start_timestamp" value="2026-06-19T00:16:15" /><property name="tag" value="1x1x256x64" /><property name="metric.pcc" value="0.9998897089095855" /><property name="metric.rms" value="0.01501187032049271" /><property name="metric.max_abs_diff" value="0.0068359375" /><property name="metric.median_abs_diff" value="0.0009765625" /><property name="metric.ulp_p99" value="19468032.0" /><property name="metric.has_inf" value="false" /><property name="metric.has_nan" value="false" /><property name="metric.device_kernel_ns" value="109864.0" /><property name="end_timestamp" value="2026-06-19T00:16:19" /></properties></testcase><testcase classname="eval.golden_tests.scaled_dot_product_attention.test_golden" name="test_op[Q1x1x256x64_KV1x1x256x64-alignment=tile_aligned-attention_kind=self-dtype=BFLOAT8_B-kv_heads_mode=mha-layout=TILE-mask_mode=none-scale_mode=explicit]" time="0.018"><properties><property name="start_timestamp" value="2026-06-19T00:16:19" /><property name="tag" value="1x1x256x64" /><property name="metric.pcc" value="0.9998897089095855" /><property name="metric.rms" value="0.01501187032049271" /><property name="metric.max_abs_diff" value="0.0068359375" /><property name="metric.median_abs_diff" value="0.0009765625" /><property name="metric.ulp_p99" value="19468032.0" /><property name="metric.has_inf" value="false" /><property name="metric.has_nan" value="false" /><property name="metric.device_kernel_ns" value="109913.0" /><property name="end_timestamp" value="2026-06-19T00:16:19" /></properties></testcase><testcase classname="eval.golden_tests.scaled_dot_product_attention.test_golden" name="test_op[Q1x1x256x64_KV1x1x256x64-alignment=tile_aligned-attention_kind=self-dtype=BFLOAT8_B-kv_heads_mode=mha-layout=TILE-mask_mode=causal-scale_mode=auto]" time="3.777"><properties><property name="start_timestamp" value="2026-06-19T00:16:19" /><property name="tag" value="1x1x256x64" /><property name="metric.pcc" value="0.999899545775655" /><property name="metric.rms" value="0.014299044175738782" /><property name="metric.max_abs_diff" value="0.02734375" /><property name="metric.median_abs_diff" value="0.00146484375" /><property name="metric.ulp_p99" value="17178112.0" /><property name="metric.has_inf" value="false" /><property name="metric.has_nan" value="false" /><property name="metric.device_kernel_ns" value="115091.0" /><property name="end_timestamp" value="2026-06-19T00:16:22" /></properties></testcase><testcase classname="eval.golden_tests.scaled_dot_product_attention.test_golden" name="test_op[Q1x1x256x64_KV1x1x256x64-alignment=tile_aligned-attention_kind=self-dtype=BFLOAT8_B-kv_heads_mode=mha-layout=TILE-mask_mode=causal-scale_mode=explicit]" time="0.061"><properties><property name="start_timestamp" value="2026-06-19T00:16:22" /><property name="tag" value="1x1x256x64" /><property name="metric.pcc" value="0.999899545775655" /><property name="metric.rms" value="0.014299044175738782" /><property name="metric.max_abs_diff" value="0.02734375" /><property name="metric.median_abs_diff" value="0.00146484375" /><property name="metric.ulp_p99" value="17178112.0" /><property name="metric.has_inf" value="false" /><property name="metric.has_nan" value="false" /><property name="metric.device_kernel_ns" value="114735.0" /><property name="end_timestamp" value="2026-06-19T00:16:22" /></properties></testcase><testcase classname="eval.golden_tests.scaled_dot_product_attention.test_golden" name="test_op[Q1x1x512x64_KV1x1x512x64-alignment=tile_aligned-attention_kind=self-dtype=FLOAT32-kv_heads_mode=mha-layout=TILE-mask_mode=none-scale_mode=auto]" time="3.775"><properties><property name="start_timestamp" value="2026-06-19T00:16:22" /><property name="tag" value="1x1x512x64" /><property name="metric.pcc" value="0.9999978621214907" /><property name="metric.rms" value="0.003493860115493171" /><property name="metric.max_abs_diff" value="0.0017993152141571045" /><property name="metric.median_abs_diff" value="0.00014506280422210693" /><property name="metric.ulp_p99" value="1398717.75" /><property name="metric.has_inf" value="false" /><property name="metric.has_nan" value="false" /><property name="metric.device_kernel_ns" value="231203.0" /><property name="end_timestamp" value="2026-06-19T00:16:26" /></properties></testcase><testcase classname="eval.golden_tests.scaled_dot_product_attention.test_golden" name="test_op[Q1x1x512x64_KV1x1x512x64-alignment=tile_aligned-attention_kind=self-dtype=FLOAT32-kv_heads_mode=mha-layout=TILE-mask_mode=none-scale_mode=explicit]" time="0.019"><properties><property name="start_timestamp" value="2026-06-19T00:16:26" /><property name="tag" value="1x1x512x64" /><property name="metric.pcc" value="0.9999978621214907" /><property name="metric.rms" value="0.003493860115493171" /><property name="metric.max_abs_diff" value="0.0017993152141571045" /><property name="metric.median_abs_diff" value="0.00014506280422210693" /><property name="metric.ulp_p99" value="1398717.75" /><property name="metric.has_inf" value="false" /><property name="metric.has_nan" value="false" /><property name="metric.device_kernel_ns" value="231421.0" /><property name="end_timestamp" value="2026-06-19T00:16:26" /></properties></testcase><testcase classname="eval.golden_tests.scaled_dot_product_attention.test_golden" name="test_op[Q1x1x512x64_KV1x1x512x64-alignment=tile_aligned-attention_kind=self-dtype=FLOAT32-kv_heads_mode=mha-layout=TILE-mask_mode=causal-scale_mode=auto]" time="3.813"><properties><property name="start_timestamp" value="2026-06-19T00:16:26" /><property name="tag" value="1x1x512x64" /><property name="metric.pcc" value="0.9999985023996746" /><property name="metric.rms" value="0.0026435543263181966" /><property name="metric.max_abs_diff" value="0.005239129066467285" /><property name="metric.median_abs_diff" value="0.00019064918160438538" /><property name="metric.ulp_p99" value="1289899.625" /><property name="metric.has_inf" value="false" /><property name="metric.has_nan" value="false" /><property name="metric.device_kernel_ns" value="244818.0" /><property name="end_timestamp" value="2026-06-19T00:16:30" /></properties></testcase><testcase classname="eval.golden_tests.scaled_dot_product_attention.test_golden" name="test_op[Q1x1x512x64_KV1x1x512x64-alignment=tile_aligned-attention_kind=self-dtype=FLOAT32-kv_heads_mode=mha-layout=TILE-mask_mode=causal-scale_mode=explicit]" time="0.020"><properties><property name="start_timestamp" value="2026-06-19T00:16:30" /><property name="tag" value="1x1x512x64" /><property name="metric.pcc" value="0.9999985023996746" /><property name="metric.rms" value="0.0026435543263181966" /><property name="metric.max_abs_diff" value="0.005239129066467285" /><property name="metric.median_abs_diff" value="0.00019064918160438538" /><property name="metric.ulp_p99" value="1289899.625" /><property name="metric.has_inf" value="false" /><property name="metric.has_nan" value="false" /><property name="metric.device_kernel_ns" value="245757.0" /><property name="end_timestamp" value="2026-06-19T00:16:30" /></properties></testcase><testcase classname="eval.golden_tests.scaled_dot_product_attention.test_golden" name="test_op[Q1x1x512x64_KV1x1x512x64-alignment=tile_aligned-attention_kind=self-dtype=BFLOAT16-kv_heads_mode=mha-layout=TILE-mask_mode=none-scale_mode=auto]" time="3.683"><properties><property name="start_timestamp" value="2026-06-19T00:16:30" /><property name="tag" value="1x1x512x64" /><property name="metric.pcc" value="0.9999965444685549" /><property name="metric.rms" value="0.0028022103326047925" /><property name="metric.max_abs_diff" value="0.001953125" /><property name="metric.median_abs_diff" value="0.0" /><property name="metric.ulp_p99" value="15.0" /><property name="metric.has_inf" value="false" /><property name="metric.has_nan" value="false" /><property name="metric.device_kernel_ns" value="219827.0" /><property name="end_timestamp" value="2026-06-19T00:16:34" /></properties></testcase><testcase classname="eval.golden_tests.scaled_dot_product_attention.test_golden" name="test_op[Q1x1x512x64_KV1x1x512x64-alignment=tile_aligned-attention_kind=self-dtype=BFLOAT16-kv_heads_mode=mha-layout=TILE-mask_mode=none-scale_mode=explicit]" time="0.018"><properties><property name="start_timestamp" value="2026-06-19T00:16:34" /><property name="tag" value="1x1x512x64" /><property name="metric.pcc" value="0.9999965444685549" /><property name="metric.rms" value="0.0028022103326047925" /><property name="metric.max_abs_diff" value="0.001953125" /><property name="metric.median_abs_diff" value="0.0" /><property name="metric.ulp_p99" value="15.0" /><property name="metric.has_inf" value="false" /><property name="metric.has_nan" value="false" /><property name="metric.device_kernel_ns" value="219389.0" /><property name="end_timestamp" value="2026-06-19T00:16:34" /></properties></testcase><testcase classname="eval.golden_tests.scaled_dot_product_attention.test_golden" name="test_op[Q1x1x512x64_KV1x1x512x64-alignment=tile_aligned-attention_kind=self-dtype=BFLOAT16-kv_heads_mode=mha-layout=TILE-mask_mode=causal-scale_mode=auto]" time="3.809"><properties><property name="start_timestamp" value="2026-06-19T00:16:34" /><property name="tag" value="1x1x512x64" /><property name="metric.pcc" value="0.9999975573789299" /><property name="metric.rms" value="0.0022659661211881406" /><property name="metric.max_abs_diff" value="0.0078125" /><property name="metric.median_abs_diff" value="0.0" /><property name="metric.ulp_p99" value="11.0" /><property name="metric.has_inf" value="false" /><property name="metric.has_nan" value="false" /><property name="metric.device_kernel_ns" value="229964.0" /><property name="end_timestamp" value="2026-06-19T00:16:38" /></properties></testcase><testcase classname="eval.golden_tests.scaled_dot_product_attention.test_golden" name="test_op[Q1x1x512x64_KV1x1x512x64-alignment=tile_aligned-attention_kind=self-dtype=BFLOAT16-kv_heads_mode=mha-layout=TILE-mask_mode=causal-scale_mode=explicit]" time="0.105"><properties><property name="start_timestamp" value="2026-06-19T00:16:38" /><property name="tag" value="1x1x512x64" /><property name="metric.pcc" value="0.9999975573789299" /><property name="metric.rms" value="0.0022659661211881406" /><property name="metric.max_abs_diff" value="0.0078125" /><property name="metric.median_abs_diff" value="0.0" /><property name="metric.ulp_p99" value="11.0" /><property name="metric.has_inf" value="false" /><property name="metric.has_nan" value="false" /><property name="metric.device_kernel_ns" value="230522.0" /><property name="end_timestamp" value="2026-06-19T00:16:38" /></properties></testcase><testcase classname="eval.golden_tests.scaled_dot_product_attention.test_golden" name="test_op[Q1x1x512x64_KV1x1x512x64-alignment=tile_aligned-attention_kind=self-dtype=BFLOAT8_B-kv_heads_mode=mha-layout=TILE-mask_mode=none-scale_mode=auto]" time="3.732"><properties><property name="start_timestamp" value="2026-06-19T00:16:38" /><property name="tag" value="1x1x512x64" /><property name="metric.pcc" value="0.9998771441424206" /><property name="metric.rms" value="0.015755531379272287" /><property name="metric.max_abs_diff" value="0.0078125" /><property name="metric.median_abs_diff" value="0.000732421875" /><property name="metric.ulp_p99" value="958092416.0" /><property name="metric.has_inf" value="false" /><property name="metric.has_nan" value="false" /><property name="metric.device_kernel_ns" value="218356.0" /><property name="end_timestamp" value="2026-06-19T00:16:41" /></properties></testcase><testcase classname="eval.golden_tests.scaled_dot_product_attention.test_golden" name="test_op[Q1x1x512x64_KV1x1x512x64-alignment=tile_aligned-attention_kind=self-dtype=BFLOAT8_B-kv_heads_mode=mha-layout=TILE-mask_mode=none-scale_mode=explicit]" time="0.021"><properties><property name="start_timestamp" value="2026-06-19T00:16:41" /><property name="tag" value="1x1x512x64" /><property name="metric.pcc" value="0.9998771441424206" /><property name="metric.rms" value="0.015755531379272287" /><property name="metric.max_abs_diff" value="0.0078125" /><property name="metric.median_abs_diff" value="0.000732421875" /><property name="metric.ulp_p99" value="958092416.0" /><property name="metric.has_inf" value="false" /><property name="metric.has_nan" value="false" /><property name="metric.device_kernel_ns" value="216356.0" /><property name="end_timestamp" value="2026-06-19T00:16:41" /></properties></testcase><testcase classname="eval.golden_tests.scaled_dot_product_attention.test_golden" name="test_op[Q1x1x512x64_KV1x1x512x64-alignment=tile_aligned-attention_kind=self-dtype=BFLOAT8_B-kv_heads_mode=mha-layout=TILE-mask_mode=causal-scale_mode=auto]" time="3.755"><properties><property name="start_timestamp" value="2026-06-19T00:16:41" /><property name="tag" value="1x1x512x64" /><property name="metric.pcc" value="0.9998973875838453" /><property name="metric.rms" value="0.014496964776108633" /><property name="metric.max_abs_diff" value="0.025390625" /><property name="metric.median_abs_diff" value="0.0009765625" /><property name="metric.ulp_p99" value="959096448.0" /><property name="metric.has_inf" value="false" /><property name="metric.has_nan" value="false" /><property name="metric.device_kernel_ns" value="224583.0" /><property name="end_timestamp" value="2026-06-19T00:16:45" /></properties></testcase><testcase classname="eval.golden_tests.scaled_dot_product_attention.test_golden" name="test_op[Q1x1x512x64_KV1x1x512x64-alignment=tile_aligned-attention_kind=self-dtype=BFLOAT8_B-kv_heads_mode=mha-layout=TILE-mask_mode=causal-scale_mode=explicit]" time="0.025"><properties><property name="start_timestamp" value="2026-06-19T00:16:45" /><property name="tag" value="1x1x512x64" /><property name="metric.pcc" value="0.9998973875838453" /><property name="metric.rms" value="0.014496964776108633" /><property name="metric.max_abs_diff" value="0.025390625" /><property name="metric.median_abs_diff" value="0.0009765625" /><property name="metric.ulp_p99" value="959096448.0" /><property name="metric.has_inf" value="false" /><property name="metric.has_nan" value="false" /><property name="metric.device_kernel_ns" value="224607.0" /><property name="end_timestamp" value="2026-06-19T00:16:45" /></properties></testcase><testcase classname="eval.golden_tests.scaled_dot_product_attention.test_golden" name="test_op[Q1x1x1024x64_KV1x1x1024x64-alignment=tile_aligned-attention_kind=self-dtype=FLOAT32-kv_heads_mode=mha-layout=TILE-mask_mode=none-scale_mode=auto]" time="3.858"><properties><property name="start_timestamp" value="2026-06-19T00:16:45" /><property name="tag" value="1x1x1024x64" /><property name="metric.pcc" value="0.9999969814764182" /><property name="metric.rms" value="0.0037755236866966733" /><property name="metric.max_abs_diff" value="0.002293199300765991" /><property name="metric.median_abs_diff" value="0.00011296570301055908" /><property name="metric.ulp_p99" value="1660650.375" /><property name="metric.has_inf" value="false" /><property name="metric.has_nan" value="false" /><property name="metric.device_kernel_ns" value="458741.0" /><property name="end_timestamp" value="2026-06-19T00:16:49" /></properties></testcase><testcase classname="eval.golden_tests.scaled_dot_product_attention.test_golden" name="test_op[Q1x1x1024x64_KV1x1x1024x64-alignment=tile_aligned-attention_kind=self-dtype=FLOAT32-kv_heads_mode=mha-layout=TILE-mask_mode=none-scale_mode=explicit]" time="0.073"><properties><property name="start_timestamp" value="2026-06-19T00:16:49" /><property name="tag" value="1x1x1024x64" /><property name="metric.pcc" value="0.9999969814764182" /><property name="metric.rms" value="0.0037755236866966733" /><property name="metric.max_abs_diff" value="0.002293199300765991" /><property name="metric.median_abs_diff" value="0.00011296570301055908" /><property name="metric.ulp_p99" value="1660650.375" /><property name="metric.has_inf" value="false" /><property name="metric.has_nan" value="false" /><property name="metric.device_kernel_ns" value="457921.0" /><property name="end_timestamp" value="2026-06-19T00:16:49" /></properties></testcase><testcase classname="eval.golden_tests.scaled_dot_product_attention.test_golden" name="test_op[Q1x1x1024x64_KV1x1x1024x64-alignment=tile_aligned-attention_kind=self-dtype=FLOAT32-kv_heads_mode=mha-layout=TILE-mask_mode=causal-scale_mode=auto]" time="3.819"><properties><property name="start_timestamp" value="2026-06-19T00:16:49" /><property name="tag" value="1x1x1024x64" /><property name="metric.pcc" value="0.9999985981877151" /><property name="metric.rms" value="0.0026442673256769174" /><property name="metric.max_abs_diff" value="0.008104085922241211" /><property name="metric.median_abs_diff" value="0.00014643557369709015" /><property name="metric.ulp_p99" value="1257572.625" /><property name="metric.has_inf" value="false" /><property name="metric.has_nan" value="false" /><property name="metric.device_kernel_ns" value="491091.0" /><property name="end_timestamp" value="2026-06-19T00:16:53" /></properties></testcase><testcase classname="eval.golden_tests.scaled_dot_product_attention.test_golden" name="test_op[Q1x1x1024x64_KV1x1x1024x64-alignment=tile_aligned-attention_kind=self-dtype=FLOAT32-kv_heads_mode=mha-layout=TILE-mask_mode=causal-scale_mode=explicit]" time="0.036"><properties><property name="start_timestamp" value="2026-06-19T00:16:53" /><property name="tag" value="1x1x1024x64" /><property name="metric.pcc" value="0.9999985981877151" /><property name="metric.rms" value="0.0026442673256769174" /><property name="metric.max_abs_diff" value="0.008104085922241211" /><property name="metric.median_abs_diff" value="0.00014643557369709015" /><property name="metric.ulp_p99" value="1257572.625" /><property name="metric.has_inf" value="false" /><property name="metric.has_nan" value="false" /><property name="metric.device_kernel_ns" value="493457.0" /><property name="end_timestamp" value="2026-06-19T00:16:53" /></properties></testcase><testcase classname="eval.golden_tests.scaled_dot_product_attention.test_golden" name="test_op[Q1x1x1024x64_KV1x1x1024x64-alignment=tile_aligned-attention_kind=self-dtype=BFLOAT16-kv_heads_mode=mha-layout=TILE-mask_mode=none-scale_mode=auto]" time="3.769"><properties><property name="start_timestamp" value="2026-06-19T00:16:53" /><property name="tag" value="1x1x1024x64" /><property name="metric.pcc" value="0.9999955091380958" /><property name="metric.rms" value="0.0031848282148805203" /><property name="metric.max_abs_diff" value="0.001953125" /><property name="metric.median_abs_diff" value="0.0" /><property name="metric.ulp_p99" value="19.0" /><property name="metric.has_inf" value="false" /><property name="metric.has_nan" value="false" /><property name="metric.device_kernel_ns" value="436579.0" /><property name="end_timestamp" value="2026-06-19T00:16:57" /></properties></testcase><testcase classname="eval.golden_tests.scaled_dot_product_attention.test_golden" name="test_op[Q1x1x1024x64_KV1x1x1024x64-alignment=tile_aligned-attention_kind=self-dtype=BFLOAT16-kv_heads_mode=mha-layout=TILE-mask_mode=none-scale_mode=explicit]" time="0.029"><properties><property name="start_timestamp" value="2026-06-19T00:16:57" /><property name="tag" value="1x1x1024x64" /><property name="metric.pcc" value="0.9999955091380958" /><property name="metric.rms" value="0.0031848282148805203" /><property name="metric.max_abs_diff" value="0.001953125" /><property name="metric.median_abs_diff" value="0.0" /><property name="metric.ulp_p99" value="19.0" /><property name="metric.has_inf" value="false" /><property name="metric.has_nan" value="false" /><property name="metric.device_kernel_ns" value="435536.0" /><property name="end_timestamp" value="2026-06-19T00:16:57" /></properties></testcase><testcase classname="eval.golden_tests.scaled_dot_product_attention.test_golden" name="test_op[Q1x1x1024x64_KV1x1x1024x64-alignment=tile_aligned-attention_kind=self-dtype=BFLOAT16-kv_heads_mode=mha-layout=TILE-mask_mode=causal-scale_mode=auto]" time="3.901"><properties><property name="start_timestamp" value="2026-06-19T00:16:57" /><property name="tag" value="1x1x1024x64" /><property name="metric.pcc" value="0.9999977653307485" /><property name="metric.rms" value="0.0021587254498229027" /><property name="metric.max_abs_diff" value="0.0078125" /><property name="metric.median_abs_diff" value="0.0" /><property name="metric.ulp_p99" value="13.0" /><property name="metric.has_inf" value="false" /><property name="metric.has_nan" value="false" /><property name="metric.device_kernel_ns" value="456884.0" /><property name="end_timestamp" value="2026-06-19T00:17:01" /></properties></testcase><testcase classname="eval.golden_tests.scaled_dot_product_attention.test_golden" name="test_op[Q1x1x1024x64_KV1x1x1024x64-alignment=tile_aligned-attention_kind=self-dtype=BFLOAT16-kv_heads_mode=mha-layout=TILE-mask_mode=causal-scale_mode=explicit]" time="0.164"><properties><property name="start_timestamp" value="2026-06-19T00:17:01" /><property name="tag" value="1x1x1024x64" /><property name="metric.pcc" value="0.9999977653307485" /><property name="metric.rms" value="0.0021587254498229027" /><property name="metric.max_abs_diff" value="0.0078125" /><property name="metric.median_abs_diff" value="0.0" /><property name="metric.ulp_p99" value="13.0" /><property name="metric.has_inf" value="false" /><property name="metric.has_nan" value="false" /><property name="metric.device_kernel_ns" value="456466.0" /><property name="end_timestamp" value="2026-06-19T00:17:01" /></properties></testcase><testcase classname="eval.golden_tests.scaled_dot_product_attention.test_golden" name="test_op[Q1x1x1024x64_KV1x1x1024x64-alignment=tile_aligned-attention_kind=self-dtype=BFLOAT8_B-kv_heads_mode=mha-layout=TILE-mask_mode=none-scale_mode=auto]" time="3.681"><properties><property name="start_timestamp" value="2026-06-19T00:17:01" /><property name="tag" value="1x1x1024x64" /><property name="metric.pcc" value="0.9998788210251925" /><property name="metric.rms" value="0.015632159529478572" /><property name="metric.max_abs_diff" value="0.00439453125" /><property name="metric.median_abs_diff" value="0.00048828125" /><property name="metric.ulp_p99" value="935016448.0" /><property name="metric.has_inf" value="false" /><property name="metric.has_nan" value="false" /><property name="metric.device_kernel_ns" value="428321.0" /><property name="end_timestamp" value="2026-06-19T00:17:05" /></properties></testcase><testcase classname="eval.golden_tests.scaled_dot_product_attention.test_golden" name="test_op[Q1x1x1024x64_KV1x1x1024x64-alignment=tile_aligned-attention_kind=self-dtype=BFLOAT8_B-kv_heads_mode=mha-layout=TILE-mask_mode=none-scale_mode=explicit]" time="0.031"><properties><property name="start_timestamp" value="2026-06-19T00:17:05" /><property name="tag" value="1x1x1024x64" /><property name="metric.pcc" value="0.9998788210251925" /><property name="metric.rms" value="0.015632159529478572" /><property name="metric.max_abs_diff" value="0.00439453125" /><property name="metric.median_abs_diff" value="0.00048828125" /><property name="metric.ulp_p99" value="935016448.0" /><property name="metric.has_inf" value="false" /><property name="metric.has_nan" value="false" /><property name="metric.device_kernel_ns" value="428697.0" /><property name="end_timestamp" value="2026-06-19T00:17:05" /></properties></testcase><testcase classname="eval.golden_tests.scaled_dot_product_attention.test_golden" name="test_op[Q1x1x1024x64_KV1x1x1024x64-alignment=tile_aligned-attention_kind=self-dtype=BFLOAT8_B-kv_heads_mode=mha-layout=TILE-mask_mode=causal-scale_mode=auto]" time="3.870"><properties><property name="start_timestamp" value="2026-06-19T00:17:05" /><property name="tag" value="1x1x1024x64" /><property name="metric.pcc" value="0.999907689305801" /><property name="metric.rms" value="0.013762293595489385" /><property name="metric.max_abs_diff" value="0.03125" /><property name="metric.median_abs_diff" value="0.0008544921875" /><property name="metric.ulp_p99" value="29898752.0" /><property name="metric.has_inf" value="false" /><property name="metric.has_nan" value="false" /><property name="metric.device_kernel_ns" value="446918.0" /><property name="end_timestamp" value="2026-06-19T00:17:08" /></properties></testcase><testcase classname="eval.golden_tests.scaled_dot_product_attention.test_golden" name="test_op[Q1x1x1024x64_KV1x1x1024x64-alignment=tile_aligned-attention_kind=self-dtype=BFLOAT8_B-kv_heads_mode=mha-layout=TILE-mask_mode=causal-scale_mode=explicit]" time="0.050"><properties><property name="start_timestamp" value="2026-06-19T00:17:08" /><property name="tag" value="1x1x1024x64" /><property name="metric.pcc" value="0.999907689305801" /><property name="metric.rms" value="0.013762293595489385" /><property name="metric.max_abs_diff" value="0.03125" /><property name="metric.median_abs_diff" value="0.0008544921875" /><property name="metric.ulp_p99" value="29898752.0" /><property name="metric.has_inf" value="false" /><property name="metric.has_nan" value="false" /><property name="metric.device_kernel_ns" value="446676.0" /><property name="end_timestamp" value="2026-06-19T00:17:08" /></properties></testcase><testcase classname="eval.golden_tests.scaled_dot_product_attention.test_golden" name="test_op[Q1x1x2048x64_KV1x1x2048x64-alignment=tile_aligned-attention_kind=self-dtype=FLOAT32-kv_heads_mode=mha-layout=TILE-mask_mode=none-scale_mode=auto]" time="3.736"><properties><property name="start_timestamp" value="2026-06-19T00:17:08" /><property name="tag" value="1x1x2048x64" /><property name="metric.pcc" value="0.9999947818302886" /><property name="metric.rms" value="0.004327408202406717" /><property name="metric.max_abs_diff" value="0.001977771520614624" /><property name="metric.median_abs_diff" value="9.406358003616333e-05" /><property name="metric.ulp_p99" value="2252265.25" /><property name="metric.has_inf" value="false" /><property name="metric.has_nan" value="false" /><property name="metric.device_kernel_ns" value="895344.0" /><property name="end_timestamp" value="2026-06-19T00:17:12" /></properties></testcase><testcase classname="eval.golden_tests.scaled_dot_product_attention.test_golden" name="test_op[Q1x1x2048x64_KV1x1x2048x64-alignment=tile_aligned-attention_kind=self-dtype=FLOAT32-kv_heads_mode=mha-layout=TILE-mask_mode=none-scale_mode=explicit]" time="0.043"><properties><property name="start_timestamp" value="2026-06-19T00:17:12" /><property name="tag" value="1x1x2048x64" /><property name="metric.pcc" value="0.9999947818302886" /><property name="metric.rms" value="0.004327408202406717" /><property name="metric.max_abs_diff" value="0.001977771520614624" /><property name="metric.median_abs_diff" value="9.406358003616333e-05" /><property name="metric.ulp_p99" value="2252265.25" /><property name="metric.has_inf" value="false" /><property name="metric.has_nan" value="false" /><property name="metric.device_kernel_ns" value="895404.0" /><property name="end_timestamp" value="2026-06-19T00:17:12" /></properties></testcase><testcase classname="eval.golden_tests.scaled_dot_product_attention.test_golden" name="test_op[Q1x1x2048x64_KV1x1x2048x64-alignment=tile_aligned-attention_kind=self-dtype=FLOAT32-kv_heads_mode=mha-layout=TILE-mask_mode=causal-scale_mode=auto]" time="3.879"><properties><property name="start_timestamp" value="2026-06-19T00:17:12" /><property name="tag" value="1x1x2048x64" /><property name="metric.pcc" value="0.9999983239158486" /><property name="metric.rms" value="0.0028602881120106142" /><property name="metric.max_abs_diff" value="0.00848698616027832" /><property name="metric.median_abs_diff" value="0.00011695921421051025" /><property name="metric.ulp_p99" value="1542297.5" /><property name="metric.has_inf" value="false" /><property name="metric.has_nan" value="false" /><property name="metric.device_kernel_ns" value="958631.0" /><property name="end_timestamp" value="2026-06-19T00:17:16" /></properties></testcase><testcase classname="eval.golden_tests.scaled_dot_product_attention.test_golden" name="test_op[Q1x1x2048x64_KV1x1x2048x64-alignment=tile_aligned-attention_kind=self-dtype=FLOAT32-kv_heads_mode=mha-layout=TILE-mask_mode=causal-scale_mode=explicit]" time="0.064"><properties><property name="start_timestamp" value="2026-06-19T00:17:16" /><property name="tag" value="1x1x2048x64" /><property name="metric.pcc" value="0.9999983239158486" /><property name="metric.rms" value="0.0028602881120106142" /><property name="metric.max_abs_diff" value="0.00848698616027832" /><property name="metric.median_abs_diff" value="0.00011695921421051025" /><property name="metric.ulp_p99" value="1542297.5" /><property name="metric.has_inf" value="false" /><property name="metric.has_nan" value="false" /><property name="metric.device_kernel_ns" value="957517.0" /><property name="end_timestamp" value="2026-06-19T00:17:16" /></properties></testcase><testcase classname="eval.golden_tests.scaled_dot_product_attention.test_golden" name="test_op[Q1x1x2048x64_KV1x1x2048x64-alignment=tile_aligned-attention_kind=self-dtype=BFLOAT16-kv_heads_mode=mha-layout=TILE-mask_mode=none-scale_mode=auto]" time="3.842"><properties><property name="start_timestamp" value="2026-06-19T00:17:16" /><property name="tag" value="1x1x2048x64" /><property name="metric.pcc" value="0.9999932240985621" /><property name="metric.rms" value="0.0038658362647549793" /><property name="metric.max_abs_diff" value="0.0009765625" /><property name="metric.median_abs_diff" value="4.57763671875e-05" /><property name="metric.ulp_p99" value="27.0" /><property name="metric.has_inf" value="false" /><property name="metric.has_nan" value="false" /><property name="metric.device_kernel_ns" value="860024.0" /><property name="end_timestamp" value="2026-06-19T00:17:20" /></properties></testcase><testcase classname="eval.golden_tests.scaled_dot_product_attention.test_golden" name="test_op[Q1x1x2048x64_KV1x1x2048x64-alignment=tile_aligned-attention_kind=self-dtype=BFLOAT16-kv_heads_mode=mha-layout=TILE-mask_mode=none-scale_mode=explicit]" time="0.047"><properties><property name="start_timestamp" value="2026-06-19T00:17:20" /><property name="tag" value="1x1x2048x64" /><property name="metric.pcc" value="0.9999932240985621" /><property name="metric.rms" value="0.0038658362647549793" /><property name="metric.max_abs_diff" value="0.0009765625" /><property name="metric.median_abs_diff" value="4.57763671875e-05" /><property name="metric.ulp_p99" value="27.0" /><property name="metric.has_inf" value="false" /><property name="metric.has_nan" value="false" /><property name="metric.device_kernel_ns" value="860098.0" /><property name="end_timestamp" value="2026-06-19T00:17:20" /></properties></testcase><testcase classname="eval.golden_tests.scaled_dot_product_attention.test_golden" name="test_op[Q1x1x2048x64_KV1x1x2048x64-alignment=tile_aligned-attention_kind=self-dtype=BFLOAT16-kv_heads_mode=mha-layout=TILE-mask_mode=causal-scale_mode=auto]" time="3.806"><properties><property name="start_timestamp" value="2026-06-19T00:17:20" /><property name="tag" value="1x1x2048x64" /><property name="metric.pcc" value="0.9999969244897846" /><property name="metric.rms" value="0.002560057921688178" /><property name="metric.max_abs_diff" value="0.0078125" /><property name="metric.median_abs_diff" value="0.0" /><property name="metric.ulp_p99" value="18.0" /><property name="metric.has_inf" value="false" /><property name="metric.has_nan" value="false" /><property name="metric.device_kernel_ns" value="901082.0" /><property name="end_timestamp" value="2026-06-19T00:17:24" /></properties></testcase><testcase classname="eval.golden_tests.scaled_dot_product_attention.test_golden" name="test_op[Q1x1x2048x64_KV1x1x2048x64-alignment=tile_aligned-attention_kind=self-dtype=BFLOAT16-kv_heads_mode=mha-layout=TILE-mask_mode=causal-scale_mode=explicit]" time="0.051"><properties><property name="start_timestamp" value="2026-06-19T00:17:24" /><property name="tag" value="1x1x2048x64" /><property name="metric.pcc" value="0.9999969244897846" /><property name="metric.rms" value="0.002560057921688178" /><property name="metric.max_abs_diff" value="0.0078125" /><property name="metric.median_abs_diff" value="0.0" /><property name="metric.ulp_p99" value="18.0" /><property name="metric.has_inf" value="false" /><property name="metric.has_nan" value="false" /><property name="metric.device_kernel_ns" value="901578.0" /><property name="end_timestamp" value="2026-06-19T00:17:24" /></properties></testcase><testcase classname="eval.golden_tests.scaled_dot_product_attention.test_golden" name="test_op[Q1x1x2048x64_KV1x1x2048x64-alignment=tile_aligned-attention_kind=self-dtype=BFLOAT8_B-kv_heads_mode=mha-layout=TILE-mask_mode=none-scale_mode=auto]" time="3.762"><properties><property name="start_timestamp" value="2026-06-19T00:17:24" /><property name="tag" value="1x1x2048x64" /><property name="metric.pcc" value="0.99987343200326" /><property name="metric.rms" value="0.016106694279074" /><property name="metric.max_abs_diff" value="0.00341796875" /><property name="metric.median_abs_diff" value="0.0003662109375" /><property name="metric.ulp_p99" value="939318784.0" /><property name="metric.has_inf" value="false" /><property name="metric.has_nan" value="false" /><property name="metric.device_kernel_ns" value="851136.0" /><property name="end_timestamp" value="2026-06-19T00:17:28" /></properties></testcase><testcase classname="eval.golden_tests.scaled_dot_product_attention.test_golden" name="test_op[Q1x1x2048x64_KV1x1x2048x64-alignment=tile_aligned-attention_kind=self-dtype=BFLOAT8_B-kv_heads_mode=mha-layout=TILE-mask_mode=none-scale_mode=explicit]" time="0.056"><properties><property name="start_timestamp" value="2026-06-19T00:17:28" /><property name="tag" value="1x1x2048x64" /><property name="metric.pcc" value="0.99987343200326" /><property name="metric.rms" value="0.016106694279074" /><property name="metric.max_abs_diff" value="0.00341796875" /><property name="metric.median_abs_diff" value="0.0003662109375" /><property name="metric.ulp_p99" value="939318784.0" /><property name="metric.has_inf" value="false" /><property name="metric.has_nan" value="false" /><property name="metric.device_kernel_ns" value="850665.0" /><property name="end_timestamp" value="2026-06-19T00:17:28" /></properties></testcase><testcase classname="eval.golden_tests.scaled_dot_product_attention.test_golden" name="test_op[Q1x1x2048x64_KV1x1x2048x64-alignment=tile_aligned-attention_kind=self-dtype=BFLOAT8_B-kv_heads_mode=mha-layout=TILE-mask_mode=causal-scale_mode=auto]" time="3.869"><properties><property name="start_timestamp" value="2026-06-19T00:17:28" /><property name="tag" value="1x1x2048x64" /><property name="metric.pcc" value="0.9998973210692254" /><property name="metric.rms" value="0.014494815461784995" /><property name="metric.max_abs_diff" value="0.02734375" /><property name="metric.median_abs_diff" value="0.00048828125" /><property name="metric.ulp_p99" value="936014336.0" /><property name="metric.has_inf" value="false" /><property name="metric.has_nan" value="false" /><property name="metric.device_kernel_ns" value="882867.0" /><property name="end_timestamp" value="2026-06-19T00:17:32" /></properties></testcase><testcase classname="eval.golden_tests.scaled_dot_product_attention.test_golden" name="test_op[Q1x1x2048x64_KV1x1x2048x64-alignment=tile_aligned-attention_kind=self-dtype=BFLOAT8_B-kv_heads_mode=mha-layout=TILE-mask_mode=causal-scale_mode=explicit]" time="0.174"><properties><property name="start_timestamp" value="2026-06-19T00:17:32" /><property name="tag" value="1x1x2048x64" /><property name="metric.pcc" value="0.9998973210692254" /><property name="metric.rms" value="0.014494815461784995" /><property name="metric.max_abs_diff" value="0.02734375" /><property name="metric.median_abs_diff" value="0.00048828125" /><property name="metric.ulp_p99" value="936014336.0" /><property name="metric.has_inf" value="false" /><property name="metric.has_nan" value="false" /><property name="metric.device_kernel_ns" value="882204.0" /><property name="end_timestamp" value="2026-06-19T00:17:32" /></properties></testcase><testcase classname="eval.golden_tests.scaled_dot_product_attention.test_golden" name="test_op[Q1x1x128x32_KV1x1x128x32-alignment=tile_aligned-attention_kind=self-dtype=FLOAT32-kv_heads_mode=mha-layout=TILE-mask_mode=none-scale_mode=auto]" time="3.231"><properties><property name="start_timestamp" value="2026-06-19T00:17:32" /><property name="tag" value="1x1x128x32" /><property name="metric.pcc" value="0.9999982275865302" /><property name="metric.rms" value="0.003431649781409494" /><property name="metric.max_abs_diff" value="0.002768486738204956" /><property name="metric.median_abs_diff" value="0.0002807541750371456" /><property name="metric.ulp_p99" value="939219.4375" /><property name="metric.has_inf" value="false" /><property name="metric.has_nan" value="false" /><property name="metric.device_kernel_ns" value="54045.0" /><property name="end_timestamp" value="2026-06-19T00:17:35" /></properties></testcase><testcase classname="eval.golden_tests.scaled_dot_product_attention.test_golden" name="test_op[Q1x1x128x32_KV1x1x128x32-alignment=tile_aligned-attention_kind=self-dtype=FLOAT32-kv_heads_mode=mha-layout=TILE-mask_mode=none-scale_mode=explicit]" time="3.234"><properties><property name="start_timestamp" value="2026-06-19T00:17:35" /><property name="tag" value="1x1x128x32" /><property name="metric.pcc" value="0.9999990872801648" /><property name="metric.rms" value="0.0024424538434461743" /><property name="metric.max_abs_diff" value="0.001459658145904541" /><property name="metric.median_abs_diff" value="0.00016804784536361694" /><property name="metric.ulp_p99" value="1166606.5" /><property name="metric.has_inf" value="false" /><property name="metric.has_nan" value="false" /><property name="metric.device_kernel_ns" value="53880.0" /><property name="end_timestamp" value="2026-06-19T00:17:38" /></properties></testcase><testcase classname="eval.golden_tests.scaled_dot_product_attention.test_golden" name="test_op[Q1x1x128x32_KV1x1x128x32-alignment=tile_aligned-attention_kind=self-dtype=FLOAT32-kv_heads_mode=mha-layout=TILE-mask_mode=causal-scale_mode=auto]" time="3.383"><properties><property name="start_timestamp" value="2026-06-19T00:17:38" /><property name="tag" value="1x1x128x32" /><property name="metric.pcc" value="0.9999989031572023" /><property name="metric.rms" value="0.0028610790584589515" /><property name="metric.max_abs_diff" value="0.006246089935302734" /><property name="metric.median_abs_diff" value="0.00039443373680114746" /><property name="metric.ulp_p99" value="1125112.25" /><property name="metric.has_inf" value="false" /><property name="metric.has_nan" value="false" /><property name="metric.device_kernel_ns" value="56825.0" /><property name="end_timestamp" value="2026-06-19T00:17:42" /></properties></testcase><testcase classname="eval.golden_tests.scaled_dot_product_attention.test_golden" name="test_op[Q1x1x128x32_KV1x1x128x32-alignment=tile_aligned-attention_kind=self-dtype=FLOAT32-kv_heads_mode=mha-layout=TILE-mask_mode=causal-scale_mode=explicit]" time="3.401"><properties><property name="start_timestamp" value="2026-06-19T00:17:42" /><property name="tag" value="1x1x128x32" /><property name="metric.pcc" value="0.9999993389043893" /><property name="metric.rms" value="0.002268228074617818" /><property name="metric.max_abs_diff" value="0.005759596824645996" /><property name="metric.median_abs_diff" value="0.00025534629821777344" /><property name="metric.ulp_p99" value="904027.6875" /><property name="metric.has_inf" value="false" /><property name="metric.has_nan" value="f
[...]
    _run_self_attn(Q, K, V, device)
eval/golden_tests/scaled_dot_product_attention/test_regression.py:59: in _run_self_attn
    check_output(
eval/metrics.py:417: in check_output
    raise CheckOutputError(
E   eval.metrics.CheckOutputError: CheckOutputError severity=precision pcc=0.997192 rms=0.079403 max_abs=0.0078125 median_abs=0 ulp_p99=1 inf=False nan=False rms=0.0794033 &gt; target 0.04</failure></testcase><testcase classname="eval.golden_tests.scaled_dot_product_attention.test_regression" name="test_negative_input[B1_H8_S256_D64]" time="0.316"><properties><property name="start_timestamp" value="2026-06-19T00:30:59" /><property name="tag" value="1x8x256x64" /><property name="metric.pcc" value="0.9937680402413096" /><property name="metric.rms" value="0.11894116475081394" /><property name="metric.max_abs_diff" value="0.0078125" /><property name="metric.median_abs_diff" value="0.0" /><property name="metric.ulp_p99" value="1.0" /><property name="metric.has_inf" value="false" /><property name="metric.has_nan" value="false" /><property name="metric.device_kernel_ns" value="119320.0" /><property name="end_timestamp" value="2026-06-19T00:30:59" /></properties><failure message="eval.metrics.CheckOutputError: CheckOutputError severity=precision pcc=0.993768 rms=0.118941 max_abs=0.0078125 median_abs=0 ulp_p99=1 inf=False nan=False pcc=0.993768 &lt; target 0.995; rms=0.118941 &gt; target 0.04">eval/golden_tests/scaled_dot_product_attention/test_regression.py:110: in test_negative_input
    _run_self_attn(Q, K, V, device)
eval/golden_tests/scaled_dot_product_attention/test_regression.py:59: in _run_self_attn
    check_output(
eval/metrics.py:417: in check_output
    raise CheckOutputError(
E   eval.metrics.CheckOutputError: CheckOutputError severity=precision pcc=0.993768 rms=0.118941 max_abs=0.0078125 median_abs=0 ulp_p99=1 inf=False nan=False pcc=0.993768 &lt; target 0.995; rms=0.118941 &gt; target 0.04</failure></testcase><testcase classname="eval.golden_tests.scaled_dot_product_attention.test_regression" name="test_negative_input[B2_H4_S128_D64]" time="0.264"><properties><property name="start_timestamp" value="2026-06-19T00:30:59" /><property name="tag" value="2x4x128x64" /><property name="metric.pcc" value="0.9969448851421601" /><property name="metric.rms" value="0.08393631196561274" /><property name="metric.max_abs_diff" value="0.0078125" /><property name="metric.median_abs_diff" value="0.0" /><property name="metric.ulp_p99" value="1.0" /><property name="metric.has_inf" value="false" /><property name="metric.has_nan" value="false" /><property name="metric.device_kernel_ns" value="64034.0" /><property name="end_timestamp" value="2026-06-19T00:30:59" /></properties><failure message="eval.metrics.CheckOutputError: CheckOutputError severity=precision pcc=0.996945 rms=0.083936 max_abs=0.0078125 median_abs=0 ulp_p99=1 inf=False nan=False rms=0.0839363 &gt; target 0.04">eval/golden_tests/scaled_dot_product_attention/test_regression.py:110: in test_negative_input
    _run_self_attn(Q, K, V, device)
eval/golden_tests/scaled_dot_product_attention/test_regression.py:59: in _run_self_attn
    check_output(
eval/metrics.py:417: in check_output
    raise CheckOutputError(
E   eval.metrics.CheckOutputError: CheckOutputError severity=precision pcc=0.996945 rms=0.083936 max_abs=0.0078125 median_abs=0 ulp_p99=1 inf=False nan=False rms=0.0839363 &gt; target 0.04</failure></testcase><testcase classname="eval.golden_tests.scaled_dot_product_attention.test_regression" name="test_negative_input[B1_H12_S512_D64]" time="0.447"><properties><property name="start_timestamp" value="2026-06-19T00:30:59" /><property name="tag" value="1x12x512x64" /><property name="metric.pcc" value="0.9871986542867539" /><property name="metric.rms" value="0.16986657952143241" /><property name="metric.max_abs_diff" value="0.0078125" /><property name="metric.median_abs_diff" value="0.0" /><property name="metric.ulp_p99" value="1.0" /><property name="metric.has_inf" value="false" /><property name="metric.has_nan" value="false" /><property name="metric.device_kernel_ns" value="227578.0" /><property name="end_timestamp" value="2026-06-19T00:31:00" /></properties><failure message="eval.metrics.CheckOutputError: CheckOutputError severity=precision pcc=0.987199 rms=0.169867 max_abs=0.0078125 median_abs=0 ulp_p99=1 inf=False nan=False pcc=0.987199 &lt; target 0.995; rms=0.169867 &gt; target 0.04">eval/golden_tests/scaled_dot_product_attention/test_regression.py:110: in test_negative_input
    _run_self_attn(Q, K, V, device)
eval/golden_tests/scaled_dot_product_attention/test_regression.py:59: in _run_self_attn
    check_output(
eval/metrics.py:417: in check_output
    raise CheckOutputError(
E   eval.metrics.CheckOutputError: CheckOutputError severity=precision pcc=0.987199 rms=0.169867 max_abs=0.0078125 median_abs=0 ulp_p99=1 inf=False nan=False pcc=0.987199 &lt; target 0.995; rms=0.169867 &gt; target 0.04</failure></testcase><testcase classname="eval.golden_tests.scaled_dot_product_attention.test_regression" name="test_per_head_random_mask[B1_H4_S128_D64]" time="1.213"><properties><property name="start_timestamp" value="2026-06-19T00:31:00" /><property name="tag" value="1x4x128x64" /><property name="metric.pcc" value="0.9999973151684279" /><property name="metric.rms" value="0.002514231611341363" /><property name="metric.max_abs_diff" value="0.00390625" /><property name="metric.median_abs_diff" value="0.0" /><property name="metric.ulp_p99" value="9.0" /><property name="metric.has_inf" value="false" /><property name="metric.has_nan" value="false" /><property name="metric.device_kernel_ns" value="62507.0" /><property name="end_timestamp" value="2026-06-19T00:31:01" /></properties></testcase><testcase classname="eval.golden_tests.scaled_dot_product_attention.test_regression" name="test_per_head_random_mask[B1_H8_S256_D64]" time="1.271"><properties><property name="start_timestamp" value="2026-06-19T00:31:01" /><property name="tag" value="1x8x256x64" /><property name="metric.pcc" value="0.9999971528685362" /><property name="metric.rms" value="0.0025477732954002257" /><property name="metric.max_abs_diff" value="0.00390625" /><property name="metric.median_abs_diff" value="0.0" /><property name="metric.ulp_p99" value="11.0" /><property name="metric.has_inf" value="false" /><property name="metric.has_nan" value="false" /><property name="metric.device_kernel_ns" value="128842.0" /><property name="end_timestamp" value="2026-06-19T00:31:02" /></properties></testcase><testcase classname="eval.golden_tests.scaled_dot_product_attention.test_regression" name="test_per_head_random_mask[B2_H4_S128_D64]" time="1.213"><properties><property name="start_timestamp" value="2026-06-19T00:31:02" /><property name="tag" value="2x4x128x64" /><property name="metric.pcc" value="0.9999973174330878" /><property name="metric.rms" value="0.0025126635529791256" /><property name="metric.max_abs_diff" value="0.0078125" /><property name="metric.median_abs_diff" value="0.0" /><property name="metric.ulp_p99" value="9.0" /><property name="metric.has_inf" value="false" /><property name="metric.has_nan" value="false" /><property name="metric.device_kernel_ns" value="66553.0" /><property name="end_timestamp" value="2026-06-19T00:31:04" /></properties></testcase><testcase classname="eval.golden_tests.scaled_dot_product_attention.test_regression" name="test_zero_mask[B1_H4_S128_D64]" time="1.231"><properties><property name="start_timestamp" value="2026-06-19T00:31:04" /><property name="tag" value="1x4x128x64" /><property name="metric.pcc" value="0.9999972205980644" /><property name="metric.rms" value="0.0025460512486186466" /><property name="metric.max_abs_diff" value="0.00390625" /><property name="metric.median_abs_diff" value="0.0" /><property name="metric.ulp_p99" value="10.0" /><property name="metric.has_inf" value="false" /><property name="metric.has_nan" value="false" /><property name="metric.device_kernel_ns" value="62521.0" /><property name="end_timestamp" value="2026-06-19T00:31:05" /></properties></testcase><testcase classname="eval.golden_tests.scaled_dot_product_attention.test_regression" name="test_zero_mask[B1_H8_S256_D64]" time="0.319"><properties><property name="start_timestamp" value="2026-06-19T00:31:05" /><property name="tag" value="1x8x256x64" /><property name="metric.pcc" value="0.9999970855189382" /><property name="metric.rms" value="0.0025723329770189424" /><property name="metric.max_abs_diff" value="0.00390625" /><property name="metric.median_abs_diff" value="0.0" /><property name="metric.ulp_p99" value="11.0" /><property name="metric.has_inf" value="false" /><property name="metric.has_nan" value="false" /><property name="metric.device_kernel_ns" value="128975.0" /><property name="end_timestamp" value="2026-06-19T00:31:05" /></properties></testcase><testcase classname="eval.golden_tests.scaled_dot_product_attention.test_regression" name="test_zero_mask[B2_H4_S128_D64]" time="0.267"><properties><property name="start_timestamp" value="2026-06-19T00:31:05" /><property name="tag" value="2x4x128x64" /><property name="metric.pcc" value="0.9999972611099354" /><property name="metric.rms" value="0.0025428535450521318" /><property name="metric.max_abs_diff" value="0.00390625" /><property name="metric.median_abs_diff" value="0.0" /><property name="metric.ulp_p99" value="9.0" /><property name="metric.has_inf" value="false" /><property name="metric.has_nan" value="false" /><property name="metric.device_kernel_ns" value="66904.0" /><property name="end_timestamp" value="2026-06-19T00:31:05" /></properties></testcase><testcase classname="eval.golden_tests.scaled_dot_product_attention.test_regression" name="test_sliding_window_mask[B1_H4_S256_D64]" time="1.237"><properties><property name="start_timestamp" value="2026-06-19T00:31:05" /><property name="tag" value="1x4x256x64" /><property name="metric.pcc" value="0.9999975715316803" /><property name="metric.rms" value="0.002308401372934111" /><property name="metric.max_abs_diff" value="0.0078125" /><property name="metric.median_abs_diff" value="0.0" /><property name="metric.ulp_p99" value="9.0" /><property name="metric.has_inf" value="false" /><property name="metric.has_nan" value="false" /><property name="metric.device_kernel_ns" value="125095.0" /><property name="end_timestamp" value="2026-06-19T00:31:07" /></properties></testcase><testcase classname="eval.golden_tests.scaled_dot_product_attention.test_regression" name="test_sliding_window_mask[B1_H8_S512_D64]" time="1.365"><properties><property name="start_timestamp" value="2026-06-19T00:31:07" /><property name="tag" value="1x8x512x64" /><property name="metric.pcc" value="0.9999975151950626" /><property name="metric.rms" value="0.0023133738291415207" /><property name="metric.max_abs_diff" value="0.0078125" /><property name="metric.median_abs_diff" value="0.0" /><property name="metric.ulp_p99" value="9.0" /><property name="metric.has_inf" value="false" /><property name="metric.has_nan" value="false" /><property name="metric.device_kernel_ns" value="248728.0" /><property name="end_timestamp" value="2026-06-19T00:31:08" /></properties></testcase><testcase classname="eval.golden_tests.scaled_dot_product_attention.test_regression" name="test_sliding_window_mask[B1_H4_S1024_D64]" time="1.341"><properties><property name="start_timestamp" value="2026-06-19T00:31:08" /><property name="tag" value="1x4x1024x64" /><property name="metric.pcc" value="0.9999973524160304" /><property name="metric.rms" value="0.002385324444946708" /><property name="metric.max_abs_diff" value="0.0078125" /><property name="metric.median_abs_diff" value="0.0" /><property name="metric.ulp_p99" value="10.0" /><property name="metric.has_inf" value="false" /><property name="metric.has_nan" value="false" /><property name="metric.device_kernel_ns" value="470251.0" /><property name="end_timestamp" value="2026-06-19T00:31:09" /></properties></testcase><testcase classname="eval.golden_tests.scaled_dot_product_attention.test_regression" name="test_gqa_mqa_forward[gqa_4to1_basic]" time="0.266"><properties><property name="start_timestamp" value="2026-06-19T00:31:09" /><property name="tag" value="1x8x128x64" /><property name="metric.pcc" value="0.999997219483932" /><property name="metric.rms" value="0.0025565954938890417" /><property name="metric.max_abs_diff" value="0.00390625" /><property name="metric.median_abs_diff" value="0.0" /><property name="metric.ulp_p99" value="10.0" /><property name="metric.has_inf" value="false" /><property name="metric.has_nan" value="false" /><property name="metric.device_kernel_ns" value="62849.0" /><property name="end_timestamp" value="2026-06-19T00:31:10" /></properties></testcase><testcase classname="eval.golden_tests.scaled_dot_product_attention.test_regression" name="test_gqa_mqa_forward[gqa_llama3]" time="0.416"><properties><property name="start_timestamp" value="2026-06-19T00:31:10" /><property name="tag" value="1x32x128x128" /><property name="metric.pcc" value="0.999996690661308" /><property name="metric.rms" value="0.0028834356404822408" /><property name="metric.max_abs_diff" value="0.00390625" /><property name="metric.median_abs_diff" value="0.0" /><property name="metric.ulp_p99" value="11.0" /><property name="metric.has_inf" value="false" /><property name="metric.has_nan" value="false" /><property name="metric.device_kernel_ns" value="90216.0" /><property name="end_timestamp" value="2026-06-19T00:31:10" /></properties></testcase><testcase classname="eval.golden_tests.scaled_dot_product_attention.test_regression" name="test_gqa_mqa_forward[mqa_basic]" time="1.231"><properties><property name="start_timestamp" value="2026-06-19T00:31:10" /><property name="tag" value="1x8x256x64" /><property name="metric.pcc" value="0.9999969106686174" /><property name="metric.rms" value="0.002661080472304681" /><property name="metric.max_abs_diff" value="0.00390625" /><property name="metric.median_abs_diff" value="0.0" /><property name="metric.ulp_p99" value="12.0" /><property name="metric.has_inf" value="false" /><property name="metric.has_nan" value="false" /><property name="metric.device_kernel_ns" value="117844.0" /><property name="end_timestamp" value="2026-06-19T00:31:11" /></properties></testcase><testcase classname="eval.golden_tests.scaled_dot_product_attention.test_regression" name="test_gqa_mqa_forward[mqa_large]" time="0.412"><properties><property name="start_timestamp" value="2026-06-19T00:31:11" /><property name="tag" value="1x32x128x128" /><property name="metric.pcc" value="0.9999967034249443" /><property name="metric.rms" value="0.0028774871395057457" /><property name="metric.max_abs_diff" value="0.0078125" /><property name="metric.median_abs_diff" value="0.0" /><property name="metric.ulp_p99" value="11.0" /><property name="metric.has_inf" value="false" /><property name="metric.has_nan" value="false" /><property name="metric.device_kernel_ns" value="90925.0" /><property name="end_timestamp" value="2026-06-19T00:31:12" /></properties></testcase><testcase classname="eval.golden_tests.scaled_dot_product_attention.test_regression" name="test_very_peaked_attention[B1_H4_S128_D64]" time="0.246"><properties><property name="start_timestamp" value="2026-06-19T00:31:12" /><property name="tag" value="1x4x128x64" /><property name="metric.pcc" value="0.9999978233061108" /><property name="metric.rms" value="0.002236178163577446" /><property name="metric.max_abs_diff" value="0.00390625" /><property name="metric.median_abs_diff" value="0.0" /><property name="metric.ulp_p99" value="2.0" /><property name="metric.has_inf" value="false" /><property name="metric.has_nan" value="false" /><property name="metric.device_kernel_ns" value="60499.0" /><property name="end_timestamp" value="2026-06-19T00:31:12" /></properties></testcase><testcase classname="eval.golden_tests.scaled_dot_product_attention.test_regression" name="test_very_peaked_attention[B1_H8_S256_D64]" time="0.321"><properties><property name="start_timestamp" value="2026-06-19T00:31:12" /><property name="tag" value="1x8x256x64" /><property name="metric.pcc" value="0.9999963642144312" /><property name="metric.rms" value="0.0031684766928926954" /><property name="metric.max_abs_diff" value="0.001953125" /><property name="metric.median_abs_diff" value="0.0" /><property name="metric.ulp_p99" value="1.0" /><property name="metric.has_inf" value="false" /><property name="metric.has_nan" value="false" /><property name="metric.device_kernel_ns" value="119427.0" /><property name="end_timestamp" value="2026-06-19T00:31:12" /></properties></testcase><testcase classname="eval.golden_tests.scaled_dot_product_attention.test_regression" name="test_very_peaked_attention[B2_H4_S128_D64]" time="0.256"><properties><property name="start_timestamp" value="2026-06-19T00:31:12" /><property name="tag" value="2x4x128x64" /><property name="metric.pcc" value="0.9999978233061563" /><property name="metric.rms" value="0.00223619522471848" /><property name="metric.max_abs_diff" value="0.00390625" /><property name="metric.median_abs_diff" value="0.0" /><property name="metric.ulp_p99" value="2.0" /><property name="metric.has_inf" value="false" /><property name="metric.has_nan" value="false" /><property name="metric.device_kernel_ns" value="64634.0" /><property name="end_timestamp" value="2026-06-19T00:31:13" /></properties></testcase><testcase classname="eval.golden_tests.scaled_dot_product_attention.test_regression" name="test_long_context_smoke[B1_H1_S4096_D64]" time="0.473"><properties><property name="start_timestamp" value="2026-06-19T00:31:13" /><property name="tag" value="1x1x4096x64" /><property name="metric.pcc" value="0.999987373673368" /><property name="metric.rms" value="0.0050896192995081415" /><property name="metric.max_abs_diff" value="0.0009765625" /><property name="metric.median_abs_diff" value="6.103515625e-05" /><property name="metric.ulp_p99" value="48.0" /><property name="metric.has_inf" value="false" /><property name="metric.has_nan" value="false" /><property name="metric.device_kernel_ns" value="1712606.0" /><property name="end_timestamp" value="2026-06-19T00:31:13" /></properties></testcase><testcase classname="eval.golden_tests.scaled_dot_product_attention.test_regression" name="test_long_context_smoke[B1_H1_S8192_D64]" time="0.774"><properties><property name="start_timestamp" value="2026-06-19T00:31:13" /><property name="tag" value="1x1x8192x64" /><property name="metric.pcc" value="0.9999658856940429" /><property name="metric.rms" value="0.008320939464430103" /><property name="metric.max_abs_diff" value="0.00830078125" /><property name="metric.median_abs_diff" value="0.0001068115234375" /><property name="metric.ulp_p99" value="89.0" /><property name="metric.has_inf" value="false" /><property name="metric.has_nan" value="false" /><property name="metric.device_kernel_ns" value="3414249.0" /><property name="end_timestamp" value="2026-06-19T00:31:14" /></properties></testcase><testcase classname="eval.golden_tests.scaled_dot_product_attention.test_regression" name="test_long_context_smoke[B1_H4_S4096_D64]" time="0.824"><properties><property name="start_timestamp" value="2026-06-19T00:31:14" /><property name="tag" value="1x4x4096x64" /><property name="metric.pcc" value="0.9999860725625842" /><property name="metric.rms" value="0.005416631016668869" /><property name="metric.max_abs_diff" value="0.0125732421875" /><property name="metric.median_abs_diff" value="6.103515625e-05" /><property name="metric.ulp_p99" value="51.0" /><property name="metric.has_inf" value="false" /><property name="metric.has_nan" value="false" /><property name="metric.device_kernel_ns" value="3411925.0" /><property name="end_timestamp" value="2026-06-19T00:31:15" /></properties></testcase></testsuite></testsuites>