<?xml version="1.0" encoding="utf-8"?><testsuites><testsuite name="pytest" errors="0" failures="0" skipped="423" tests="1078" time="322.656" timestamp="2024-09-30T17:05:27.197299" hostname="tt-metal-ci-vm-46"><testcase classname="tests.tt_eager.python_api_testing.unit_testing.misc.test_split_any_dim_two_chunks_tiled" name="test_split_tiled_w[1x2x64x10240-2-out_L1-in_L1]" time="2.843"><properties><property name="start_timestamp" value="2024-09-30T17:05:29" /><property name="end_timestamp" value="2024-09-30T17:05:32" /></properties></testcase><testcase classname="tests.tt_eager.python_api_testing.unit_testing.misc.test_split_any_dim_two_chunks_tiled" name="test_split_tiled_w[1x2x64x10240-3-out_DRAM-in_DRAM]" time="0.535"><properties><property name="start_timestamp" value="2024-09-30T17:05:32" /><property name="end_timestamp" value="2024-09-30T17:05:32" /></properties></testcase><testcase classname="tests.tt_eager.python_api_testing.unit_testing.misc.test_split_any_dim_two_chunks_tiled" name="test_split_tiled_w[1x2x64x10240-3-out_DRAM-in_L1]" time="0.478"><properties><property name="start_timestamp" value="2024-09-30T17:05:32" /><property name="end_timestamp" value="2024-09-30T17:05:33" /></properties></testcase><testcase classname="tests.tt_eager.python_api_testing.unit_testing.misc.test_split_any_dim_two_chunks_tiled" name="test_split_tiled_w[1x2x64x10240-3-out_L1-in_DRAM]" time="0.522"><properties><property name="start_timestamp" value="2024-09-30T17:05:33" /><property name="end_timestamp" value="2024-09-30T17:05:33" /></properties></testcase><testcase classname="tests.tt_eager.python_api_testing.unit_testing.misc.test_split_any_dim_two_chunks_tiled" name="test_split_tiled_w[1x2x64x10240-3-out_L1-in_L1]" time="0.143"><properties><property name="start_timestamp" value="2024-09-30T17:05:33" /><property name="end_timestamp" value="2024-09-30T17:05:34" /></properties></testcase><testcase classname="tests.tt_eager.python_api_testing.unit_testing.misc.test_sum" name="test_sum_for_dim_hw[shape_dim0]" time="0.514"><properties><property name="start_timestamp" value="2024-09-30T17:05:34" /><property name="end_timestamp" value="2024-09-30T17:05:34" /></properties></testcase><testcase classname="tests.tt_eager.python_api_testing.unit_testing.misc.test_sum" name="test_sum_for_dim_hw[shape_dim1]" time="0.477"><properties><property name="start_timestamp" value="2024-09-30T17:05:34" /><property name="end_timestamp" value="2024-09-30T17:05:35" /></properties></testcase><testcase classname="tests.tt_eager.python_api_testing.unit_testing.misc.test_sum" name="test_sum_for_dim_hw[shape_dim2]" time="1.397"><properties><property name="start_timestamp" value="2024-09-30T17:05:35" /><property name="end_timestamp" value="2024-09-30T17:05:36" /></properties></testcase><testcase classname="tests.tt_eager.python_api_testing.unit_testing.misc.test_sum" name="test_sum_for_dim_hw[shape_dim3]" time="0.354"><properties><property name="start_timestamp" value="2024-09-30T17:05:36" /><property name="end_timestamp" value="2024-09-30T17:05:36" /></properties></testcase><testcase classname="tests.tt_eager.python_api_testing.unit_testing.misc.test_sum" name="test_sum_global[shape0]" time="0.407"><properties><property name="start_timestamp" value="2024-09-30T17:05:36" /><property name="end_timestamp" value="2024-09-30T17:05:37" /></properties></testcase><testcase classname="tests.tt_eager.python_api_testing.unit_testing.misc.test_sum" name="test_sum_global[shape1]" time="0.012"><properties><property name="start_timestamp" value="2024-09-30T17:05:37" /><property name="end_timestamp" value="2024-09-30T17:05:37" /></properties></testcase><testcase classname="tests.tt_eager.python_api_testing.unit_testing.misc.test_sum" name="test_sum_global[shape2]" time="0.583"><properties><property name="start_timestamp" value="2024-09-30T17:05:37" /><property name="end_timestamp" value="2024-09-30T17:05:37" /></properties></testcase><testcase classname="tests.tt_eager.python_api_testing.unit_testing.misc.test_sum" name="test_sum_global[shape3]" time="0.024"><properties><property name="start_timestamp" value="2024-09-30T17:05:37" /><property name="end_timestamp" value="2024-09-30T17:05:37" /></properties></testcase><testcase classname="tests.tt_eager.python_api_testing.unit_testing.misc.test_tensor" name="test_tensor_conversion_between_torch_and_tt[tt_dtype0-shape0]" time="0.020"><properties><property name="start_timestamp" value="2024-09-30T17:05:37" /><property name="end_timestamp" value="2024-09-30T17:05:37" /></properties></testcase><testcase classname="tests.tt_eager.python_api_testing.unit_testing.misc.test_tensor" name="test_tensor_conversion_between_torch_and_tt[tt_dtype1-shape0]" time="0.015"><properties><property name="start_timestamp" value="2024-09-30T17:05:37" /><property name="end_timestamp" value="2024-09-30T17:05:37" /></properties></testcase><testcase classname="tests.tt_eager.python_api_testing.unit_testing.misc.test_tensor" name="test_tensor_conversion_between_torch_and_tt[tt_dtype2-shape0]" time="0.015"><properties><property name="start_timestamp" value="2024-09-30T17:05:37" /><property name="end_timestamp" value="2024-09-30T17:05:37" /></properties></testcase><testcase classname="tests.tt_eager.python_api_testing.unit_testing.misc.test_tensor" name="test_tensor_conversion_between_torch_and_tt[tt_dtype3-shape0]" time="0.015"><properties><property name="start_timestamp" value="2024-09-30T17:05:37" /><property name="end_timestamp" value="2024-09-30T17:05:37" /></properties></testcase><testcase classname="tests.tt_eager.python_api_testing.unit_testing.misc.test_tensor" name="test_tensor_conversion_between_torch_and_tt[tt_dtype4-shape0]" time="0.017"><properties><property name="start_timestamp" value="2024-09-30T17:05:37" /><property name="end_timestamp" value="2024-09-30T17:05:37" /></properties></testcase><testcase classname="tests.tt_eager.python_api_testing.unit_testing.misc.test_tensor" name="test_tensor_conversion_between_torch_and_tt[tt_dtype5-shape0]" time="0.017"><properties><property name="start_timestamp" value="2024-09-30T17:05:37" /><property name="end_timestamp" value="2024-09-30T17:05:37" /></properties></testcase><testcase classname="tests.tt_eager.python_api_testing.unit_testing.misc.test_tensor" name="test_tensor_conversion_between_torch_and_np[tt_dtype0-shape0]" time="0.010"><properties><property name="start_timestamp" value="2024-09-30T17:05:37" /><property name="end_timestamp" value="2024-09-30T17:05:37" /></properties></testcase><testcase classname="tests.tt_eager.python_api_testing.unit_testing.misc.test_tensor" name="test_tensor_conversion_between_torch_and_np[tt_dtype1-shape0]" time="0.007"><properties><property name="start_timestamp" value="2024-09-30T17:05:37" /><property name="end_timestamp" value="2024-09-30T17:05:37" /></properties></testcase><testcase classname="tests.tt_eager.python_api_testing.unit_testing.misc.test_tensor" name="test_tensor_conversion_between_torch_and_np[tt_dtype2-shape0]" time="0.007"><properties><property name="start_timestamp" value="2024-09-30T17:05:37" /><property name="end_timestamp" value="2024-09-30T17:05:37" /></properties></testcase><testcase classname="tests.tt_eager.python_api_testing.unit_testing.misc.test_tensor" name="test_serialization[tt_dtype0-shape0]" time="0.003"><properties><property name="start_timestamp" value="2024-09-30T17:05:37" /><property name="end_timestamp" value="2024-09-30T17:05:37" /></properties></testcase><testcase classname="tests.tt_eager.python_api_testing.unit_testing.misc.test_tensor" name="test_serialization[tt_dtype1-shape0]" time="0.003"><properties><property name="start_timestamp" value="2024-09-30T17:05:37" /><property name="end_timestamp" value="2024-09-30T17:05:37" /></properties></testcase><testcase classname="tests.tt_eager.python_api_testing.unit_testing.misc.test_tensor" name="test_serialization[tt_dtype2-shape0]" time="0.003"><properties><property name="start_timestamp" value="2024-09-30T17:05:37" /><property name="end_timestamp" value="2024-09-30T17:05:37" /></properties></testcase><testcase classname="tests.tt_eager.python_api_testing.unit_testing.misc.test_tensor" name="test_serialization[tt_dtype3-shape0]" time="0.002"><properties><property name="start_timestamp" value="2024-09-30T17:05:38" /><property name="end_timestamp" value="2024-09-30T17:05:38" /></properties></testcase><testcase classname="tests.tt_eager.python_api_testing.unit_testing.misc.test_tensor" name="test_serialization[tt_dtype4-shape0]" time="0.003"><properties><property name="start_timestamp" value="2024-09-30T17:05:38" /><property name="end_timestamp" value="2024-09-30T17:05:38" /></properties></testcase><testcase classname="tests.tt_eager.python_api_testing.unit_testing.misc.test_tensor" name="test_serialization[tt_dtype5-shape0]" time="0.003"><properties><property name="start_timestamp" value="2024-09-30T17:05:38" /><property name="end_timestamp" value="2024-09-30T17:05:38" /></properties></testcase><testcase classname="tests.tt_eager.python_api_testing.unit_testing.misc.test_tensor_alignment" name="test_tensor_alignment" time="0.008"><properties><property name="start_timestamp" value="2024-09-30T17:05:38" /><property name="end_timestamp" value="2024-09-30T17:05:38" /></properties></testcase><testcase classname="tests.tt_eager.python_api_testing.unit_testing.misc.test_tensor_prealloc_and_write" name="test_tensor_preallocation_and_write_apis[True-5-tensor_layout0-memory_location0-mem_layout0-in_dtype0]" time="2.912"><properties><property name="start_timestamp" value="2024-09-30T17:05:38" /><property name="end_timestamp" value="2024-09-30T17:05:40" /></properties></testcase><testcase classname="tests.tt_eager.python_api_testing.unit_testing.misc.test_tensor_prealloc_and_write" name="test_tensor_preallocation_and_write_apis[True-5-tensor_layout0-memory_location0-mem_layout0-in_dtype1]" time="11.718"><properties><property name="start_timestamp" value="2024-09-30T17:05:40" /><property name="end_timestamp" value="2024-09-30T17:05:52" /></properties></testcase><testcase classname="tests.tt_eager.python_api_testing.unit_testing.misc.test_tensor_prealloc_and_write" name="test_tensor_preallocation_and_write_apis[True-5-tensor_layout0-memory_location1-mem_layout0-in_dtype0]" time="2.714"><properties><property name="start_timestamp" value="2024-09-30T17:05:52" /><property name="end_timestamp" value="2024-09-30T17:05:55" /></properties></testcase><testcase classname="tests.tt_eager.python_api_testing.unit_testing.misc.test_tensor_prealloc_and_write" name="test_tensor_preallocation_and_write_apis[True-5-tensor_layout0-memory_location1-mem_layout0-in_dtype1]" time="11.555"><properties><property name="start_timestamp" value="2024-09-30T17:05:55" /><property name="end_timestamp" value="2024-09-30T17:06:06" /></properties></testcase><testcase classname="tests.tt_eager.python_api_testing.unit_testing.misc.test_tensor_prealloc_and_write" name="test_tensor_preallocation_and_write_apis[True-5-tensor_layout1-memory_location0-mem_layout0-in_dtype0]" time="2.095"><properties><property name="start_timestamp" value="2024-09-30T17:06:06" /><property name="end_timestamp" value="2024-09-30T17:06:09" /></properties></testcase><testcase classname="tests.tt_eager.python_api_testing.unit_testing.misc.test_tensor_prealloc_and_write" name="test_tensor_preallocation_and_write_apis[True-5-tensor_layout1-memory_location0-mem_layout0-in_dtype1]" time="0.008"><properties><property name="start_timestamp" value="2024-09-30T17:06:09" /><property name="end_timestamp" value="2024-09-30T17:06:09" /></properties><skipped type="pytest.skip" message="Row Major Layout not supported for Bfp8">/home/ubuntu/actions-runner/_work/tt-metal/tt-metal/tests/tt_eager/python_api_testing/unit_testing/misc/test_tensor_prealloc_and_write.py:26: Row Major Layout not supported for Bfp8</skipped></testcase><testcase classname="tests.tt_eager.python_api_testing.unit_testing.misc.test_tensor_prealloc_and_write" name="test_tensor_preallocation_and_write_apis[True-5-tensor_layout1-memory_location1-mem_layout0-in_dtype0]" time="2.259"><properties><property name="start_timestamp" value="2024-09-30T17:06:09" /><property name="end_timestamp" value="2024-09-30T17:06:11" /></properties></testcase><testcase classname="tests.tt_eager.python_api_testing.unit_testing.misc.test_tensor_prealloc_and_write" name="test_tensor_preallocation_and_write_apis[True-5-tensor_layout1-memory_location1-mem_layout0-in_dtype1]" time="0.009"><properties><property name="start_timestamp" value="2024-09-30T17:06:11" /><property name="end_timestamp" value="2024-09-30T17:06:11" /></properties><skipped type="pytest.skip" message="Row Major Layout not supported for Bfp8">/home/ubuntu/actions-runner/_work/tt-metal/tt-metal/tests/tt_eager/python_api_testing/unit_testing/misc/test_tensor_prealloc_and_write.py:26: Row Major Layout not supported for Bfp8</skipped></testcase><testcase classname="tests.tt_eager.python_api_testing.unit_testing.misc.test_tensor_prealloc_and_write" name="test_tensor_preallocation_and_write_apis[False-5-tensor_layout0-memory_location0-mem_layout0-in_dtype0]" time="3.073"><properties><property name="start_timestamp" value="2024-09-30T17:06:11" /><property name="end_timestamp" value="2024-09-30T17:06:14" /></properties></testcase><testcase classname="tests.tt_eager.python_api_testing.unit_testing.misc.test_tensor_prealloc_and_write" name="test_tensor_preallocation_and_write_apis[False-5-tensor_layout0-memory_location0-mem_layout0-in_dtype1]" time="11.404"><properties><property name="start_timestamp" value="2024-09-30T17:06:14" /><property name="end_timestamp" value="2024-09-30T17:06:25" /></properties></testcase><testcase classname="tests.tt_eager.python_api_testing.unit_testing.misc.test_tensor_prealloc_and_write" name="test_tensor_preallocation_and_write_apis[False-5-tensor_layout0-memory_location1-mem_layout0-in_dtype0]" time="2.993"><properties><property name="start_timestamp" value="2024-09-30T17:06:25" /><property name="end_timestamp" value="2024-09-30T17:06:28" /></properties></testcase><testcase classname="tests.tt_eager.python_api_testing.unit_testing.misc.test_tensor_prealloc_and_write" name="test_tensor_preallocation_and_write_apis[False-5-tensor_layout0-memory_location1-mem_layout0-in_dtype1]" time="11.943"><properties><property name="start_timestamp" value="2024-09-30T17:06:28" /><property name="end_timestamp" value="2024-09-30T17:06:40" /></properties></testcase><testcase classname="tests.tt_eager.python_api_testing.unit_testing.misc.test_tensor_prealloc_and_write" name="test_tensor_preallocation_and_write_apis[False-5-tensor_layout1-memory_location0-mem_layout0-in_dtype0]" time="1.669"><properties><property name="start_timestamp" value="2024-09-30T17:06:40" /><property name="end_timestamp" value="2024-09-30T17:06:42" /></properties></testcase><testcase classname="tests.tt_eager.python_api_testing.unit_testing.misc.test_tensor_prealloc_and_write" name="test_tensor_preallocation_and_write_apis[False-5-tensor_layout1-memory_location0-mem_layout0-in_dtype1]" time="0.009"><properties><property name="start_timestamp" value="2024-09-30T17:06:42" /><property name="end_timestamp" value="2024-09-30T17:06:42" /></properties><skipped type="pytest.skip" message="Row Major Layout not supported for Bfp8">/home/ubuntu/actions-runner/_work/tt-metal/tt-metal/tests/tt_eager/python_api_testing/unit_testing/misc/test_tensor_prealloc_and_write.py:26: Row Major Layout not supported for Bfp8</skipped></testcase><testcase classname="tests.tt_eager.python_api_testing.unit_testing.misc.test_tensor_prealloc_and_write" name="test_tensor_preallocation_and_write_apis[False-5-tensor_layout1-memory_location1-mem_layout0-in_dtype0]" time="1.609"><properties><property name="start_timestamp" value="2024-09-30T17:06:42" /><property name="end_timestamp" value="2024-09-30T17:06:44" /></properties></testcase><testcase classname="tests.tt_eager.python_api_testing.unit_testing.misc.test_tensor_prealloc_and_write" name="test_tensor_preallocation_and_write_apis[False-5-tensor_layout1-memory_location1-mem_layout0-in_dtype1]" time="0.009"><properties><property name="start_timestamp" value="2024-09-30T17:06:44" /><property name="end_timestamp" value="2024-09-30T17:06:44" /></properties><skipped type="pytest.skip" message="Row Major Layout not supported for Bfp8">/home/ubuntu/actions-runner/_work/tt-metal/tt-metal/tests/tt_eager/python_api_testing/unit_testing/misc/test_tensor_prealloc_and_write.py:26: Row Major Layout not supported for Bfp8</skipped></testcase><testcase classname="tests.tt_eager.python_api_testing.unit_testing.misc.test_tensor_ranks" name="test_tensor_ranks[shape0]" time="0.012"><properties><property name="start_timestamp" value="2024-09-30T17:06:44" /><property name="end_timestamp" value="2024-09-30T17:06:44" /></properties></testcase><testcase classname="tests.tt_eager.python_api_testing.unit_testing.misc.test_tensor_ranks" name="test_tensor_ranks[shape1]" time="0.007"><properties><property name="start_timestamp" value="2024-09-30T17:06:44" /><property name="end_timestamp" value="2024-09-30T17:06:44" /></properties></testcase><testcase classname="tests.tt_eager.python_api_testing.unit_testing.misc.test_tensor_ranks" name="test_tensor_ranks[shape2]" time="0.013"><properties><property name="start_timestamp" value="2024-09-30T17:06:44" /><property name="end_timestamp" value="2024-09-30T17:06:44" /></properties></testcase><testcase classname="tests.tt_eager.python_api_testing.unit_testing.misc.test_tensor_ranks" name="test_tensor_ranks[shape3]" time="0.007"><properties><property name="start_timestamp" value="2024-09-30T17:06:44" /><property name="end_timestamp" value="2024-09-30T17:06:44" /></properties></testcase><testcase classname="tests.tt_eager.python_api_testing.unit_testing.misc.test_tensor_ranks" name="test_tensor_ranks[shape4]" time="0.008"><properties><property name="start_timestamp" value="2024-09-30T17:06:44" /><property name="end_timestamp" value="2024-09-30T17:06:44" /></properties></testcase><testcase classname="tests.tt_eager.python_api_testing.unit_testing.misc.test_tensor_ranks" name="test_tensor_ranks[shape5]" time="0.026"><properties><property name="start_timestamp" value="2024-09-30T17:06:44" /><property name="end_timestamp" value="2024-09-30T17:06:44" /></properties></testcase><testcase classname="tests.tt_eager.python_api_testing.unit_testing.misc.test_tensor_ranks" name="test_tensor_ranks[shape6]" time="0.025"><properties><property name="start_timestamp" value="2024-09-30T17:06:44" /><property name="end_timestamp" value="2024-09-30T17:06:44" /></properties></testcase><testcase classname="tests.tt_eager.python_api_testing.unit_testing.misc.test_tilize_hpadding_matmul" name="test_tilize_hpadding_matmul" time="1.000"><properties><property name="start_timestamp" value="2024-09-30T17:06:44" /><property name="end_timestamp" value="2024-09-30T17:06:45" /></properties></testcase><testcase classname="tests.tt_eager.python_api_testing.unit_testing.misc.test_tilize_matmul" name="test_run_tilize_matmul_test" time="0.927"><properties><property name="start_timestamp" value="2024-09-30T17:06:45" /><property name="end_timestamp" value="2024-09-30T17:06:46" /></properties></testcase><testcase classname="tests.tt_eager.python_api_testing.unit_testing.misc.test_tilize_test" name="test_run_tilize_test[False-5-2-4-8]" time="0.491"><properties><property name="start_timestamp" value="2024-09-30T17:06:46" /><property name="end_timestamp" value="2024-09-30T17:06:46" /></properties></testcase><testcase classname="tests.tt_eager.python_api_testing.unit_testing.misc.test_tilize_test" name="test_run_tilize_test[False-5-2-4-7]" time="0.542"><properties><property name="start_timestamp" value="2024-09-30T17:06:46" /><property name="end_timestamp" value="2024-09-30T17:06:47" /></properties></testcase><testcase classname="tests.tt_eager.python_api_testing.unit_testing.misc.test_tilize_test" name="test_run_tilize_test[False-1-1-784-2]" time="0.634"><properties><property name="start_timestamp" value="2024-09-30T17:06:47" /><property name="end_timestamp" value="2024-09-30T17:06:47" /></properties></testcase><testcase classname="tests.tt_eager.python_api_testing.unit_testing.misc.test_tilize_test" name="test_run_tilize_test[False-8-1-2-64]" time="0.538"><properties><property name="start_timestamp" value="2024-09-30T17:06:47" /><property name="end_timestamp" value="2024-09-30T17:06:48" /></properties></testcase><testcase classname="tests.tt_eager.python_api_testing.unit_testing.misc.test_tilize_test" name="test_run_tilize_test[False-1-1-1-64]" time="0.453"><properties><property name="start_timestamp" value="2024-09-30T17:06:48" /><property name="end_timestamp" value="2024-09-30T17:06:48" /></properties></testcase><testcase classname="tests.tt_eager.python_api_testing.unit_testing.misc.test_tilize_test" name="test_run_tilize_test[True-5-2-4-8]" time="0.452"><properties><property name="start_timestamp" value="2024-09-30T17:06:48" /><property name="end_timestamp" value="2024-09-30T17:06:49" /></properties></testcase><testcase classname="tests.tt_eager.python_api_testing.unit_testing.misc.test_tilize_test" name="test_run_tilize_test[True-5-2-4-7]" time="0.459"><properties><property name="start_timestamp" value="2024-09-30T17:06:49" /><property name="end_timestamp" value="2024-09-30T17:06:49" /></properties></testcase><testcase classname="tests.tt_eager.python_api_testing.unit_testing.misc.test_tilize_test" name="test_run_tilize_test[True-1-1-784-2]" time="0.559"><properties><property name="start_timestamp" value="2024-09-30T17:06:49" /><property name="end_timestamp" value="2024-09-30T17:06:50" /></properties></testcase><testcase classname="tests.tt_eager.python_api_testing.unit_testing.misc.test_tilize_test" name="test_run_tilize_test[True-8-1-2-64]" time="0.088"><properties><property name="start_timestamp" value="2024-09-30T17:06:50" /><property name="end_timestamp" value="2024-09-30T17:06:50" /></properties></testcase><testcase classname="tests.tt_eager.python_api_testing.unit_testing.misc.test_tilize_test" name="test_run_tilize_test[True-1-1-1-64]" time="0.021"><properties><property name="start_timestamp" value="2024-09-30T17:06:50" /><property name="end_timestamp" value="2024-09-30T17:06:50" /></properties></testcase><testcase classname="tests.tt_eager.python_api_testing.unit_testing.misc.test_transpose" name="test_transpose_hc[bfloat16]" time="0.093"><properties><property name="start_timestamp" value="2024-09-30T17:06:50" /><property name="end_timestamp" value="2024-09-30T17:06:50" /></properties></testcase><testcase classname="tests.tt_eager.python_api_testing.unit_testing.misc.test_transpose" name="test_transpose_hc[float]" time="0.470"><properties><property name="start_timestamp" value="2024-09-30T17:06:50" /><property name="end_timestamp" value="2024-09-30T17:06:50" /></properties></testcase><testcase classname="tests.tt_eager.python_api_testing.unit_testing.misc.test_transpose" name="test_transpose_wh_uint16" time="0.578"><properties><property name="start_timestamp" value="2024-09-30T17:06:50" /><property name="end_timestamp" value="2024-09-30T17:06:51" /></properties></testcase><testcase classname="tests.tt_eager.python_api_testing.unit_testing.misc.test_transpose" name="test_transpose_wh_bfp4" time="0.461"><properties><property name="start_timestamp" value="2024-09-30T17:06:51" /><property name="end_timestamp" value="2024-09-30T17:06:51" /></properties></testcase><testcase classname="tests.tt_eager.python_api_testing.unit_testing.misc.test_transpose" name="test_transpose_hc_program_cache[bfloat16]" time="0.718"><properties><property name="start_timestamp" value="2024-09-30T17:06:51" /><property name="end_timestamp" value="2024-09-30T17:06:52" /></properties></testcase><testcase classname="tests.tt_eager.python_api_testing.unit_testing.misc.test_transpose" name="test_transpose_hc_program_cache[float]" time="1.182"><properties><property name="start_timestamp" value="2024-09-30T17:06:52" /><property name="end_timestamp" value="2024-09-30T17:06:53" /></properties></testcase><testcase classname="tests.tt_eager.python_api_testing.unit_testing.misc.test_transpose" name="test_transpose_cn_program_cache[bfloat16]" time="0.075"><properties><property name="start_timestamp" value="2024-09-30T17:06:53" /><property name="end_timestamp" value="2024-09-30T17:06:53" /></properties></testcase><testcase classname="tests.tt_eager.python_api_testing.unit_testing.misc.test_transpose" name="test_transpose_cn_program_cache[float]" time="0.472"><properties><property name="start_timestamp" value="2024-09-30T17:06:53" /><property name="end_timestamp" value="2024-09-30T17:06:54" /></properties></testcase><testcase classname="tests.tt_eager.python_api_testing.unit_testing.misc.test_transpose" name="test_transpose_wh_program_cache[bfloat16]" time="0.592"><properties><property name="start_timestamp" value="2024-09-30T17:06:54" /><property name="end_timestamp" value="2024-09-30T17:06:54" /></properties></testcase><testcase classname="tests.tt_eager.python_api_testing.unit_testing.misc.test_transpose" name="test_transpose_wh_program_cache[float]" time="0.682"><properties><property name="start_timestamp" value="2024-09-30T17:06:54" /><property name="end_timestamp" value="2024-09-30T17:06:55" /></properties></testcase><testcase classname="tests.tt_eager.python_api_testing.unit_testing.misc.test_transpose" name="test_transpose_wh_sharded_program_cache[bfloat8_b]" time="1.636"><properties><property name="start_timestamp" value="2024-09-30T17:06:55" /><property name="end_timestamp" value="2024-09-30T17:06:57" /></properties></testcase><testcase classname="tests.tt_eager.python_api_testing.unit_testing.misc.test_transpose" name="test_transpose_wh_sharded_program_cache[float]" time="0.614"><properties><property name="start_timestamp" value="2024-09-30T17:06:57" /><property name="end_timestamp" value="2024-09-30T17:06:57" /></properties></testcase><testcase classname="tests.tt_eager.python_api_testing.unit_testing.misc.test_transpose" name="test_tranpose_hw_rm_with_padding[256-230-1-1]" time="0.927"><properties><property name="start_timestamp" value="2024-09-30T17:06:57" /><property name="end_timestamp" value="2024-09-30T17:06:58" /></properties></testcase><testcase classname="tests.tt_eager.python_api_testing.unit_testing.misc.test_transpose" name="test_tranpose_hw_rm_no_padding[256-8-128-16]" time="0.596"><properties><property name="start_timestamp" value="2024-09-30T17:06:58" /><property name="end_timestamp" value="2024-09-30T17:06:59" /></properties></testcase><testcase classname="tests.tt_eager.python_api_testing.unit_testing.misc.test_transpose" name="test_tranpose_hw_rm_with_program_cache[256-8-128-16]" time="0.237"><properties><property name="start_timestamp" value="2024-09-30T17:06:59" /><property name="end_timestamp" value="2024-09-30T17:06:59" /></properties></testcase><testcase classname="tests.tt_eager.python_api_testing.unit_testing.misc.test_transpose" name="test_tranpose_hw_sharded_rm[112-16-224-16]" time="1.439"><properties><property name="start_timestamp" value="2024-09-30T17:06:59" /><property name="end_timestamp" value="2024-09-30T17:07:01" /></properties></testcase><testcase classname="tests.tt_eager.python_api_testing.unit_testing.misc.test_transpose" name="test_tranpose_hw_sharded_rm_with_program_cache[16-128-128-16]" time="1.468"><properties><property name="start_timestamp" value="2024-09-30T17:07:01" /><property name="end_timestamp" value="2024-09-30T17:07:02" /></properties></testcase><testcase classname="tests.tt_eager.python_api_testing.unit_testing.misc.test_transpose" name="test_tranpose_hc_rm[16-128-128-16]" time="0.482"><properties><property name="start_timestamp" value="2024-09-30T17:07:02" /><property name="end_timestamp" value="2024-09-30T17:07:03" /></properties></testcase><testcase classname="tests.tt_eager.python_api_testing.unit_testing.misc.test_transpose" name="test_tranpose_hc_rm_with_program_cache[16-256-128-20]" time="0.804"><properties><property name="start_timestamp" value="2024-09-30T17:07:03" /><property name="end_timestamp" value="2024-09-30T17:07:03" /></properties></testcase><testcase classname="tests.tt_eager.python_api_testing.unit_testing.misc.test_transpose" name="test_tranpose_hc_sharded_with_program_cache[1-8-4-16-grid_size0]" time="0.391"><properties><property name="start_timestamp" value="2024-09-30T17:07:03" /><property name="end_timestamp" value="2024-09-30T17:07:04" /></properties></testcase><testcase classname="tests.tt_eager.python_api_testing.unit_testing.misc.test_transpose" name="test_tranpose_hc_sharded_with_program_cache[4-3-3-16-grid_size1]" time="0.363"><properties><property name="start_timestamp" value="2024-09-30T17:07:04" /><property name="end_timestamp" value="2024-09-30T17:07:04" /></properties></testcase><testcase classname="tests.tt_eager.python_api_testing.unit_testing.misc.test_transpose" name="test_tranpose_hc_sharded_with_program_cache[2-8-4-32-grid_size2]" time="0.007"><properties><property name="start_timestamp" value="2024-09-30T17:07:04" /><property name="end_timestamp" value="2024-09-30T17:07:04" /></properties><skipped type="pytest.skip" message="grid size not for N300">/home/ubuntu/actions-runner/_work/tt-metal/tt-metal/tests/tt_eager/python_api_testing/unit_testing/misc/test_transpose.py:599: grid size not for N300</skipped></testcase><testcase classname="tests.tt_eager.python_api_testing.unit_testing.misc.test_transpose" name="test_tranpose_hc_sharded_with_program_cache[2-2-8-64-grid_size3]" time="0.007"><properties><property name="start_timestamp" value="2024-09-30T17:07:04" /><property name="end_timestamp" value="2024-09-30T17:07:04" /></properties><skipped type="pytest.skip" message="grid size not for N300">/home/ubuntu/actions-runner/_work/tt-metal/tt-metal/tests/tt_eager/python_api_testing/unit_testing/misc/test_transpose.py:599: grid size not for N300</skipped></testcase><testcase classname="tests.tt_eager.python_api_testing.unit_testing.misc.test_transpose" name="test_tranpose_hc_sharded_with_program_cache[16-4-224-224-grid_size4]" time="0.007"><properties><property name="start_timestamp" value="2024-09-30T17:07:04" /><property name="end_timestamp" value="2024-09-30T17:07:04" /></properties><skipped type="pytest.skip" message="grid size not for N300">/home/ubuntu/actions-runner/_work/tt-metal/tt-metal/tests/tt_eager/python_api_testing/unit_testing/misc/test_transpose.py:599: grid size not for N300</skipped></testcase><testcase classname="tests.tt_eager.python_api_testing.unit_testing.misc.test_transpose" name="test_tranpose_hc_sharded_with_program_cache[20-4-224-224-grid_size5]" time="0.007"><properties><property name="start_timestamp" value="2024-09-30T17:07:04" /><property name="end_timestamp" value="2024-09-30T17:07:04" /></properties><skipped type="pytest.skip" message="grid size not for N300">/home/ubuntu/actions-runner/_work/tt-metal/tt-metal/tests/tt_eager/python_api_testing/unit_testing/misc/test_transpose.py:599: grid size not for N300</skipped></testcase><testcase classname="tests.tt_eager.python_api_testing.unit_testing.misc.test_transpose" name="test_tranpose_hc_sharded_with_program_cache[24-3-224-224-grid_size6]" time="0.009"><properties><property name="start_timestamp" value="2024-09-30T17:07:04" /><property name="end_timestamp" value="2024-09-30T17:07:04" /></properties><skipped type="pytest.skip" message="grid size not for N300">/home/ubuntu/actions-runner/_work/tt-metal/tt-metal/tests/tt_eager/python_api_testing/unit_testing/misc/test_transpose.py:599: grid size not for N300</skipped></testcase><testcase classname="tests.tt_eager.python_api_testing.unit_testing.misc.test_transpose" name="test_tranpose_hc_sharded_with_program_cache[16-128-256-16-grid_size7]" time="0.008"><properties><property name="start_timestamp" value="2024-09-30T17:07:04" /><property name="end_timestamp" value="2024-09-30T17:07:04" /></properties><skipped type="pytest.skip" message="grid size not for N300">/home/ubuntu/actions-runner/_work/tt-metal/tt-metal/tests/tt_eager/python_api_testing/unit_testing/misc/test_transpose.py:599: grid size not for N300</skipped></testcase><testcase classname="tests.tt_eager.python_api_testing.unit_testing.misc.test_transpose" name="test_tranpose_hc_sharded_with_program_cache[16-128-128-16-grid_size8]" time="0.008"><properties><property name="start_timestamp" value="2024-09-30T17:07:04" /><property name="end_timestamp" value="2024-09-30T17:07:04" /></properties><skipped type="pytest.skip" message="grid size not for N300">/home/ubuntu/actions-runner/_work/tt-metal/tt-metal/tests/tt_eager/python_api_testing/unit_testing/misc/test_transpose.py:599: grid size not for N300</skipped></testcase><testcase classname="tests.tt_eager.python_api_testing.unit_testing.misc.test_transpose" name="test_transpose_bfloat8_b[shape0-swap_dims0]" time="1.981"><properties><property name="start_timestamp" value="2024-09-30T17:07:04" /><property name="end_timestamp" value="2024-09-30T17:07:06" /></properties></testcase><testcase classname="tests.tt_eager.python_api_testing.unit_testing.misc.test_transpose" name="test_transpose_bfloat8_b[shape1-swap_dims1]" time="0.160"><properties><property name="start_timestamp" value="2024-09-30T17:07:06" /><property name="end_timestamp" value="2024-09-30T17:07:06" /></properties></testcase><testcase classname="tests.tt_eager.python_api_testing.unit_testing.misc.test_transpose" name="test_transpose_bfloat8_b[shape2-swap_dims2]" time="0.156"><properties><property name="start_timestamp" value="2024-09-30T17:07:06" /><property name="end_timestamp" value="2024-09-30T17:07:06" /></properties></testcase><testcase classname="tests.tt_eager.python_api_testing.unit_testing.misc.test_transpose" name="test_transpose_bfloat8_b[shape3-swap_dims3]" time="0.164"><properties><property name="start_timestamp" value="2024-09-30T17:07:06" /><property name="end_timestamp" value="2024-09-30T17:07:07" /></properties></testcase><testcase classname="tests.tt_eager.python_api_testing.unit_testing.misc.test_unary_ops_ttnn" name="test_unary_square_ttnn[input_shapes0]" time="0.530"><properties><property name="start_timestamp" value="2024-09-30T17:07:07" /><property name="end_timestamp" value="2024-09-30T17:07:07" /></properties></testcase><testcase classname="tests.tt_eager.python_api_testing.unit_testing.misc.test_unary_ops_ttnn" name="test_unary_square_ttnn[input_shapes1]" time="0.725"><properties><property name="start_timestamp" value="2024-09-30T17:07:07" /><property name="end_timestamp" value="2024-09-30T17:07:08" /></properties></testcase><testcase classname="tests.tt_eager.python_api_testing.unit_testing.misc.test_unary_ops_ttnn" name="test_unary_square_ttnn[input_shapes2]" time="0.721"><properties><property name="start_timestamp" value="2024-09-30T17:07:08" /><property name="end_timestamp" value="2024-09-30T17:07:09" /></properties></testcase><testcase classname="tests.tt_eager.python_api_testing.unit_testing.misc.test_unary_ops_ttnn" name="test_unary_pow_ttnn[0.5-input_shapes0]" time="4.550"><properties><property name="start_timestamp" value="2024-09-30T17:07:09" /><property name="end_timestamp" value="2024-09-30T17:07:13" /></properties></testcase><testcase classname="tests.tt_eager.python_api_testing.unit_testing.misc.test_unary_ops_ttnn" name="test_unary_pow_ttnn[0.5-input_shapes1]" time="3.877"><properties><property name="start_timestamp" value="2024-09-30T17:07:13" /><property name="end_timestamp" value="2024-09-30T17:07:17" /></properties></testcase><testcase classname="tests.tt_eager.python_api_testing.unit_testing.misc.test_unary_ops_ttnn" name="test_unary_pow_ttnn[0.5-input_shapes2]" time="3.696"><properties><property name="start_timestamp" value="2024-09-30T17:07:17" /><property name="end_timestamp" value="2024-09-30T17:07:21" /></properties></testcase><testcase classname="tests.tt_eager.python_api_testing.unit_testing.misc.test_unary_ops_ttnn" name="test_unary_pow_ttnn[2.0-input_shapes0]" time="0.576"><properties><property name="start_timestamp" value="2024-09-30T17:07:21" /><property name="end_timestamp" value="2024-09-30T17:07:21" /></properties></testcase><testcase classname="tests.tt_eager.python_api_testing.unit_testing.misc.test_unary_ops_ttnn" name="test_unary_pow_ttnn[2.0-input_shapes1]" time="0.658"><properties><property name="start_timestamp" value="2024-09-30T17:07:21" /><property name="end_timestamp" value="2024-09-30T17:07:22" /></properties></testcase><testcase classname="tests.tt_eager.python_api_testing.unit_testing.misc.test_unary_ops_ttnn" name="test_unary_pow_ttnn[2.0-input_shapes2]" time="0.746"><properties><property name="start_timestamp" value="2024-09-30T17:07:22" /><property name="end_timestamp" value="2024-09-30T17:07:23" /></properties></testcase><testcase classname="tests.tt_eager.python_api_testing.unit_testing.misc.test_unary_ops_ttnn" name="test_unary_abs_ttnn[input_shapes0]" time="0.516"><properties><property name="start_timestamp" value="2024-09-30T17:07:23" /><property name="end_timestamp" value="2024-09-30T17:07:23" /></properties></testcase><testcase classname="tests.tt_eager.python_api_testing.unit_testing.misc.test_unary_ops_ttnn" name="test_unary_abs_ttnn[input_shapes1]" time="0.615"><properties><property name="start_timestamp" value="2024-09-30T17:07:23" /><property name="end_timestamp" value="2024-09-30T17:07:24" /></properties></testcase><testcase classname="tests.tt_eager.python_api_testing.unit_testing.misc.test_unary_ops_ttnn" name="test_unary_abs_ttnn[input_shapes2]" time="0.618"><properties><property name="start_timestamp" value="2024-09-30T17:07:24" /><property name="end_timestamp" value="2024-09-30T17:07:24" /></properties></testcase><testcase classname="tests.tt_eager.python_api_testing.unit_testing.misc.test_unary_ops_ttnn" name="test_unary_asin_ttnn[input_shapes0]" time="0.582"><properties><property name="start_timestamp" value="2024-09-30T17:07:24" /><property name="end_timestamp" value="2024-09-30T17:07:25" /></properties></testcase><testcase classname="tests.tt_eager.python_api_testing.unit_testing.misc.test_unary_ops_ttnn" name="test_unary_asin_ttnn[input_shapes1]" time="0.681"><properties><property name="start_timestamp" value="2024-09-30T17:07:25" /><property name="end_timestamp" value="2024-09-30T17:07:26" /></properties></testcase><testcase classname="tests.tt_eager.python_api_testing.unit_testing.misc.test_unary_ops_ttnn" name="test_unary_asin_ttnn[input_shapes2]" time="0.732"><properties><property name="start_timestamp" value="2024-09-30T17:07:26" /><property name="end_timestamp" value="2024-09-30T17:07:26" /></properties></testcase><testcase classname="tests.tt_eager.python_api_testing.unit_testing.misc.test_unary_ops_ttnn" name="test_unary_acos_ttnn[input_shapes0]" time="0.541"><properties><property name="start_timestamp" value="2024-09-30T17:07:26" /><property name="end_timestamp" value="2024-09-30T17:07:27" /></properties></testcase><testcase classname="tests.tt_eager.python_api_testing.unit_testing.misc.test_unary_ops_ttnn" name="test_unary_acos_ttnn[input_shapes1]" time="0.620"><properties><property name="start_timestamp" value="2024-09-30T17:07:27" /><property name="end_timestamp" value="2024-09-30T17:07:28" /></properties></testcase><testcase classname="tests.tt_eager.python_api_testing.unit_testing.misc.test_unary_ops_ttnn" name="test_unary_acos_ttnn[input_shapes2]" time="0.670"><properties><property name="start_timestamp" value="2024-09-30T17:07:28" /><property name="end_timestamp" value="2024-09-30T17:07:28" /></properties></testcase><testcase classname="tests.tt_eager.python_api_testing.unit_testing.misc.test_unary_ops_ttnn" name="test_unary_atan_ttnn[input_shapes0]" time="0.591"><properties><property name="start_timestamp" value="2024-09-30T17:07:28" /><property name="end_timestamp" value="2024-09-30T17:07:29" /></properties></testcase><testcase classname="tests.tt_eager.python_api_testing.unit_testing.misc.test_unary_ops_ttnn" name="test_unary_atan_ttnn[input_shapes1]" time="0.764"><properties><property name="start_timestamp" value="2024-09-30T17:07:29" /><property name="end_timestamp" value="2024-09-30T17:07:30" /></properties></testcase><testcase classname="tests.tt_eager.python_api_testing.unit_testing.misc.test_unary_ops_ttnn" name="test_unary_atan_ttnn[input_shapes2]" time="0.702"><properties><property name="start_timestamp" value="2024-09-30T17:07:30" /><property name="end_timestamp" value="2024-09-30T17:07:30" /></properties></testcase><testcase classname="tests.tt_eager.python_api_testing.unit_testing.misc.test_unary_ops_ttnn" name="test_unary_cos_ttnn[input_shapes0]" time="0.554"><properties><property name="start_timestamp" value="2024-09-30T17:07:30" /><property name="end_timestamp" value="2024-09-30T17:07:31" /></properties></testcase><testcase classname="tests.tt_eager.python_api_testing.unit_testing.misc.test_unary_ops_ttnn" name="test_unary_cos_ttnn[input_shapes1]" time="0.562"><properties><property name="start_timestamp" value="2024-09-30T17:07:31" /><property name="end_timestamp" value="2024-09-30T17:07:31" /></properties></testcase><testcase classname="tests.tt_eager.python_api_testing.unit_testing.misc.test_unary_ops_ttnn" name="test_unary_cos_ttnn[input_shapes2]" time="0.652"><properties><property name="start_timestamp" value="2024-09-30T17:07:31" /><property name="end_timestamp" value="2024-09-30T17:07:32" /></properties></testcase><testcase classname="tests.tt_eager.python_api_testing.unit_testing.misc.test_unary_ops_ttnn" name="test_unary_eqz_ttnn[input_shapes0]" time="0.536"><properties><property name="start_timestamp" value="2024-09-30T17:07:32" /><property name="end_timestamp" value="2024-09-30T17:07:33" /></properties></testcase><testcase classname="tests.tt_eager.python_api_testing.unit_testing.misc.test_unary_ops_ttnn" name="test_unary_eqz_ttnn[input_shapes1]" time="0.645"><properties><property name="start_timestamp" value="2024-09-30T17:07:33" /><property name="end_timestamp" value="2024-09-30T17:07:33" /></properties></testcase><testcase classname="tests.tt_eager.python_api_testing.unit_testing.misc.test_unary_ops_ttnn" name="test_unary_eqz_ttnn[input_shapes2]" time="0.706"><properties><property name="start_timestamp" value="2024-09-30T17:07:33" /><property name="end_timestamp" value="2024-09-30T17:07:34" /></properties></testcase><testcase classname="tests.tt_eager.python_api_testing.unit_testing.misc.test_unary_ops_ttnn" name="test_unary_nez_ttnn[input_shapes0]" time="0.557"><properties><property name="start_timestamp" value="2024-09-30T17:07:34" /><property name="end_timestamp" value="2024-09-30T17:07:35" /></properties></testcase><testcase classname="tests.tt_eager.python_api_testing.unit_testing.misc.test_unary_ops_ttnn" name="test_unary_nez_ttnn[input_shapes1]" time="0.654"><properties><property name="start_timestamp" value="2024-09-30T17:07:35" /><property name="end_timestamp" value="2024-09-30T17:07:35" /></properties></testcase><testcase classname="tests.tt_eager.python_api_testing.unit_testing.misc.test_unary_ops_ttnn" name="test_unary_nez_ttnn[input_shapes2]" time="0.661"><properties><property name="start_timestamp" value="2024-09-30T17:07:35" /><property name="end_timestamp" value="2024-09-30T17:07:36" /></properties></testcase><testcase classname="tests.tt_eager.python_api_testing.unit_testing.misc.test_unary_ops_ttnn" name="test_unary_gez_ttnn[input_shapes0]" time="0.541"><properties><property name="start_timestamp" value="2024-09-30T17:07:36" /><property name="end_timestamp" value="2024-09-30T17:07:36" /></properties></testcase><testcase classname="tests.tt_eager.python_api_testing.unit_testing.misc.test_unary_ops_ttnn" name="test_unary_gez_ttnn[input_shapes1]" time="0.707"><properties><property name="start_timestamp" value="2024-09-30T17:07:36" /><property name="end_timestamp" value="2024-09-30T17:07:37" /></properties></testcase><testcase classname="tests.tt_eager.python_api_testing.unit_testing.misc.test_unary_ops_ttnn" name="test_unary_gez_ttnn[input_shapes2]" time="0.728"><properties><property name="start_timestamp" value="2024-09-30T17:07:37" /><property name="end_timestamp" value="2024-09-30T17:07:38" /></properties></testcase><testcase classname="tests.tt_eager.python_api_testing.unit_testing.misc.test_unary_ops_ttnn" name="test_unary_lez_ttnn[input_shapes0]" time="0.009"><properties><property name="start_timestamp" value="2024-09-30T17:07:38" /><property name="end_timestamp" value="2024-09-30T17:07:38" /></properties></testcase><testcase classname="tests.tt_eager.python_api_testing.unit_testing.misc.test_unary_ops_ttnn" name="test_unary_lez_ttnn[input_shapes1]" time="0.027"><properties><property name="start_timestamp" value="2024-09-30T17:07:38" /><property name="end_timestamp" value="2024-09-30T17:07:38" /></properties></testcase><testcase classname="tests.tt_eager.python_api_testing.unit_testing.misc.test_unary_ops_ttnn" name="test_unary_lez_ttnn[input_shapes2]" time="0.033"><properties><property name="start_timestamp" value="2024-09-30T17:07:38" /><property name="end_timestamp" value="2024-09-30T17:07:38" /></properties></testcase><testcase classname="tests.tt_eager.python_api_testing.unit_testing.misc.test_unary_ops_ttnn" name="test_unary_ltz_ttnn[input_shapes0]" time="0.008"><properties><property name="start_timestamp" value="2024-09-30T17:07:38" /><property name="end_timestamp" value="2024-09-30T17:07:38" /></properties></testcase><testcase classname="tests.tt_eager.python_api_testing.unit_testing.misc.test_unary_ops_ttnn" name="test_unary_ltz_ttnn[input_shapes1]" time="0.027"><properties><property name="start_timestamp" value="2024-09-30T17:07:38" /><property name="end_timestamp" value="2024-09-30T17:07:38" /></properties></testcase><testcase classname="tests.tt_eager.python_api_testing.unit_testing.misc.test_unary_ops_ttnn" name="test_unary_ltz_ttnn[input_shapes2]" time="0.030"><properties><property name="start_timestamp" value="2024-09-30T17:07:38" /><property name="end_timestamp" value="2024-09-30T17:07:38" /></properties></testcase><testcase classname="tests.tt_eager.python_api_testing.unit_testing.misc.test_unary_ops_ttnn" name="test_unary_gtz_ttnn[input_shapes0]" time="0.008"><properties><property name="start_timestamp" value="2024-09-30T17:07:38" /><property name="end_timestamp" value="2024-09-30T17:07:38" /></properties></testcase><testcase classname="tests.tt_eager.python_api_testing.unit_testing.misc.test_unary_ops_ttnn" name="test_unary_gtz_ttnn[input_shapes1]" time="0.025"><properties><property name="start_timestamp" value="2024-09-30T17:07:38" /><property name="end_timestamp" value="2024-09-30T17:07:38" /></properties></testcase><testcase classname="tests.tt_eager.python_api_testing.unit_testing.misc.test_unary_ops_ttnn" name="test_unary_gtz_ttnn[input_shapes2]" time="0.036"><properties><property name="start_timestamp" value="2024-09-30T17:07:38" /><property name="end_timestamp" value="2024-09-30T17:07:38" /></properties></testcase><testcase classname="tests.tt_eager.python_api_testing.unit_testing.misc.test_unary_ops_ttnn" name="test_unary_elu_ttnn[1.0-input_shapes0]" time="0.568"><properties><property name="start_timestamp" value="2024-09-30T17:07:38" /><property name="end_timestamp" value="2024-09-30T17:07:39" /></properties></testcase><testcase classname="tests.tt_eager.python_api_testing.unit_testing.misc.test_unary_ops_ttnn" name="test_unary_elu_ttnn[1.0-input_shapes1]" time="0.592"><properties><property name="start_timestamp" value="2024-09-30T17:07:39" /><property name="end_timestamp" value="2024-09-30T17:07:39" /></properties></testcase><testcase classname="tests.tt_eager.python_api_testing.unit_testing.misc.test_unary_ops_ttnn" name="test_unary_elu_ttnn[1.0-input_shapes2]" time="0.660"><properties><property name="start_timestamp" value="2024-09-30T17:07:39" /><property name="end_timestamp" value="2024-09-30T17:07:40" /></properties></testcase><testcase classname="tests.tt_eager.python_api_testing.unit_testing.misc.test_unary_ops_ttnn" name="test_unary_elu_ttnn[5.0-input_shapes0]" time="0.476"><properties><property name="start_timestamp" value="2024-09-30T17:07:40" /><property name="end_timestamp" value="2024-09-30T17:07:40" /></properties></testcase><testcase classname="tests.tt_eager.python_api_testing.unit_testing.misc.test_unary_ops_ttnn" name="test_unary_elu_ttnn[5.0-input_shapes1]" time="0.627"><properties><property name="start_timestamp" value="2024-09-30T17:07:40" /><property name="end_timestamp" value="2024-09-30T17:07:41" /></properties></testcase><testcase classname="tests.tt_eager.python_api_testing.unit_testing.misc.test_unary_ops_ttnn" name="test_unary_elu_ttnn[5.0-input_shapes2]" time="0.593"><properties><property name="start_timestamp" value="2024-09-30T17:07:41" /><property name="end_timestamp" value="2024-09-30T17:07:42" /></properties></testcase><testcase classname="tests.tt_eager.python_api_testing.unit_testing.misc.test_unary_ops_ttnn" name="test_unary_elu_ttnn[10.0-input_shapes0]" time="0.478"><properties><property name="start_timestamp" value="2024-09-30T17:07:42" /><property name="end_timestamp" value="2024-09-30T17:07:42" /></properties></testcase><testcase classname="tests.tt_eager.python_api_testing.unit_testing.misc.test_unary_ops_ttnn" name="test_unary_elu_ttnn[10.0-input_shapes1]" time="0.560"><properties><property name="start_timestamp" value="2024-09-30T17:07:42" /><property name="end_timestamp" value="2024-09-30T17:07:43" /></properties></testcase><testcase classname="tests.tt_eager.python_api_testing.unit_testing.misc.test_unary_ops_ttnn" name="test_unary_elu_ttnn[10.0-input_shapes2]" time="0.571"><properties><property name="start_timestamp" value="2024-09-30T17:07:43" /><property name="end_timestamp" value="2024-09-30T17:07:43" /></properties></testcase><testcase classname="tests.tt_eager.python_api_testing.unit_testing.misc.test_unary_ops_ttnn" name="test_unary_erf_ttnn[False-input_shapes0]" time="0.464"><properties><property name="start_timestamp" value="2024-09-30T17:07:43" /><property name="end_timestamp" value="2024-09-30T17:07:44" /></properties></testcase><testcase classname="tests.tt_eager.python_api_testing.unit_testing.misc.test_unary_ops_ttnn" name="test_unary_erf_ttnn[False-input_shapes1]" time="0.619"><properties><property name="start_timestamp" value="2024-09-30T17:07:44" /><property name="end_timestamp" value="2024-09-30T17:07:44" /></properties></testcase><testcase classname="tests.tt_eager.python_api_testing.unit_testing.misc.test_unary_ops_ttnn" name="test_unary_erf_ttnn[False-input_shapes2]" time="0.566"><properties><property name="start_timestamp" value="2024-09-30T17:07:44" /><property name="end_timestamp" value="2024-09-30T17:07:45" /></properties></testcase><testcase classname="tests.tt_eager.python_api_testing.unit_testing.misc.test_unary_ops_ttnn" name="test_unary_erf_ttnn[True-input_shapes0]" time="0.481"><properties><property name="start_timestamp" value="2024-09-30T17:07:45" /><property name="end_timestamp" value="2024-09-30T17:07:45" /></properties></testcase><testcase classname="tests.tt_eager.python_api_testing.unit_testing.misc.test_unary_ops_ttnn" name="test_unary_erf_ttnn[True-input_shapes1]" time="0.621"><properties><property name="start_timestamp" value="2024-09-30T17:07:45" /><property name="end_timestamp" value="2024-09-30T17:07:46" /></properties></testcase><testcase classname="tests.tt_eager.python_api_testing.unit_testing.misc.test_unary_ops_ttnn" name="test_unary_erf_ttnn[True-input_shapes2]" time="0.623"><properties><property name="start_timestamp" value="2024-09-30T17:07:46" /><property name="end_timestamp" value="2024-09-30T17:07:47" /></properties></testcase><testcase classname="tests.tt_eager.python_api_testing.unit_testing.misc.test_unary_ops_ttnn" name="test_unary_erfc_ttnn[False-input_shapes0]" time="0.553"><properties><property name="start_timestamp" value="2024-09-30T17:07:47" /><property name="end_timestamp" value="2024-09-30T17:07:47" /></properties></testcase><testcase classname="tests.tt_eager.python_api_testing.unit_testing.misc.test_unary_ops_ttnn" name="test_unary_erfc_ttnn[False-input_shapes1]" time="0.562"><properties><property name="start_timestamp" value="2024-09-30T17:07:47" /><property name="end_timestamp" value="2024-09-30T17:07:48" /></properties></testcase><testcase classname="tests.tt_eager.python_api_testing.unit_testing.misc.test_unary_ops_ttnn" name="test_unary_erfc_ttnn[False-input_shapes2]" time="0.643"><properties><property name="start_timestamp" value="2024-09-30T17:07:48" /><property name="end_timestamp" value="2024-09-30T17:07:48" /></properties></testcase><testcase classname="tests.tt_eager.python_api_testing.unit_testing.misc.test_unary_ops_ttnn" name="test_unary_erfc_ttnn[True-input_shapes0]" time="0.471"><properties><property name="start_timestamp" value="2024-09-30T17:07:48" /><property name="end_timestamp" value="2024-09-30T17:07:49" /></properties></testcase><testcase classname="tests.tt_eager.python_api_testing.unit_testing.misc.test_unary_ops_ttnn" name="test_unary_erfc_ttnn[True-input_shapes1]" time="0.568"><properties><property name="start_timestamp" value="2024-09-30T17:07:49" /><property name="end_timestamp" value="2024-09-30T17:07:49" /></properties></testcase><testcase classname="tests.tt_eager.python_api_testing.unit_testing.misc.test_unary_ops_ttnn" name="test_unary_erfc_ttnn[True-input_shapes2]" time="0.635"><properties><property name="start_timestamp" value="2024-09-30T17:07:49" /><property name="end_timestamp" value="2024-09-30T17:07:50" /></properties></testcase><testcase classname="tests.tt_eager.python_api_testing.unit_testing.misc.test_unary_ops_ttnn" name="test_unary_erfinv_ttnn[input_shapes0]" time="0.521"><properties><property name="start_timestamp" value="2024-09-30T17:07:50" /><property name="end_timestamp" value="2024-09-30T17:07:51" /></properties></testcase><testcase classname="tests.tt_eager.python_api_testing.unit_testing.misc.test_unary_ops_ttnn" name="test_unary_erfinv_ttnn[input_shapes1]" time="0.635"><properties><property name="start_timestamp" value="2024-09-30T17:07:51" /><property name="end_timestamp" value="2024-09-30T17:07:51" /></properties></testcase><testcase classname="tests.tt_eager.python_api_testing.unit_testing.misc.test_unary_ops_ttnn" name="test_unary_erfinv_ttnn[input_shapes2]" time="0.634"><properties><property name="start_timestamp" value="2024-09-30T17:07:51" /><property name="end_timestamp" value="2024-09-30T17:07:52" /></properties></testcase><testcase classname="tests.tt_eager.python_api_testing.unit_testing.misc.test_unary_ops_ttnn" name="test_unary_exp_ttnn[input_shapes0]" time="0.012"><properties><property name="start_timestamp" value="2024-09-30T17:07:52" /><property name="end_timestamp" value="2024-09-30T17:07:52" /></properties></testcase><testcase classname="tests.tt_eager.python_api_testing.unit_testing.misc.test_unary_ops_ttnn" name="test_unary_exp_ttnn[input_shapes1]" time="0.027"><properties><property name="start_timestamp" value="2024-09-30T17:07:52" /><property name="end_timestamp" value="2024-09-30T17:07:52" /></properties></testcase><testcase classname="tests.tt_eager.python_api_testing.unit_testing.misc.test_unary_ops_ttnn" name="test_unary_exp_ttnn[input_shapes2]" time="0.043"><properties><property name="start_timestamp" value="2024-09-30T17:07:52" /><property name="end_timestamp" value="2024-09-30T17:07:52" /></properties></testcase><testcase classname="tests.tt_eager.python_api_testing.unit_testing.misc.test_unary_ops_ttnn" name="test_unary_exp2_ttnn[input_shapes0]" time="0.586"><properties><property name="start_timestamp" value="2024-09-30T17:07:52" /><property name="end_timestamp" value="2024-09-30T17:07:53" /></properties></testcase><testcase classname="tests.tt_eager.python_api_testing.unit_testing.misc.test_unary_ops_ttnn" name="test_unary_exp2_ttnn[input_shapes1]" time="0.763"><properties><property name="start_timestamp" value="2024-09-30T17:07:53" /><property name="end_timestamp" value="2024-09-30T17:07:53" /></properties></testcase><testcase classname="tests.tt_eager.python_api_testing.unit_testing.misc.test_unary_ops_ttnn" name="test_unary_exp2_ttnn[input_shapes2]" time="0.702"><properties><property name="start_timestamp" value="2024-09-30T17:07:53" /><property name="end_timestamp" value="2024-09-30T17:07:54" /></properties></testcase><testcase classname="tests.tt_eager.python_api_testing.unit_testing.misc.test_unary_ops_ttnn" name="test_unary_expm1_ttnn[input_shapes0]" time="0.600"><properties><property name="start_timestamp" value="2024-09-30T17:07:54" /><property name="end_timestamp" value="2024-09-30T17:07:55" /></properties></testcase><testcase classname="tests.tt_eager.python_api_testing.unit_testing.misc.test_unary_ops_ttnn" name="test_unary_expm1_ttnn[input_shapes1]" time="0.684"><properties><property name="start_timestamp" value="2024-09-30T17:07:55" /><property name="end_timestamp" value="2024-09-30T17:07:55" /></properties></testcase><testcase classname="tests.tt_eager.python_api_testing.unit_testing.misc.test_unary_ops_ttnn" name="test_unary_expm1_ttnn[input_shapes2]" time="0.704"><properties><property name="start_timestamp" value="2024-09-30T17:07:55" /><property name="end_timestamp" value="2024-09-30T17:07:56" /></properties></testcase><testcase classname="tests.tt_eager.python_api_testing.unit_testing.misc.test_unary_ops_ttnn" name="test_unary_gelu_ttnn[False-input_shapes0]" time="0.526"><properties><property name="start_timestamp" value="2024-09-30T17:07:56" /><property name="end_timestamp" value="2024-09-30T17:07:56" /></properties></testcase><testcase classname="tests.tt_eager.python_api_testing.unit_testing.misc.test_unary_ops_ttnn" name="test_unary_gelu_ttnn[False-input_shapes1]" time="0.586"><properties><property name="start_timestamp" value="2024-09-30T17:07:56" /><property name="end_timestamp" value="2024-09-30T17:07:57" /></properties></testcase><testcase classname="tests.tt_eager.python_api_testing.unit_testing.misc.test_unary_ops_ttnn" name="test_unary_gelu_ttnn[False-input_shapes2]" time="0.624"><properties><property name="start_timestamp" value="2024-09-30T17:07:57" /><property name="end_timestamp" value="2024-09-30T17:07:58" /></properties></testcase><testcase classname="tests.tt_eager.python_api_testing.unit_testing.misc.test_unary_ops_ttnn" name="test_unary_gelu_ttnn[True-input_shapes0]" time="0.524"><properties><property name="start_timestamp" value="2024-09-30T17:07:58" /><property name="end_timestamp" value="2024-09-30T17:07:58" /></properties></testcase><testcase classname="tests.tt_eager.python_api_testing.unit_testing.misc.test_unary_ops_ttnn" name="test_unary_gelu_ttnn[True-input_shapes1]" time="0.539"><properties><property name="start_timestamp" value="2024-09-30T17:07:58" /><property name="end_timestamp" value="2024-09-30T17:07:59" /></properties></testcase><testcase classname="tests.tt_eager.python_api_testing.unit_testing.misc.test_unary_ops_ttnn" name="test_unary_gelu_ttnn[True-input_shapes2]" time="0.571"><properties><property name="start_timestamp" value="2024-09-30T17:07:59" /><property name="end_timestamp" value="2024-09-30T17:07:59" /></properties></testcase><testcase classname="tests.tt_eager.python_api_testing.unit_testing.misc.test_unary_ops_ttnn" name="test_unary_leaky_relu_ttnn[1.0-input_shapes0]" time="0.462"><properties><property name="start_timestamp" value="2024-09-30T17:07:59" /><property name="end_timestamp" value="2024-09-30T17:08:00" /></properties></testcase><testcase classname="tests.tt_eager.python_api_testing.unit_testing.misc.test_unary_ops_ttnn" name="test_unary_leaky_relu_ttnn[1.0-input_shapes1]" time="0.541"><properties><property name="start_timestamp" value="2024-09-30T17:08:00" /><property name="end_timestamp" value="2024-09-30T17:08:00" /></properties></testcase><testcase classname="tests.tt_eager.python_api_testing.unit_testing.misc.test_unary_ops_ttnn" name="test_unary_leaky_relu_ttnn[1.0-input_shapes2]" time="0.545"><properties><property name="start_timestamp" value="2024-09-30T17:08:00" /><property name="end_timestamp" value="2024-09-30T17:08:01" /></properties></testcase><testcase classname="tests.tt_eager.python_api_testing.unit_testing.misc.test_unary_ops_ttnn" name="test_unary_leaky_relu_ttnn[5.0-input_shapes0]" time="0.442"><properties><property name="start_timestamp" value="2024-09-30T17:08:01" /><property name="end_timestamp" value="2024-09-30T17:08:01" /></properties></testcase><testcase classname="tests.tt_eager.python_api_testing.unit_testing.misc.test_unary_ops_ttnn" name="test_unary_leaky_relu_ttnn[5.0-input_shapes1]" time="0.561"><properties><property name="start_timestamp" value="2024-09-30T17:08:01" /><property name="end_timestamp" value="2024-09-30T17:08:02" /></properties></testcase><testcase classname="tests.tt_eager.python_api_testing.unit_testing.misc.test_unary_ops_ttnn" name="test_unary_leaky_relu_ttnn[5.0-input_shapes2]" time="0.550"><properties><property name="start_timestamp" value="2024-09-30T17:08:02" /><property name="end_timestamp" value="2024-09-30T17:08:02" /></properties></testcase><testcase classname="tests.tt_eager.python_api_testing.unit_testing.misc.test_unary_ops_ttnn" name="test_unary_leaky_relu_ttnn[10.0-input_shapes0]" time="0.431"><properties><property name="start_timestamp" value="2024-09-30T17:08:02" /><property name="end_timestamp" value="2024-09-30T17:08:03" /></properties></testcase><testcase classname="tests.tt_eager.python_api_testing.unit_testing.misc.test_unary_ops_ttnn" name="test_unary_leaky_relu_ttnn[10.0-input_shapes1]" time="0.598"><properties><property name="start_timestamp" value="2024-09-30T17:08:03" /><property name="end_timestamp" value="2024-09-30T17:08:03" /></properties></testcase><testcase classname="tests.tt_eager.python_api_testing.unit_testing.misc.test_unary_ops_ttnn" name="test_unary_leaky_relu_ttnn[10.0-input_shapes2]" time="0.619"><properties><property name="start_timestamp" value="2024-09-30T17:08:03" /><property name="end_timestamp" value="2024-09-30T17:08:04" /></properties></testcase><testcase classname="tests.tt_eager.python_api_testing.unit_testing.misc.test_unary_ops_ttnn" name="test_unary_logical_not_ttnn[input_shapes0]" time="0.430"><properties><property name="start_timestamp" value="2024-09-30T17:08:04" /><property name="end_timestamp" value="2024-09-30T17:08:05" /></properties></testcase><testcase classname="tests.tt_eager.python_api_testing.unit_testing.misc.test_unary_ops_ttnn" name="test_unary_logical_not_ttnn[input_shapes1]" time="0.538"><properties><property name="start_timestamp" value="2024-09-30T17:08:05" /><property name="end_timestamp" value="2024-09-30T17:08:05" /></properties></testcase><testcase classname="tests.tt_eager.python_api_testing.unit_testing.misc.test_unary_ops_ttnn" name="test_unary_logical_not_ttnn[input_shapes2]" time="0.536"><properties><property name="start_timestamp" value="2024-09-30T17:08:05" /><property name="end_timestamp" value="2024-09-30T17:08:06" /></properties></testcase><testcase classname="tests.tt_eager.python_api_testing.unit_testing.misc.test_unary_ops_ttnn" name="test_unary_i0_ttnn[input_shapes0]" time="0.444"><properties><property name="start_timestamp" value="2024-09-30T17:08:06" /><property name="end_timestamp" value="2024-09-30T17:08:06" /></properties></testcase><testcase classname="tests.tt_eager.python_api_testing.unit_testing.misc.test_unary_ops_ttnn" name="test_unary_i0_ttnn[input_shapes1]" time="0.606"><properties><property name="start_timestamp" value="2024-09-30T17:08:06" /><property name="end_timestamp" value="2024-09-30T17:08:07" /></properties></testcase><testcase classname="tests.tt_eager.python_api_testing.unit_testing.misc.test_unary_ops_ttnn" name="test_unary_i0_ttnn[input_shapes2]" time="0.591"><properties><property name="start_timestamp" value="2024-09-30T17:08:07" /><property name="end_timestamp" value="2024-09-30T17:08:07" /></properties></testcase><testcase classname="tests.tt_eager.python_api_testing.unit_testing.misc.test_unary_ops_ttnn" name="test_unary_isfinite_ttnn[input_shapes0]" time="0.480"><properties><property name="start_timestamp" value="2024-09-30T17:08:07" /><property name="end_timestamp" value="2024-09-30T17:08:08" /></properties></testcase><testcase classname="tests.tt_eager.python_api_testing.unit_testing.misc.test_unary_ops_ttnn" name="test_unary_isfinite_ttnn[input_shapes1]" time="0.608"><properties><property name="start_timestamp" value="2024-09-30T17:08:08" /><property name="end_timestamp" value="2024-09-30T17:08:08" /></properties></testcase><testcase classname="tests.tt_eager.python_api_testing.unit_testing.misc.test_unary_ops_ttnn" name="test_unary_isfinite_ttnn[input_shapes2]" time="0.622"><properties><property name="start_timestamp" value="2024-09-30T17:08:08" /><property name="end_timestamp" value="2024-09-30T17:08:09" /></properties></testcase><testcase classname="tests.tt_eager.python_api_testing.unit_testing.misc.test_unary_ops_ttnn" name="test_unary_isinf_ttnn[input_shapes0]" time="0.464"><properties><property name="start_timestamp" value="2024-09-30T17:08:09" /><property name="end_timestamp" value="2024-09-30T17:08:09" /></properties></testcase><testcase classname="tests.tt_eager.python_api_testing.unit_testing.misc.test_unary_ops_ttnn" name="test_unary_isinf_ttnn[input_shapes1]" time="0.587"><properties><property name="start_timestamp" value="2024-09-30T17:08:09" /><property name="end_timestamp" value="2024-09-30T17:08:10" /></properties></testcase><testcase classname="tests.tt_eager.python_api_testing.unit_testing.misc.test_unary_ops_ttnn" name="test_unary_isinf_ttnn[input_shapes2]" time="0.537"><properties><property name="start_timestamp" value="2024-09-30T17:08:10" /><property name="end_timestamp" value="2024-09-30T17:08:11" /></properties></testcase><testcase classname="tests.tt_eager.python_api_testing.unit_testing.misc.test_unary_ops_ttnn" name="test_unary_isposinf_ttnn[input_shapes0]" time="0.452"><properties><property name="start_timestamp" value="2024-09-30T17:08:11" /><property name="end_timestamp" value="2024-09-30T17:08:11" /></properties></testcase><testcase classname="tests.tt_eager.python_api_testing.unit_testing.misc.test_unary_ops_ttnn" name="test_unary_isposinf_ttnn[input_shapes1]" time="0.588"><properties><property name="start_timestamp" value="2024-09-30T17:08:11" /><property name="end_timestamp" value="2024-09-30T17:08:12" /></properties></testcase><testcase classname="tests.tt_eager.python_api_testing.unit_testing.misc.test_unary_ops_ttnn" name="test_unary_isposinf_ttnn[input_shapes2]" time="0.530"><properties><property name="start_timestamp" value="2024-09-30T17:08:12" /><property name="end_timestamp" value="2024-09-30T17:08:12" /></properties></testcase><testcase classname="tests.tt_eager.python_api_testing.unit_testing.misc.test_unary_ops_ttnn" name="test_unary_isneginf_ttnn[input_shapes0]" time="0.450"><properties><property name="start_timestamp" value="2024-09-30T17:08:12" /><property name="end_timestamp" value="2024-09-30T17:08:13" /></properties></testcase><testcase classname="tests.tt_eager.python_api_testing.unit_testing.misc.test_unary_ops_ttnn" name="test_unary_isneginf_ttnn[input_shapes1]" time="0.533"><properties><property name="start_timestamp" value="2024-09-30T17:08:13" /><property name="end_timestamp" value="2024-09-30T17:08:13" /></properties></testcase><testcase classname="tests.tt_eager.python_api_testing.unit_testing.misc.test_unary_ops_ttnn" name="test_unary_isneginf_ttnn[input_shapes2]" time="0.636"><properties><property name="start_timestamp" value="2024-09-30T17:08:13" /><property name="end_timestamp" value="2024-09-30T17:08:14" /></properties></testcase><testcase classname="tests.tt_eager.python_api_testing.unit_testing.misc.test_unary_ops_ttnn" name="test_unary_isnan_ttnn[input_shapes0]" time="0.457"><properties><property name="start_timestamp" value="2024-09-30T17:08:14" /><property name="end_timestamp" value="2024-09-30T17:08:14" /></properties></testcase><testcase classname="tests.tt_eager.python_api_testing.unit_testing.misc.test_unary_ops_ttnn" name="test_unary_isnan_ttnn[input_shapes1]" time="0.542"><properties><property name="start_timestamp" value="2024-09-30T17:08:14" /><property name="end_timestamp" value="2024-09-30T17:08:15" /></properties></testcase><testcase classname="tests.tt_eager.python_api_testing.unit_testing.misc.test_unary_ops_ttnn" name="test_unary_isnan_ttnn[input_shapes2]" time="0.553"><properties><property name="start_timestamp" value="2024-09-30T17:08:15" /><property name="end_timestamp" value="2024-09-30T17:08:15" /></properties></testcase><testcase classname="tests.tt_eager.python_api_testing.unit_testing.misc.test_unary_ops_ttnn" name="test_unary_neg_ttnn[input_shapes0]" time="0.436"><properties><property name="start_timestamp" value="2024-09-30T17:08:15" /><property name="end_timestamp" value="2024-09-30T17:08:16" /></properties></testcase><testcase classname="tests.tt_eager.python_api_testing.unit_testing.misc.test_unary_ops_ttnn" name="test_unary_neg_ttnn[input_shapes1]" time="0.536"><properties><property name="start_timestamp" value="2024-09-30T17:08:16" /><property name="end_timestamp" value="2024-09-30T17:08:16" /></properties></testcase><testcase classname="tests.tt_eager.python_api_testing.unit_testing.misc.test_unary_ops_ttnn" name="test_unary_neg_ttnn[input_shapes2]" time="0.541"><properties><property name="start_timestamp" value="2024-09-30T17:08:16" /><property name="end_timestamp" value="2024-09-30T17:08:17" /></properties></testcase><testcase classname="tests.tt_eager.python_api_testing.unit_testing.misc.test_unary_ops_ttnn" name="test_unary_relu_ttnn[input_shapes0]" time="0.445"><properties><property name="start_timestamp" value="2024-09-30T17:08:17" /><property name="end_timestamp" value="2024-09-30T17:08:17" /></properties></testcase><testcase classname="tests.tt_eager.python_api_testing.unit_testing.misc.test_unary_ops_ttnn" name="test_unary_relu_ttnn[input_shapes1]" time="0.585"><properties><property name="start_timestamp" value="2024-09-30T17:08:17" /><property name="end_timestamp" value="2024-09-30T17:08:18" /></properties></testcase><testcase classname="tests.tt_eager.python_api_testing.unit_testing.misc.test_unary_ops_ttnn" name="test_unary_relu_ttnn[input_shapes2]" time="0.593"><properties><property name="start_timestamp" value="2024-09-30T17:08:18" /><property name="end_timestamp" value="2024-09-30T17:08:18" /></properties></testcase><testcase classname="tests.tt_eager.python_api_testing.unit_testing.misc.test_unary_ops_ttnn" name="test_unary_relu6_ttnn[input_shapes0]" time="0.519"><properties><property name="start_timestamp" value="2024-09-30T17:08:18" /><property name="end_timestamp" value="2024-09-30T17:08:19" /></properties></testcase><testcase classname="tests.tt_eager.python_api_testing.unit_testing.misc.test_unary_ops_ttnn" name="test_unary_relu6_ttnn[input_shapes1]" time="0.619"><properties><property name="start_timestamp" value="2024-09-30T17:08:19" /><property name="end_timestamp" value="2024-09-30T17:08:20" /></properties></testcase><testcase classname="tests.tt_eager.python_api_testing.unit_testing.misc.test_unary_ops_ttnn" name="test_unary_relu6_ttnn[input_shapes2]" time="0.541"><properties><property name="start_timestamp" value="2024-09-30T17:08:20" /><property name="end_timestamp" value="2024-09-30T17:08:20" /></properties></testcase><testcase classname="tests.tt_eager.python_api_testing.unit_testing.misc.test_unary_ops_ttnn" name="test_unary_tan_ttnn[input_shapes0]" time="0.536"><properties><property name="start_timestamp" value="2024-09-30T17:08:20" /><property name="end_timestamp" value="2024-09-30T17:08:21" /></properties></testcase><testcase classname="tests.tt_eager.python_api_testing.unit_testing.misc.test_unary_ops_ttnn" name="test_unary_tan_ttnn[input_shapes1]" time="0.544"><properties><property name="start_timestamp" value="2024-09-30T17:08:21" /><property name="end_timestamp" value="2024-09-30T17:08:21" /></properties></testcase><testcase classname="tests.tt_eager.python_api_testing.unit_testing.misc.test_unary_ops_ttnn" name="test_unary_tan_ttnn[input_shapes2]" time="0.630"><properties><property name="start_timestamp" value="2024-09-30T17:08:21" /><property name="end_timestamp" value="2024-09-30T17:08:22" /></properties></testcase><testcase classname="tests.tt_eager.python_api_testing.unit_testing.misc.test_unary_ops_ttnn" name="test_unary_tanh_ttnn[input_shapes0]" time="0.532"><properties><property name="start_timestamp" value="2024-09-30T17:08:22" /><property name="end_timestamp" value="2024-09-30T17:08:22" /></properties></testcase><testcase classname="tests.tt_eager.python_api_testing.unit_testing.misc.test_unary_ops_ttnn" name="test_unary_tanh_ttnn[input_shapes1]" time="0.721"><properties><property name="start_timestamp" value="2024-09-30T17:08:22" /><property name="end_timestamp" value="2024-09-30T17:08:23" /></properties></testcase><testcase classname="tests.tt_eager.python_api_testing.unit_testing.misc.test_unary_ops_ttnn" name="test_unary_tanh_ttnn[input_shapes2]" time="0.733"><properties><property name="start_timestamp" value="2024-09-30T17:08:23" /><property name="end_timestamp" value="2024-09-30T17:08:24" /></properties></testcase><testcase classname="tests.tt_eager.python_api_testing.unit_testing.misc.test_unary_ops_ttnn" name="test_unary_rsqrt_ttnn[input_shapes0]" time="0.560"><properties><property name="start_timestamp" value="2024-09-30T17:08:24" /><property name="end_timestamp" value="2024-09-30T17:08:24" /></properties></testcase><testcase classname="tests.tt_eager.python_api_testing.unit_testing.misc.test_unary_ops_ttnn" name="test_unary_rsqrt_ttnn[input_shapes1]" time="0.720"><properties><property name="start_timestamp" value="2024-09-30T17:08:24" /><property name="end_timestamp" value="2024-09-30T17:08:25" /></properties></testcase><testcase classname="tests.tt_eager.python_api_testing.unit_testing.misc.test_unary_ops_ttnn" name="test_unary_rsqrt_ttnn[input_shapes2]" time="0.760"><properties><property name="start_timestamp" value="2024-09-30T17:08:25" /><property name="end_timestamp" value="2024-09-30T17:08:26" /></properties></testcase><testcase classname="tests.tt_eager.python_api_testing.unit_testing.misc.test_unary_ops_ttnn" name="test_unary_sign_ttnn[input_shapes0]" time="0.561"><properties><property name="start_timestamp" value="2024-09-30T17:08:26" /><property name="end_timestamp" value="2024-09-30T17:08:26" /></properties></testcase><testcase classname="tests.tt_eager.python_api_testing.unit_testing.misc.test_unary_ops_ttnn" name="test_unary_sign_ttnn[input_shapes1]" time="0.637"><properties><property name="start_timestamp" value="2024-09-30T17:08:26" /><property name="end_timestamp" value="2024-09-30T17:08:27" /></properties></testcase><testcase classname="tests.tt_eager.python_api_testing.unit_testing.misc.test_unary_ops_ttnn" name="test_unary_sign_ttnn[input_shapes2]" time="0.718"><properties><property name="start_timestamp" value="2024-09-30T17:08:27" /><property name="end_timestamp" value="2024-09-30T17:08:28" /></properties></testcase><testcase classname="tests.tt_eager.python_api_testing.unit_testing.misc.test_unary_ops_ttnn" name="test_unary_signbit_ttnn[input_shapes0]" time="0.543"><properties><property name="start_timestamp" value="2024-09-30T17:08:28" /><property name="end_timestamp" value="2024-09-30T17:08:28" /></properties></testcase><testcase classname="tests.tt_eager.python_api_testing.unit_testing.misc.test_unary_ops_ttnn" name="test_unary_signbit_ttnn[input_shapes1]" time="0.730"><properties><property name="start_timestamp" value="2024-09-30T17:08:28" /><property name="end_timestamp" value="2024-09-30T17:08:29" /></properties></testcase><testcase classname="tests.tt_eager.python_api_testing.unit_testing.misc.test_unary_ops_ttnn" name="test_unary_signbit_ttnn[input_shapes2]" time="0.706"><properties><property name="start_timestamp" value="2024-09-30T17:08:29" /><property name="end_timestamp" value="2024-09-30T17:08:30" /></properties></testcase><testcase classname="tests.tt_eager.python_api_testing.unit_testing.misc.test_unary_ops_ttnn" name="test_unary_silu_ttnn[input_shapes0]" time="0.632"><properties><property name="start_timestamp" value="2024-09-30T17:08:30" /><property name="end_timestamp" value="2024-09-30T17:08:30" /></properties></testcase><testcase classname="tests.tt_eager.python_api_testing.unit_testing.misc.test_unary_ops_ttnn" name="test_unary_silu_ttnn[input_shapes1]" time="0.641"><properties><property name="start_timestamp" value="2024-09-30T17:08:30" /><property name="end_timestamp" value="2024-09-30T17:08:31" /></properties></testcase><testcase classname="tests.tt_eager.python_api_testing.unit_testing.misc.test_unary_ops_ttnn" name="test_unary_silu_ttnn[input_shapes2]" time="0.694"><properties><property name="start_timestamp" value="2024-09-30T17:08:31" /><property name="end_timestamp" value="2024-09-30T17:08:32" /></properties></testcase><testcase classname="tests.tt_eager.python_api_testing.unit_testing.misc.test_unary_ops_ttnn" name="test_unary_log_sigmoid_ttnn[input_shapes0]" time="0.648"><properties><property name="start_timestamp" value="2024-09-30T17:08:32" /><property name="end_timestamp" value="2024-09-30T17:08:32" /></properties></testcase><testcase classname="tests.tt_eager.python_api_testing.unit_testing.misc.test_unary_ops_ttnn" name="test_unary_log_sigmoid_ttnn[input_shapes1]" time="0.794"><properties><property name="start_timestamp" value="2024-09-30T17:08:32" /><property name="end_timestamp" value="2024-09-30T17:08:33" /></properties></testcase><testcase classname="tests.tt_eager.python_api_testing.unit_testing.misc.test_unary_ops_ttnn" name="test_unary_log_sigmoid_ttnn[input_shapes2]" time="0.793"><properties><property name="start_timestamp" value="2024-09-30T17:08:33" /><property name="end_timestamp" value="2024-09-30T17:08:34" /></properties></testcase><testcase classname="tests.tt_eager.python_api_testing.unit_testing.misc.test_unary_ops_ttnn" name="test_unary_sigmoid_ttnn[input_shapes0]" time="0.558"><properties><property name="start_timestamp" value="2024-09-30T17:08:34" /><property name="end_timestamp" value="2024-09-30T17:08:35" /></properties></testcase><testcase classname="tests.tt_eager.python_api_testing.unit_testing.misc.test_unary_ops_ttnn" name="test_unary_sigmoid_ttnn[input_shapes1]" time="0.711"><properties><property name="start_timestamp" value="2024-09-30T17:08:35" /><property name="end_timestamp" value="2024-09-30T17:08:35" /></properties></testcase><testcase classname="tests.tt_eager.python_api_testing.unit_testing.misc.test_unary_ops_ttnn" name="test_unary_sigmoid_ttnn[input_shapes2]" time="0.655"><properties><property name="start_timestamp" value="2024-09-30T17:08:35" /><property name="end_timestamp" value="2024-09-30T17:08:36" /></properties></testcase><testcase classname="tests.tt_eager.python_api_testing.unit_testing.misc.test_unary_ops_ttnn" name="test_unary_recip_ttnn[input_shapes0]" time="0.500"><properties><property name="start_timestamp" value="2024-09-30T17:08:36" /><property name="end_timestamp" value="2024-09-30T17:08:36" /></properties></testcase><testcase classname="tests.tt_eager.python_api_testing.unit_testing.misc.test_unary_ops_ttnn" name="test_unary_recip_ttnn[input_shapes1]" time="0.633"><properties><property name="start_timestamp" value="2024-09-30T17:08:36" /><property name="end_timestamp" value="2024-09-30T17:08:37" /></properties></testcase><testcase classname="tests.tt_eager.python_api_testing.unit_testing.misc.test_unary_ops_ttnn" name="test_unary_recip_ttnn[input_shapes2]" time="0.658"><properties><property name="start_timestamp" value="2024-09-30T17:08:37" /><property name="end_timestamp" value="2024-09-30T17:08:38" /></properties></testcase><testcase classname="tests.tt
[...]
ger/python_api_testing/unit_testing/misc/test_update_cache.py:228: Batch offset is only used when num_users &lt; 32 and batch_offset + num_users &lt;= 32</skipped></testcase><testcase classname="tests.tt_eager.python_api_testing.unit_testing.misc.test_update_cache.TestUpdateCacheFP32" name="test_update_cache_decode_fp32[16-cache_dtype0-1-input_dtype0-False-2-8-2048-64]" time="0.083"><properties><property name="start_timestamp" value="2024-09-30T17:10:48" /><property name="end_timestamp" value="2024-09-30T17:10:48" /></properties></testcase><testcase classname="tests.tt_eager.python_api_testing.unit_testing.misc.test_update_cache.TestUpdateCacheFP32" name="test_update_cache_decode_fp32[16-cache_dtype0-1-input_dtype0-False-2-16-2048-64]" time="0.116"><properties><property name="start_timestamp" value="2024-09-30T17:10:48" /><property name="end_timestamp" value="2024-09-30T17:10:48" /></properties></testcase><testcase classname="tests.tt_eager.python_api_testing.unit_testing.misc.test_update_cache.TestUpdateCacheFP32" name="test_update_cache_decode_fp32[16-cache_dtype0-1-input_dtype0-False-2-32-2048-64]" time="0.008"><properties><property name="start_timestamp" value="2024-09-30T17:10:48" /><property name="end_timestamp" value="2024-09-30T17:10:48" /></properties><skipped type="pytest.skip" message="Batch offset is only used when num_users &lt; 32 and batch_offset + num_users &lt;= 32">/home/ubuntu/actions-runner/_work/tt-metal/tt-metal/tests/tt_eager/python_api_testing/unit_testing/misc/test_update_cache.py:228: Batch offset is only used when num_users &lt; 32 and batch_offset + num_users &lt;= 32</skipped></testcase><testcase classname="tests.tt_eager.python_api_testing.unit_testing.misc.test_update_cache.TestUpdateCacheFP32" name="test_update_cache_decode_fp32[16-cache_dtype0-1-input_dtype0-False-2-64-2048-64]" time="0.008"><properties><property name="start_timestamp" value="2024-09-30T17:10:48" /><property name="end_timestamp" value="2024-09-30T17:10:48" /></properties><skipped type="pytest.skip" message="Batch offset is only used when num_users &lt; 32 and batch_offset + num_users &lt;= 32">/home/ubuntu/actions-runner/_work/tt-metal/tt-metal/tests/tt_eager/python_api_testing/unit_testing/misc/test_update_cache.py:228: Batch offset is only used when num_users &lt; 32 and batch_offset + num_users &lt;= 32</skipped></testcase><testcase classname="tests.tt_eager.python_api_testing.unit_testing.misc.test_update_cache.TestUpdateCacheFP32" name="test_update_cache_decode_fp32[16-cache_dtype0-127-input_dtype0-True-1-8-2048-64]" time="0.043"><properties><property name="start_timestamp" value="2024-09-30T17:10:48" /><property name="end_timestamp" value="2024-09-30T17:10:48" /></properties></testcase><testcase classname="tests.tt_eager.python_api_testing.unit_testing.misc.test_update_cache.TestUpdateCacheFP32" name="test_update_cache_decode_fp32[16-cache_dtype0-127-input_dtype0-True-1-16-2048-64]" time="0.073"><properties><property name="start_timestamp" value="2024-09-30T17:10:48" /><property name="end_timestamp" value="2024-09-30T17:10:48" /></properties></testcase><testcase classname="tests.tt_eager.python_api_testing.unit_testing.misc.test_update_cache.TestUpdateCacheFP32" name="test_update_cache_decode_fp32[16-cache_dtype0-127-input_dtype0-True-1-32-2048-64]" time="0.008"><properties><property name="start_timestamp" value="2024-09-30T17:10:48" /><property name="end_timestamp" value="2024-09-30T17:10:48" /></properties><skipped type="pytest.skip" message="Batch offset is only used when num_users &lt; 32 and batch_offset + num_users &lt;= 32">/home/ubuntu/actions-runner/_work/tt-metal/tt-metal/tests/tt_eager/python_api_testing/unit_testing/misc/test_update_cache.py:228: Batch offset is only used when num_users &lt; 32 and batch_offset + num_users &lt;= 32</skipped></testcase><testcase classname="tests.tt_eager.python_api_testing.unit_testing.misc.test_update_cache.TestUpdateCacheFP32" name="test_update_cache_decode_fp32[16-cache_dtype0-127-input_dtype0-True-1-64-2048-64]" time="0.008"><properties><property name="start_timestamp" value="2024-09-30T17:10:48" /><property name="end_timestamp" value="2024-09-30T17:10:48" /></properties><skipped type="pytest.skip" message="Batch offset is only used when num_users &lt; 32 and batch_offset + num_users &lt;= 32">/home/ubuntu/actions-runner/_work/tt-metal/tt-metal/tests/tt_eager/python_api_testing/unit_testing/misc/test_update_cache.py:228: Batch offset is only used when num_users &lt; 32 and batch_offset + num_users &lt;= 32</skipped></testcase><testcase classname="tests.tt_eager.python_api_testing.unit_testing.misc.test_update_cache.TestUpdateCacheFP32" name="test_update_cache_decode_fp32[16-cache_dtype0-127-input_dtype0-True-2-8-2048-64]" time="0.073"><properties><property name="start_timestamp" value="2024-09-30T17:10:48" /><property name="end_timestamp" value="2024-09-30T17:10:48" /></properties></testcase><testcase classname="tests.tt_eager.python_api_testing.unit_testing.misc.test_update_cache.TestUpdateCacheFP32" name="test_update_cache_decode_fp32[16-cache_dtype0-127-input_dtype0-True-2-16-2048-64]" time="0.116"><properties><property name="start_timestamp" value="2024-09-30T17:10:48" /><property name="end_timestamp" value="2024-09-30T17:10:48" /></properties></testcase><testcase classname="tests.tt_eager.python_api_testing.unit_testing.misc.test_update_cache.TestUpdateCacheFP32" name="test_update_cache_decode_fp32[16-cache_dtype0-127-input_dtype0-True-2-32-2048-64]" time="0.008"><properties><property name="start_timestamp" value="2024-09-30T17:10:48" /><property name="end_timestamp" value="2024-09-30T17:10:48" /></properties><skipped type="pytest.skip" message="Batch offset is only used when num_users &lt; 32 and batch_offset + num_users &lt;= 32">/home/ubuntu/actions-runner/_work/tt-metal/tt-metal/tests/tt_eager/python_api_testing/unit_testing/misc/test_update_cache.py:228: Batch offset is only used when num_users &lt; 32 and batch_offset + num_users &lt;= 32</skipped></testcase><testcase classname="tests.tt_eager.python_api_testing.unit_testing.misc.test_update_cache.TestUpdateCacheFP32" name="test_update_cache_decode_fp32[16-cache_dtype0-127-input_dtype0-True-2-64-2048-64]" time="0.008"><properties><property name="start_timestamp" value="2024-09-30T17:10:48" /><property name="end_timestamp" value="2024-09-30T17:10:48" /></properties><skipped type="pytest.skip" message="Batch offset is only used when num_users &lt; 32 and batch_offset + num_users &lt;= 32">/home/ubuntu/actions-runner/_work/tt-metal/tt-metal/tests/tt_eager/python_api_testing/unit_testing/misc/test_update_cache.py:228: Batch offset is only used when num_users &lt; 32 and batch_offset + num_users &lt;= 32</skipped></testcase><testcase classname="tests.tt_eager.python_api_testing.unit_testing.misc.test_update_cache.TestUpdateCacheFP32" name="test_update_cache_decode_fp32[16-cache_dtype0-127-input_dtype0-False-1-8-2048-64]" time="0.046"><properties><property name="start_timestamp" value="2024-09-30T17:10:48" /><property name="end_timestamp" value="2024-09-30T17:10:48" /></properties></testcase><testcase classname="tests.tt_eager.python_api_testing.unit_testing.misc.test_update_cache.TestUpdateCacheFP32" name="test_update_cache_decode_fp32[16-cache_dtype0-127-input_dtype0-False-1-16-2048-64]" time="0.070"><properties><property name="start_timestamp" value="2024-09-30T17:10:48" /><property name="end_timestamp" value="2024-09-30T17:10:48" /></properties></testcase><testcase classname="tests.tt_eager.python_api_testing.unit_testing.misc.test_update_cache.TestUpdateCacheFP32" name="test_update_cache_decode_fp32[16-cache_dtype0-127-input_dtype0-False-1-32-2048-64]" time="0.008"><properties><property name="start_timestamp" value="2024-09-30T17:10:48" /><property name="end_timestamp" value="2024-09-30T17:10:48" /></properties><skipped type="pytest.skip" message="Batch offset is only used when num_users &lt; 32 and batch_offset + num_users &lt;= 32">/home/ubuntu/actions-runner/_work/tt-metal/tt-metal/tests/tt_eager/python_api_testing/unit_testing/misc/test_update_cache.py:228: Batch offset is only used when num_users &lt; 32 and batch_offset + num_users &lt;= 32</skipped></testcase><testcase classname="tests.tt_eager.python_api_testing.unit_testing.misc.test_update_cache.TestUpdateCacheFP32" name="test_update_cache_decode_fp32[16-cache_dtype0-127-input_dtype0-False-1-64-2048-64]" time="0.007"><properties><property name="start_timestamp" value="2024-09-30T17:10:48" /><property name="end_timestamp" value="2024-09-30T17:10:48" /></properties><skipped type="pytest.skip" message="Batch offset is only used when num_users &lt; 32 and batch_offset + num_users &lt;= 32">/home/ubuntu/actions-runner/_work/tt-metal/tt-metal/tests/tt_eager/python_api_testing/unit_testing/misc/test_update_cache.py:228: Batch offset is only used when num_users &lt; 32 and batch_offset + num_users &lt;= 32</skipped></testcase><testcase classname="tests.tt_eager.python_api_testing.unit_testing.misc.test_update_cache.TestUpdateCacheFP32" name="test_update_cache_decode_fp32[16-cache_dtype0-127-input_dtype0-False-2-8-2048-64]" time="0.082"><properties><property name="start_timestamp" value="2024-09-30T17:10:48" /><property name="end_timestamp" value="2024-09-30T17:10:49" /></properties></testcase><testcase classname="tests.tt_eager.python_api_testing.unit_testing.misc.test_update_cache.TestUpdateCacheFP32" name="test_update_cache_decode_fp32[16-cache_dtype0-127-input_dtype0-False-2-16-2048-64]" time="0.116"><properties><property name="start_timestamp" value="2024-09-30T17:10:49" /><property name="end_timestamp" value="2024-09-30T17:10:49" /></properties></testcase><testcase classname="tests.tt_eager.python_api_testing.unit_testing.misc.test_update_cache.TestUpdateCacheFP32" name="test_update_cache_decode_fp32[16-cache_dtype0-127-input_dtype0-False-2-32-2048-64]" time="0.007"><properties><property name="start_timestamp" value="2024-09-30T17:10:49" /><property name="end_timestamp" value="2024-09-30T17:10:49" /></properties><skipped type="pytest.skip" message="Batch offset is only used when num_users &lt; 32 and batch_offset + num_users &lt;= 32">/home/ubuntu/actions-runner/_work/tt-metal/tt-metal/tests/tt_eager/python_api_testing/unit_testing/misc/test_update_cache.py:228: Batch offset is only used when num_users &lt; 32 and batch_offset + num_users &lt;= 32</skipped></testcase><testcase classname="tests.tt_eager.python_api_testing.unit_testing.misc.test_update_cache.TestUpdateCacheFP32" name="test_update_cache_decode_fp32[16-cache_dtype0-127-input_dtype0-False-2-64-2048-64]" time="0.007"><properties><property name="start_timestamp" value="2024-09-30T17:10:49" /><property name="end_timestamp" value="2024-09-30T17:10:49" /></properties><skipped type="pytest.skip" message="Batch offset is only used when num_users &lt; 32 and batch_offset + num_users &lt;= 32">/home/ubuntu/actions-runner/_work/tt-metal/tt-metal/tests/tt_eager/python_api_testing/unit_testing/misc/test_update_cache.py:228: Batch offset is only used when num_users &lt; 32 and batch_offset + num_users &lt;= 32</skipped></testcase><testcase classname="tests.tt_eager.python_api_testing.unit_testing.misc.test_update_cache.TestUpdateCacheFP32" name="test_update_cache_decode_fp32[16-cache_dtype0-1057-input_dtype0-True-1-8-2048-64]" time="0.050"><properties><property name="start_timestamp" value="2024-09-30T17:10:49" /><property name="end_timestamp" value="2024-09-30T17:10:49" /></properties></testcase><testcase classname="tests.tt_eager.python_api_testing.unit_testing.misc.test_update_cache.TestUpdateCacheFP32" name="test_update_cache_decode_fp32[16-cache_dtype0-1057-input_dtype0-True-1-16-2048-64]" time="0.069"><properties><property name="start_timestamp" value="2024-09-30T17:10:49" /><property name="end_timestamp" value="2024-09-30T17:10:49" /></properties></testcase><testcase classname="tests.tt_eager.python_api_testing.unit_testing.misc.test_update_cache.TestUpdateCacheFP32" name="test_update_cache_decode_fp32[16-cache_dtype0-1057-input_dtype0-True-1-32-2048-64]" time="0.008"><properties><property name="start_timestamp" value="2024-09-30T17:10:49" /><property name="end_timestamp" value="2024-09-30T17:10:49" /></properties><skipped type="pytest.skip" message="Batch offset is only used when num_users &lt; 32 and batch_offset + num_users &lt;= 32">/home/ubuntu/actions-runner/_work/tt-metal/tt-metal/tests/tt_eager/python_api_testing/unit_testing/misc/test_update_cache.py:228: Batch offset is only used when num_users &lt; 32 and batch_offset + num_users &lt;= 32</skipped></testcase><testcase classname="tests.tt_eager.python_api_testing.unit_testing.misc.test_update_cache.TestUpdateCacheFP32" name="test_update_cache_decode_fp32[16-cache_dtype0-1057-input_dtype0-True-1-64-2048-64]" time="0.007"><properties><property name="start_timestamp" value="2024-09-30T17:10:49" /><property name="end_timestamp" value="2024-09-30T17:10:49" /></properties><skipped type="pytest.skip" message="Batch offset is only used when num_users &lt; 32 and batch_offset + num_users &lt;= 32">/home/ubuntu/actions-runner/_work/tt-metal/tt-metal/tests/tt_eager/python_api_testing/unit_testing/misc/test_update_cache.py:228: Batch offset is only used when num_users &lt; 32 and batch_offset + num_users &lt;= 32</skipped></testcase><testcase classname="tests.tt_eager.python_api_testing.unit_testing.misc.test_update_cache.TestUpdateCacheFP32" name="test_update_cache_decode_fp32[16-cache_dtype0-1057-input_dtype0-True-2-8-2048-64]" time="0.077"><properties><property name="start_timestamp" value="2024-09-30T17:10:49" /><property name="end_timestamp" value="2024-09-30T17:10:49" /></properties></testcase><testcase classname="tests.tt_eager.python_api_testing.unit_testing.misc.test_update_cache.TestUpdateCacheFP32" name="test_update_cache_decode_fp32[16-cache_dtype0-1057-input_dtype0-True-2-16-2048-64]" time="0.121"><properties><property name="start_timestamp" value="2024-09-30T17:10:49" /><property name="end_timestamp" value="2024-09-30T17:10:49" /></properties></testcase><testcase classname="tests.tt_eager.python_api_testing.unit_testing.misc.test_update_cache.TestUpdateCacheFP32" name="test_update_cache_decode_fp32[16-cache_dtype0-1057-input_dtype0-True-2-32-2048-64]" time="0.008"><properties><property name="start_timestamp" value="2024-09-30T17:10:49" /><property name="end_timestamp" value="2024-09-30T17:10:49" /></properties><skipped type="pytest.skip" message="Batch offset is only used when num_users &lt; 32 and batch_offset + num_users &lt;= 32">/home/ubuntu/actions-runner/_work/tt-metal/tt-metal/tests/tt_eager/python_api_testing/unit_testing/misc/test_update_cache.py:228: Batch offset is only used when num_users &lt; 32 and batch_offset + num_users &lt;= 32</skipped></testcase><testcase classname="tests.tt_eager.python_api_testing.unit_testing.misc.test_update_cache.TestUpdateCacheFP32" name="test_update_cache_decode_fp32[16-cache_dtype0-1057-input_dtype0-True-2-64-2048-64]" time="0.008"><properties><property name="start_timestamp" value="2024-09-30T17:10:49" /><property name="end_timestamp" value="2024-09-30T17:10:49" /></properties><skipped type="pytest.skip" message="Batch offset is only used when num_users &lt; 32 and batch_offset + num_users &lt;= 32">/home/ubuntu/actions-runner/_work/tt-metal/tt-metal/tests/tt_eager/python_api_testing/unit_testing/misc/test_update_cache.py:228: Batch offset is only used when num_users &lt; 32 and batch_offset + num_users &lt;= 32</skipped></testcase><testcase classname="tests.tt_eager.python_api_testing.unit_testing.misc.test_update_cache.TestUpdateCacheFP32" name="test_update_cache_decode_fp32[16-cache_dtype0-1057-input_dtype0-False-1-8-2048-64]" time="0.046"><properties><property name="start_timestamp" value="2024-09-30T17:10:49" /><property name="end_timestamp" value="2024-09-30T17:10:49" /></properties></testcase><testcase classname="tests.tt_eager.python_api_testing.unit_testing.misc.test_update_cache.TestUpdateCacheFP32" name="test_update_cache_decode_fp32[16-cache_dtype0-1057-input_dtype0-False-1-16-2048-64]" time="0.072"><properties><property name="start_timestamp" value="2024-09-30T17:10:49" /><property name="end_timestamp" value="2024-09-30T17:10:49" /></properties></testcase><testcase classname="tests.tt_eager.python_api_testing.unit_testing.misc.test_update_cache.TestUpdateCacheFP32" name="test_update_cache_decode_fp32[16-cache_dtype0-1057-input_dtype0-False-1-32-2048-64]" time="0.009"><properties><property name="start_timestamp" value="2024-09-30T17:10:49" /><property name="end_timestamp" value="2024-09-30T17:10:49" /></properties><skipped type="pytest.skip" message="Batch offset is only used when num_users &lt; 32 and batch_offset + num_users &lt;= 32">/home/ubuntu/actions-runner/_work/tt-metal/tt-metal/tests/tt_eager/python_api_testing/unit_testing/misc/test_update_cache.py:228: Batch offset is only used when num_users &lt; 32 and batch_offset + num_users &lt;= 32</skipped></testcase><testcase classname="tests.tt_eager.python_api_testing.unit_testing.misc.test_update_cache.TestUpdateCacheFP32" name="test_update_cache_decode_fp32[16-cache_dtype0-1057-input_dtype0-False-1-64-2048-64]" time="0.007"><properties><property name="start_timestamp" value="2024-09-30T17:10:49" /><property name="end_timestamp" value="2024-09-30T17:10:49" /></properties><skipped type="pytest.skip" message="Batch offset is only used when num_users &lt; 32 and batch_offset + num_users &lt;= 32">/home/ubuntu/actions-runner/_work/tt-metal/tt-metal/tests/tt_eager/python_api_testing/unit_testing/misc/test_update_cache.py:228: Batch offset is only used when num_users &lt; 32 and batch_offset + num_users &lt;= 32</skipped></testcase><testcase classname="tests.tt_eager.python_api_testing.unit_testing.misc.test_update_cache.TestUpdateCacheFP32" name="test_update_cache_decode_fp32[16-cache_dtype0-1057-input_dtype0-False-2-8-2048-64]" time="0.068"><properties><property name="start_timestamp" value="2024-09-30T17:10:49" /><property name="end_timestamp" value="2024-09-30T17:10:49" /></properties></testcase><testcase classname="tests.tt_eager.python_api_testing.unit_testing.misc.test_update_cache.TestUpdateCacheFP32" name="test_update_cache_decode_fp32[16-cache_dtype0-1057-input_dtype0-False-2-16-2048-64]" time="0.114"><properties><property name="start_timestamp" value="2024-09-30T17:10:49" /><property name="end_timestamp" value="2024-09-30T17:10:49" /></properties></testcase><testcase classname="tests.tt_eager.python_api_testing.unit_testing.misc.test_update_cache.TestUpdateCacheFP32" name="test_update_cache_decode_fp32[16-cache_dtype0-1057-input_dtype0-False-2-32-2048-64]" time="0.007"><properties><property name="start_timestamp" value="2024-09-30T17:10:49" /><property name="end_timestamp" value="2024-09-30T17:10:49" /></properties><skipped type="pytest.skip" message="Batch offset is only used when num_users &lt; 32 and batch_offset + num_users &lt;= 32">/home/ubuntu/actions-runner/_work/tt-metal/tt-metal/tests/tt_eager/python_api_testing/unit_testing/misc/test_update_cache.py:228: Batch offset is only used when num_users &lt; 32 and batch_offset + num_users &lt;= 32</skipped></testcase><testcase classname="tests.tt_eager.python_api_testing.unit_testing.misc.test_update_cache.TestUpdateCacheFP32" name="test_update_cache_decode_fp32[16-cache_dtype0-1057-input_dtype0-False-2-64-2048-64]" time="0.007"><properties><property name="start_timestamp" value="2024-09-30T17:10:49" /><property name="end_timestamp" value="2024-09-30T17:10:49" /></properties><skipped type="pytest.skip" message="Batch offset is only used when num_users &lt; 32 and batch_offset + num_users &lt;= 32">/home/ubuntu/actions-runner/_work/tt-metal/tt-metal/tests/tt_eager/python_api_testing/unit_testing/misc/test_update_cache.py:228: Batch offset is only used when num_users &lt; 32 and batch_offset + num_users &lt;= 32</skipped></testcase></testsuite></testsuites>